# gmm-acc-stats-ali /root/data/mys/data/exp/mono/3.mdl "ark,s,cs:apply-cmvn  --utt2spk=ark:/root/data/mys/data/kaldi_file/split1/1/utt2spk scp:/root/data/mys/data/kaldi_file/split1/1/cmvn.scp scp:/root/data/mys/data/kaldi_file/split1/1/feats.scp ark:- | add-deltas  ark:- ark:- |" "ark:gunzip -c /root/data/mys/data/exp/mono/ali.1.gz|" /root/data/mys/data/exp/mono/3.1.acc 
# Started at Fri Feb 25 15:23:51 CST 2022
#
gmm-acc-stats-ali /root/data/mys/data/exp/mono/3.mdl 'ark,s,cs:apply-cmvn  --utt2spk=ark:/root/data/mys/data/kaldi_file/split1/1/utt2spk scp:/root/data/mys/data/kaldi_file/split1/1/cmvn.scp scp:/root/data/mys/data/kaldi_file/split1/1/feats.scp ark:- | add-deltas  ark:- ark:- |' 'ark:gunzip -c /root/data/mys/data/exp/mono/ali.1.gz|' /root/data/mys/data/exp/mono/3.1.acc 
apply-cmvn --utt2spk=ark:/root/data/mys/data/kaldi_file/split1/1/utt2spk scp:/root/data/mys/data/kaldi_file/split1/1/cmvn.scp scp:/root/data/mys/data/kaldi_file/split1/1/feats.scp ark:- 
add-deltas ark:- ark:- 
LOG (gmm-acc-stats-ali[5.5.1008~1-0be61]:main():gmm-acc-stats-ali.cc:105) Processed 50 utterances; for utterance BAC009S0150W0050 avg. like is -94.8302 over 436 frames.
LOG (gmm-acc-stats-ali[5.5.1008~1-0be61]:main():gmm-acc-stats-ali.cc:105) Processed 100 utterances; for utterance BAC009S0150W0100 avg. like is -91.8888 over 441 frames.
LOG (gmm-acc-stats-ali[5.5.1008~1-0be61]:main():gmm-acc-stats-ali.cc:105) Processed 150 utterances; for utterance BAC009S0150W0150 avg. like is -93.6152 over 407 frames.
LOG (gmm-acc-stats-ali[5.5.1008~1-0be61]:main():gmm-acc-stats-ali.cc:105) Processed 200 utterances; for utterance BAC009S0150W0200 avg. like is -95.019 over 753 frames.
LOG (gmm-acc-stats-ali[5.5.1008~1-0be61]:main():gmm-acc-stats-ali.cc:105) Processed 250 utterances; for utterance BAC009S0150W0250 avg. like is -93.0911 over 386 frames.
LOG (gmm-acc-stats-ali[5.5.1008~1-0be61]:main():gmm-acc-stats-ali.cc:105) Processed 300 utterances; for utterance BAC009S0150W0300 avg. like is -94.506 over 863 frames.
LOG (gmm-acc-stats-ali[5.5.1008~1-0be61]:main():gmm-acc-stats-ali.cc:105) Processed 350 utterances; for utterance BAC009S0150W0350 avg. like is -94.8995 over 709 frames.
LOG (gmm-acc-stats-ali[5.5.1008~1-0be61]:main():gmm-acc-stats-ali.cc:105) Processed 400 utterances; for utterance BAC009S0150W0400 avg. like is -94.3137 over 714 frames.
LOG (gmm-acc-stats-ali[5.5.1008~1-0be61]:main():gmm-acc-stats-ali.cc:105) Processed 450 utterances; for utterance BAC009S0150W0450 avg. like is -97.5851 over 644 frames.
LOG (gmm-acc-stats-ali[5.5.1008~1-0be61]:main():gmm-acc-stats-ali.cc:105) Processed 500 utterances; for utterance BAC009S0150W0500 avg. like is -90.8783 over 242 frames.
LOG (gmm-acc-stats-ali[5.5.1008~1-0be61]:main():gmm-acc-stats-ali.cc:105) Processed 550 utterances; for utterance BAC009S0252W0050 avg. like is -98.2976 over 307 frames.
LOG (gmm-acc-stats-ali[5.5.1008~1-0be61]:main():gmm-acc-stats-ali.cc:105) Processed 600 utterances; for utterance BAC009S0252W0100 avg. like is -95.1665 over 368 frames.
LOG (gmm-acc-stats-ali[5.5.1008~1-0be61]:main():gmm-acc-stats-ali.cc:105) Processed 650 utterances; for utterance BAC009S0252W0150 avg. like is -97.7082 over 555 frames.
LOG (gmm-acc-stats-ali[5.5.1008~1-0be61]:main():gmm-acc-stats-ali.cc:105) Processed 700 utterances; for utterance BAC009S0252W0200 avg. like is -95.6844 over 640 frames.
LOG (gmm-acc-stats-ali[5.5.1008~1-0be61]:main():gmm-acc-stats-ali.cc:105) Processed 750 utterances; for utterance BAC009S0252W0250 avg. like is -97.7776 over 447 frames.
LOG (gmm-acc-stats-ali[5.5.1008~1-0be61]:main():gmm-acc-stats-ali.cc:105) Processed 800 utterances; for utterance BAC009S0252W0300 avg. like is -96.7845 over 534 frames.
LOG (gmm-acc-stats-ali[5.5.1008~1-0be61]:main():gmm-acc-stats-ali.cc:105) Processed 850 utterances; for utterance BAC009S0252W0350 avg. like is -98.9722 over 426 frames.
LOG (gmm-acc-stats-ali[5.5.1008~1-0be61]:main():gmm-acc-stats-ali.cc:105) Processed 900 utterances; for utterance BAC009S0252W0400 avg. like is -97.2859 over 517 frames.
LOG (gmm-acc-stats-ali[5.5.1008~1-0be61]:main():gmm-acc-stats-ali.cc:105) Processed 950 utterances; for utterance BAC009S0252W0450 avg. like is -93.7147 over 414 frames.
LOG (apply-cmvn[5.5.1008~1-0be61]:main():apply-cmvn.cc:162) Applied cepstral mean normalization to 1000 utterances, errors on 0
LOG (gmm-acc-stats-ali[5.5.1008~1-0be61]:main():gmm-acc-stats-ali.cc:105) Processed 1000 utterances; for utterance BAC009S0252W0500 avg. like is -92.2558 over 179 frames.
LOG (gmm-acc-stats-ali[5.5.1008~1-0be61]:main():gmm-acc-stats-ali.cc:112) Done 1000 files, 0 with errors.
LOG (gmm-acc-stats-ali[5.5.1008~1-0be61]:main():gmm-acc-stats-ali.cc:115) Overall avg like per frame (Gaussian only) = -94.8516 over 434641 frames.
LOG (gmm-acc-stats-ali[5.5.1008~1-0be61]:main():gmm-acc-stats-ali.cc:123) Written accs.
# Accounting: time=2 threads=1
# Ended (code 0) at Fri Feb 25 15:23:53 CST 2022, elapsed time 2 seconds
