# gmm-align-compiled --transition-scale=1.0 --acoustic-scale=0.1 --self-loop-scale=0.1 --beam=10 --retry-beam=40 --careful=false "gmm-boost-silence --boost=1.0 1 /root/data/mys/data/exp/mono/38.mdl - |" "ark:gunzip -c /root/data/mys/data/exp/mono/fsts.1.gz|" "ark,s,cs:apply-cmvn  --utt2spk=ark:/root/data/mys/data/kaldi_file/split1/1/utt2spk scp:/root/data/mys/data/kaldi_file/split1/1/cmvn.scp scp:/root/data/mys/data/kaldi_file/split1/1/feats.scp ark:- | add-deltas  ark:- ark:- |" "ark,t:|gzip -c >/root/data/mys/data/exp/mono/ali.1.gz" 
# Started at Fri Feb 25 15:26:54 CST 2022
#
gmm-align-compiled --transition-scale=1.0 --acoustic-scale=0.1 --self-loop-scale=0.1 --beam=10 --retry-beam=40 --careful=false 'gmm-boost-silence --boost=1.0 1 /root/data/mys/data/exp/mono/38.mdl - |' 'ark:gunzip -c /root/data/mys/data/exp/mono/fsts.1.gz|' 'ark,s,cs:apply-cmvn  --utt2spk=ark:/root/data/mys/data/kaldi_file/split1/1/utt2spk scp:/root/data/mys/data/kaldi_file/split1/1/cmvn.scp scp:/root/data/mys/data/kaldi_file/split1/1/feats.scp ark:- | add-deltas  ark:- ark:- |' 'ark,t:|gzip -c >/root/data/mys/data/exp/mono/ali.1.gz' 
gmm-boost-silence --boost=1.0 1 /root/data/mys/data/exp/mono/38.mdl - 
WARNING (gmm-boost-silence[5.5.1008~1-0be61]:main():gmm-boost-silence.cc:82) The pdfs for the silence phones may be shared by other phones (note: this probably does not matter.)
LOG (gmm-boost-silence[5.5.1008~1-0be61]:main():gmm-boost-silence.cc:93) Boosted weights for 5 pdfs, by factor of 1
LOG (gmm-boost-silence[5.5.1008~1-0be61]:main():gmm-boost-silence.cc:103) Wrote model to -
apply-cmvn --utt2spk=ark:/root/data/mys/data/kaldi_file/split1/1/utt2spk scp:/root/data/mys/data/kaldi_file/split1/1/cmvn.scp scp:/root/data/mys/data/kaldi_file/split1/1/feats.scp ark:- 
add-deltas ark:- ark:- 
LOG (gmm-align-compiled[5.5.1008~1-0be61]:main():gmm-align-compiled.cc:127) BAC009S0150W0001
LOG (gmm-align-compiled[5.5.1008~1-0be61]:main():gmm-align-compiled.cc:127) BAC009S0150W0002
LOG (gmm-align-compiled[5.5.1008~1-0be61]:main():gmm-align-compiled.cc:127) BAC009S0150W0003
LOG (gmm-align-compiled[5.5.1008~1-0be61]:main():gmm-align-compiled.cc:127) BAC009S0150W0004
LOG (gmm-align-compiled[5.5.1008~1-0be61]:main():gmm-align-compiled.cc:127) BAC009S0150W0005
LOG (gmm-align-compiled[5.5.1008~1-0be61]:main():gmm-align-compiled.cc:127) BAC009S0150W0006
LOG (gmm-align-compiled[5.5.1008~1-0be61]:main():gmm-align-compiled.cc:127) BAC009S0150W0007
LOG (gmm-align-compiled[5.5.1008~1-0be61]:main():gmm-align-compiled.cc:127) BAC009S0150W0008
LOG (gmm-align-compiled[5.5.1008~1-0be61]:main():gmm-align-compiled.cc:127) BAC009S0150W0009
LOG (gmm-align-compiled[5.5.1008~1-0be61]:main():gmm-align-compiled.cc:127) BAC009S0150W0010
LOG (gmm-align-compiled[5.5.1008~1-0be61]:main():gmm-align-compiled.cc:127) BAC009S0150W0011
LOG (gmm-align-compiled[5.5.1008~1-0be61]:main():gmm-align-compiled.cc:127) BAC009S0150W0012
LOG (gmm-align-compiled[5.5.1008~1-0be61]:main():gmm-align-compiled.cc:127) BAC009S0150W0013
LOG (gmm-align-compiled[5.5.1008~1-0be61]:main():gmm-align-compiled.cc:127) BAC009S0150W0014
LOG (gmm-align-compiled[5.5.1008~1-0be61]:main():gmm-align-compiled.cc:127) BAC009S0150W0015
LOG (gmm-align-compiled[5.5.1008~1-0be61]:main():gmm-align-compiled.cc:127) BAC009S0150W0016
LOG (gmm-align-compiled[5.5.1008~1-0be61]:main():gmm-align-compiled.cc:127) BAC009S0150W0017
LOG (gmm-align-compiled[5.5.1008~1-0be61]:main():gmm-align-compiled.cc:127) BAC009S0150W0018
LOG (gmm-align-compiled[5.5.1008~1-0be61]:main():gmm-align-compiled.cc:127) BAC009S0150W0019
LOG (gmm-align-compiled[5.5.1008~1-0be61]:main():gmm-align-compiled.cc:127) BAC009S0150W0020
LOG (gmm-align-compiled[5.5.1008~1-0be61]:main():gmm-align-compiled.cc:127) BAC009S0150W0021
LOG (gmm-align-compiled[5.5.1008~1-0be61]:main():gmm-align-compiled.cc:127) BAC009S0150W0022
LOG (gmm-align-compiled[5.5.1008~1-0be61]:main():gmm-align-compiled.cc:127) BAC009S0150W0023
LOG (gmm-align-compiled[5.5.1008~1-0be61]:main():gmm-align-compiled.cc:127) BAC009S0150W0024
LOG (gmm-align-compiled[5.5.1008~1-0be61]:main():gmm-align-compiled.cc:127) BAC009S0150W0025
LOG (gmm-align-compiled[5.5.1008~1-0be61]:main():gmm-align-compiled.cc:127) BAC009S0150W0026
LOG (gmm-align-compiled[5.5.1008~1-0be61]:main():gmm-align-compiled.cc:127) BAC009S0150W0027
LOG (gmm-align-compiled[5.5.1008~1-0be61]:main():gmm-align-compiled.cc:127) BAC009S0150W0028
LOG (gmm-align-compiled[5.5.1008~1-0be61]:main():gmm-align-compiled.cc:127) BAC009S0150W0029
LOG (gmm-align-compiled[5.5.1008~1-0be61]:main():gmm-align-compiled.cc:127) BAC009S0150W0030
LOG (gmm-align-compiled[5.5.1008~1-0be61]:main():gmm-align-compiled.cc:127) BAC009S0150W0031
LOG (gmm-align-compiled[5.5.1008~1-0be61]:main():gmm-align-compiled.cc:127) BAC009S0150W0032
LOG (gmm-align-compiled[5.5.1008~1-0be61]:main():gmm-align-compiled.cc:127) BAC009S0150W0033
LOG (gmm-align-compiled[5.5.1008~1-0be61]:main():gmm-align-compiled.cc:127) BAC009S0150W0034
LOG (gmm-align-compiled[5.5.1008~1-0be61]:main():gmm-align-compiled.cc:127) BAC009S0150W0035
LOG (gmm-align-compiled[5.5.1008~1-0be61]:main():gmm-align-compiled.cc:127) BAC009S0150W0036
LOG (gmm-align-compiled[5.5.1008~1-0be61]:main():gmm-align-compiled.cc:127) BAC009S0150W0037
LOG (gmm-align-compiled[5.5.1008~1-0be61]:main():gmm-align-compiled.cc:127) BAC009S0150W0038
LOG (gmm-align-compiled[5.5.1008~1-0be61]:main():gmm-align-compiled.cc:127) BAC009S0150W0039
LOG (gmm-align-compiled[5.5.1008~1-0be61]:main():gmm-align-compiled.cc:127) BAC009S0150W0040
LOG (gmm-align-compiled[5.5.1008~1-0be61]:main():gmm-align-compiled.cc:127) BAC009S0150W0041
LOG (gmm-align-compiled[5.5.1008~1-0be61]:main():gmm-align-compiled.cc:127) BAC009S0150W0042
LOG (gmm-align-compiled[5.5.1008~1-0be61]:main():gmm-align-compiled.cc:127) BAC009S0150W0043
LOG (gmm-align-compiled[5.5.1008~1-0be61]:main():gmm-align-compiled.cc:127) BAC009S0150W0044
LOG (gmm-align-compiled[5.5.1008~1-0be61]:main():gmm-align-compiled.cc:127) BAC009S0150W0045
LOG (gmm-align-compiled[5.5.1008~1-0be61]:main():gmm-align-compiled.cc:127) BAC009S0150W0046
LOG (gmm-align-compiled[5.5.1008~1-0be61]:main():gmm-align-compiled.cc:127) BAC009S0150W0047
LOG (gmm-align-compiled[5.5.1008~1-0be61]:main():gmm-align-compiled.cc:127) BAC009S0150W0048
LOG (gmm-align-compiled[5.5.1008~1-0be61]:main():gmm-align-compiled.cc:127) BAC009S0150W0049
LOG (gmm-align-compiled[5.5.1008~1-0be61]:main():gmm-align-compiled.cc:127) BAC009S0150W0050
LOG (gmm-align-compiled[5.5.1008~1-0be61]:main():gmm-align-compiled.cc:127) BAC009S0150W0051
LOG (gmm-align-compiled[5.5.1008~1-0be61]:main():gmm-align-compiled.cc:127) BAC009S0150W0052
LOG (gmm-align-compiled[5.5.1008~1-0be61]:main():gmm-align-compiled.cc:127) BAC009S0150W0053
LOG (gmm-align-compiled[5.5.1008~1-0be61]:main():gmm-align-compiled.cc:127) BAC009S0150W0054
LOG (gmm-align-compiled[5.5.1008~1-0be61]:main():gmm-align-compiled.cc:127) BAC009S0150W0055
LOG (gmm-align-compiled[5.5.1008~1-0be61]:main():gmm-align-compiled.cc:127) BAC009S0150W0056
LOG (gmm-align-compiled[5.5.1008~1-0be61]:main():gmm-align-compiled.cc:127) BAC009S0150W0057
LOG (gmm-align-compiled[5.5.1008~1-0be61]:main():gmm-align-compiled.cc:127) BAC009S0150W0058
LOG (gmm-align-compiled[5.5.1008~1-0be61]:main():gmm-align-compiled.cc:127) BAC009S0150W0059
LOG (gmm-align-compiled[5.5.1008~1-0be61]:main():gmm-align-compiled.cc:127) BAC009S0150W0060
LOG (gmm-align-compiled[5.5.1008~1-0be61]:main():gmm-align-compiled.cc:127) BAC009S0150W0061
LOG (gmm-align-compiled[5.5.1008~1-0be61]:main():gmm-align-compiled.cc:127) BAC009S0150W0062
LOG (gmm-align-compiled[5.5.1008~1-0be61]:main():gmm-align-compiled.cc:127) BAC009S0150W0063
LOG (gmm-align-compiled[5.5.1008~1-0be61]:main():gmm-align-compiled.cc:127) BAC009S0150W0064
LOG (gmm-align-compiled[5.5.1008~1-0be61]:main():gmm-align-compiled.cc:127) BAC009S0150W0065
LOG (gmm-align-compiled[5.5.1008~1-0be61]:main():gmm-align-compiled.cc:127) BAC009S0150W0066
LOG (gmm-align-compiled[5.5.1008~1-0be61]:main():gmm-align-compiled.cc:127) BAC009S0150W0067
LOG (gmm-align-compiled[5.5.1008~1-0be61]:main():gmm-align-compiled.cc:127) BAC009S0150W0068
LOG (gmm-align-compiled[5.5.1008~1-0be61]:main():gmm-align-compiled.cc:127) BAC009S0150W0069
LOG (gmm-align-compiled[5.5.1008~1-0be61]:main():gmm-align-compiled.cc:127) BAC009S0150W0070
LOG (gmm-align-compiled[5.5.1008~1-0be61]:main():gmm-align-compiled.cc:127) BAC009S0150W0071
LOG (gmm-align-compiled[5.5.1008~1-0be61]:main():gmm-align-compiled.cc:127) BAC009S0150W0072
LOG (gmm-align-compiled[5.5.1008~1-0be61]:main():gmm-align-compiled.cc:127) BAC009S0150W0073
LOG (gmm-align-compiled[5.5.1008~1-0be61]:main():gmm-align-compiled.cc:127) BAC009S0150W0074
LOG (gmm-align-compiled[5.5.1008~1-0be61]:main():gmm-align-compiled.cc:127) BAC009S0150W0075
LOG (gmm-align-compiled[5.5.1008~1-0be61]:main():gmm-align-compiled.cc:127) BAC009S0150W0076
LOG (gmm-align-compiled[5.5.1008~1-0be61]:main():gmm-align-compiled.cc:127) BAC009S0150W0077
LOG (gmm-align-compiled[5.5.1008~1-0be61]:main():gmm-align-compiled.cc:127) BAC009S0150W0078
LOG (gmm-align-compiled[5.5.1008~1-0be61]:main():gmm-align-compiled.cc:127) BAC009S0150W0079
LOG (gmm-align-compiled[5.5.1008~1-0be61]:main():gmm-align-compiled.cc:127) BAC009S0150W0080
LOG (gmm-align-compiled[5.5.1008~1-0be61]:main():gmm-align-compiled.cc:127) BAC009S0150W0081
LOG (gmm-align-compiled[5.5.1008~1-0be61]:main():gmm-align-compiled.cc:127) BAC009S0150W0082
LOG (gmm-align-compiled[5.5.1008~1-0be61]:main():gmm-align-compiled.cc:127) BAC009S0150W0083
LOG (gmm-align-compiled[5.5.1008~1-0be61]:main():gmm-align-compiled.cc:127) BAC009S0150W0084
LOG (gmm-align-compiled[5.5.1008~1-0be61]:main():gmm-align-compiled.cc:127) BAC009S0150W0085
LOG (gmm-align-compiled[5.5.1008~1-0be61]:main():gmm-align-compiled.cc:127) BAC009S0150W0086
LOG (gmm-align-compiled[5.5.1008~1-0be61]:main():gmm-align-compiled.cc:127) BAC009S0150W0087
LOG (gmm-align-compiled[5.5.1008~1-0be61]:main():gmm-align-compiled.cc:127) BAC009S0150W0088
LOG (gmm-align-compiled[5.5.1008~1-0be61]:main():gmm-align-compiled.cc:127) BAC009S0150W0089
LOG (gmm-align-compiled[5.5.1008~1-0be61]:main():gmm-align-compiled.cc:127) BAC009S0150W0090
LOG (gmm-align-compiled[5.5.1008~1-0be61]:main():gmm-align-compiled.cc:127) BAC009S0150W0091
LOG (gmm-align-compiled[5.5.1008~1-0be61]:main():gmm-align-compiled.cc:127) BAC009S0150W0092
LOG (gmm-align-compiled[5.5.1008~1-0be61]:main():gmm-align-compiled.cc:127) BAC009S0150W0093
LOG (gmm-align-compiled[5.5.1008~1-0be61]:main():gmm-align-compiled.cc:127) BAC009S0150W0094
LOG (gmm-align-compiled[5.5.1008~1-0be61]:main():gmm-align-compiled.cc:127) BAC009S0150W0095
LOG (gmm-align-compiled[5.5.1008~1-0be61]:main():gmm-align-compiled.cc:127) BAC009S0150W0096
LOG (gmm-align-compiled[5.5.1008~1-0be61]:main():gmm-align-compiled.cc:127) BAC009S0150W0097
LOG (gmm-align-compiled[5.5.1008~1-0be61]:main():gmm-align-compiled.cc:127) BAC009S0150W0098
LOG (gmm-align-compiled[5.5.1008~1-0be61]:main():gmm-align-compiled.cc:127) BAC009S0150W0099
LOG (gmm-align-compiled[5.5.1008~1-0be61]:main():gmm-align-compiled.cc:127) BAC009S0150W0100
LOG (gmm-align-compiled[5.5.1008~1-0be61]:main():gmm-align-compiled.cc:127) BAC009S0150W0101
LOG (gmm-align-compiled[5.5.1008~1-0be61]:main():gmm-align-compiled.cc:127) BAC009S0150W0102
LOG (gmm-align-compiled[5.5.1008~1-0be61]:main():gmm-align-compiled.cc:127) BAC009S0150W0103
LOG (gmm-align-compiled[5.5.1008~1-0be61]:main():gmm-align-compiled.cc:127) BAC009S0150W0104
LOG (gmm-align-compiled[5.5.1008~1-0be61]:main():gmm-align-compiled.cc:127) BAC009S0150W0105
LOG (gmm-align-compiled[5.5.1008~1-0be61]:main():gmm-align-compiled.cc:127) BAC009S0150W0106
LOG (gmm-align-compiled[5.5.1008~1-0be61]:main():gmm-align-compiled.cc:127) BAC009S0150W0107
LOG (gmm-align-compiled[5.5.1008~1-0be61]:main():gmm-align-compiled.cc:127) BAC009S0150W0108
LOG (gmm-align-compiled[5.5.1008~1-0be61]:main():gmm-align-compiled.cc:127) BAC009S0150W0109
LOG (gmm-align-compiled[5.5.1008~1-0be61]:main():gmm-align-compiled.cc:127) BAC009S0150W0110
LOG (gmm-align-compiled[5.5.1008~1-0be61]:main():gmm-align-compiled.cc:127) BAC009S0150W0111
LOG (gmm-align-compiled[5.5.1008~1-0be61]:main():gmm-align-compiled.cc:127) BAC009S0150W0112
LOG (gmm-align-compiled[5.5.1008~1-0be61]:main():gmm-align-compiled.cc:127) BAC009S0150W0113
LOG (gmm-align-compiled[5.5.1008~1-0be61]:main():gmm-align-compiled.cc:127) BAC009S0150W0114
LOG (gmm-align-compiled[5.5.1008~1-0be61]:main():gmm-align-compiled.cc:127) BAC009S0150W0115
LOG (gmm-align-compiled[5.5.1008~1-0be61]:main():gmm-align-compiled.cc:127) BAC009S0150W0116
LOG (gmm-align-compiled[5.5.1008~1-0be61]:main():gmm-align-compiled.cc:127) BAC009S0150W0117
LOG (gmm-align-compiled[5.5.1008~1-0be61]:main():gmm-align-compiled.cc:127) BAC009S0150W0118
LOG (gmm-align-compiled[5.5.1008~1-0be61]:main():gmm-align-compiled.cc:127) BAC009S0150W0119
LOG (gmm-align-compiled[5.5.1008~1-0be61]:main():gmm-align-compiled.cc:127) BAC009S0150W0120
LOG (gmm-align-compiled[5.5.1008~1-0be61]:main():gmm-align-compiled.cc:127) BAC009S0150W0121
LOG (gmm-align-compiled[5.5.1008~1-0be61]:main():gmm-align-compiled.cc:127) BAC009S0150W0122
LOG (gmm-align-compiled[5.5.1008~1-0be61]:main():gmm-align-compiled.cc:127) BAC009S0150W0123
LOG (gmm-align-compiled[5.5.1008~1-0be61]:main():gmm-align-compiled.cc:127) BAC009S0150W0124
LOG (gmm-align-compiled[5.5.1008~1-0be61]:main():gmm-align-compiled.cc:127) BAC009S0150W0125
LOG (gmm-align-compiled[5.5.1008~1-0be61]:main():gmm-align-compiled.cc:127) BAC009S0150W0126
LOG (gmm-align-compiled[5.5.1008~1-0be61]:main():gmm-align-compiled.cc:127) BAC009S0150W0127
LOG (gmm-align-compiled[5.5.1008~1-0be61]:main():gmm-align-compiled.cc:127) BAC009S0150W0128
LOG (gmm-align-compiled[5.5.1008~1-0be61]:main():gmm-align-compiled.cc:127) BAC009S0150W0129
LOG (gmm-align-compiled[5.5.1008~1-0be61]:main():gmm-align-compiled.cc:127) BAC009S0150W0130
LOG (gmm-align-compiled[5.5.1008~1-0be61]:main():gmm-align-compiled.cc:127) BAC009S0150W0131
LOG (gmm-align-compiled[5.5.1008~1-0be61]:main():gmm-align-compiled.cc:127) BAC009S0150W0132
LOG (gmm-align-compiled[5.5.1008~1-0be61]:main():gmm-align-compiled.cc:127) BAC009S0150W0133
LOG (gmm-align-compiled[5.5.1008~1-0be61]:main():gmm-align-compiled.cc:127) BAC009S0150W0134
LOG (gmm-align-compiled[5.5.1008~1-0be61]:main():gmm-align-compiled.cc:127) BAC009S0150W0135
LOG (gmm-align-compiled[5.5.1008~1-0be61]:main():gmm-align-compiled.cc:127) BAC009S0150W0136
LOG (gmm-align-compiled[5.5.1008~1-0be61]:main():gmm-align-compiled.cc:127) BAC009S0150W0137
LOG (gmm-align-compiled[5.5.1008~1-0be61]:main():gmm-align-compiled.cc:127) BAC009S0150W0138
LOG (gmm-align-compiled[5.5.1008~1-0be61]:main():gmm-align-compiled.cc:127) BAC009S0150W0139
LOG (gmm-align-compiled[5.5.1008~1-0be61]:main():gmm-align-compiled.cc:127) BAC009S0150W0140
LOG (gmm-align-compiled[5.5.1008~1-0be61]:main():gmm-align-compiled.cc:127) BAC009S0150W0141
LOG (gmm-align-compiled[5.5.1008~1-0be61]:main():gmm-align-compiled.cc:127) BAC009S0150W0142
LOG (gmm-align-compiled[5.5.1008~1-0be61]:main():gmm-align-compiled.cc:127) BAC009S0150W0143
LOG (gmm-align-compiled[5.5.1008~1-0be61]:main():gmm-align-compiled.cc:127) BAC009S0150W0144
LOG (gmm-align-compiled[5.5.1008~1-0be61]:main():gmm-align-compiled.cc:127) BAC009S0150W0145
LOG (gmm-align-compiled[5.5.1008~1-0be61]:main():gmm-align-compiled.cc:127) BAC009S0150W0146
LOG (gmm-align-compiled[5.5.1008~1-0be61]:main():gmm-align-compiled.cc:127) BAC009S0150W0147
LOG (gmm-align-compiled[5.5.1008~1-0be61]:main():gmm-align-compiled.cc:127) BAC009S0150W0148
LOG (gmm-align-compiled[5.5.1008~1-0be61]:main():gmm-align-compiled.cc:127) BAC009S0150W0149
LOG (gmm-align-compiled[5.5.1008~1-0be61]:main():gmm-align-compiled.cc:127) BAC009S0150W0150
LOG (gmm-align-compiled[5.5.1008~1-0be61]:main():gmm-align-compiled.cc:127) BAC009S0150W0151
LOG (gmm-align-compiled[5.5.1008~1-0be61]:main():gmm-align-compiled.cc:127) BAC009S0150W0152
LOG (gmm-align-compiled[5.5.1008~1-0be61]:main():gmm-align-compiled.cc:127) BAC009S0150W0153
LOG (gmm-align-compiled[5.5.1008~1-0be61]:main():gmm-align-compiled.cc:127) BAC009S0150W0154
LOG (gmm-align-compiled[5.5.1008~1-0be61]:main():gmm-align-compiled.cc:127) BAC009S0150W0155
LOG (gmm-align-compiled[5.5.1008~1-0be61]:main():gmm-align-compiled.cc:127) BAC009S0150W0156
LOG (gmm-align-compiled[5.5.1008~1-0be61]:main():gmm-align-compiled.cc:127) BAC009S0150W0157
LOG (gmm-align-compiled[5.5.1008~1-0be61]:main():gmm-align-compiled.cc:127) BAC009S0150W0158
LOG (gmm-align-compiled[5.5.1008~1-0be61]:main():gmm-align-compiled.cc:127) BAC009S0150W0159
LOG (gmm-align-compiled[5.5.1008~1-0be61]:main():gmm-align-compiled.cc:127) BAC009S0150W0160
LOG (gmm-align-compiled[5.5.1008~1-0be61]:main():gmm-align-compiled.cc:127) BAC009S0150W0161
LOG (gmm-align-compiled[5.5.1008~1-0be61]:main():gmm-align-compiled.cc:127) BAC009S0150W0162
LOG (gmm-align-compiled[5.5.1008~1-0be61]:main():gmm-align-compiled.cc:127) BAC009S0150W0163
LOG (gmm-align-compiled[5.5.1008~1-0be61]:main():gmm-align-compiled.cc:127) BAC009S0150W0164
LOG (gmm-align-compiled[5.5.1008~1-0be61]:main():gmm-align-compiled.cc:127) BAC009S0150W0165
LOG (gmm-align-compiled[5.5.1008~1-0be61]:main():gmm-align-compiled.cc:127) BAC009S0150W0166
LOG (gmm-align-compiled[5.5.1008~1-0be61]:main():gmm-align-compiled.cc:127) BAC009S0150W0167
LOG (gmm-align-compiled[5.5.1008~1-0be61]:main():gmm-align-compiled.cc:127) BAC009S0150W0168
LOG (gmm-align-compiled[5.5.1008~1-0be61]:main():gmm-align-compiled.cc:127) BAC009S0150W0169
LOG (gmm-align-compiled[5.5.1008~1-0be61]:main():gmm-align-compiled.cc:127) BAC009S0150W0170
LOG (gmm-align-compiled[5.5.1008~1-0be61]:main():gmm-align-compiled.cc:127) BAC009S0150W0171
LOG (gmm-align-compiled[5.5.1008~1-0be61]:main():gmm-align-compiled.cc:127) BAC009S0150W0172
LOG (gmm-align-compiled[5.5.1008~1-0be61]:main():gmm-align-compiled.cc:127) BAC009S0150W0173
LOG (gmm-align-compiled[5.5.1008~1-0be61]:main():gmm-align-compiled.cc:127) BAC009S0150W0174
LOG (gmm-align-compiled[5.5.1008~1-0be61]:main():gmm-align-compiled.cc:127) BAC009S0150W0175
LOG (gmm-align-compiled[5.5.1008~1-0be61]:main():gmm-align-compiled.cc:127) BAC009S0150W0176
LOG (gmm-align-compiled[5.5.1008~1-0be61]:main():gmm-align-compiled.cc:127) BAC009S0150W0177
LOG (gmm-align-compiled[5.5.1008~1-0be61]:main():gmm-align-compiled.cc:127) BAC009S0150W0178
LOG (gmm-align-compiled[5.5.1008~1-0be61]:main():gmm-align-compiled.cc:127) BAC009S0150W0179
LOG (gmm-align-compiled[5.5.1008~1-0be61]:main():gmm-align-compiled.cc:127) BAC009S0150W0180
LOG (gmm-align-compiled[5.5.1008~1-0be61]:main():gmm-align-compiled.cc:127) BAC009S0150W0181
LOG (gmm-align-compiled[5.5.1008~1-0be61]:main():gmm-align-compiled.cc:127) BAC009S0150W0182
LOG (gmm-align-compiled[5.5.1008~1-0be61]:main():gmm-align-compiled.cc:127) BAC009S0150W0183
LOG (gmm-align-compiled[5.5.1008~1-0be61]:main():gmm-align-compiled.cc:127) BAC009S0150W0184
LOG (gmm-align-compiled[5.5.1008~1-0be61]:main():gmm-align-compiled.cc:127) BAC009S0150W0185
LOG (gmm-align-compiled[5.5.1008~1-0be61]:main():gmm-align-compiled.cc:127) BAC009S0150W0186
LOG (gmm-align-compiled[5.5.1008~1-0be61]:main():gmm-align-compiled.cc:127) BAC009S0150W0187
LOG (gmm-align-compiled[5.5.1008~1-0be61]:main():gmm-align-compiled.cc:127) BAC009S0150W0188
LOG (gmm-align-compiled[5.5.1008~1-0be61]:main():gmm-align-compiled.cc:127) BAC009S0150W0189
LOG (gmm-align-compiled[5.5.1008~1-0be61]:main():gmm-align-compiled.cc:127) BAC009S0150W0190
LOG (gmm-align-compiled[5.5.1008~1-0be61]:main():gmm-align-compiled.cc:127) BAC009S0150W0191
LOG (gmm-align-compiled[5.5.1008~1-0be61]:main():gmm-align-compiled.cc:127) BAC009S0150W0192
LOG (gmm-align-compiled[5.5.1008~1-0be61]:main():gmm-align-compiled.cc:127) BAC009S0150W0193
LOG (gmm-align-compiled[5.5.1008~1-0be61]:main():gmm-align-compiled.cc:127) BAC009S0150W0194
LOG (gmm-align-compiled[5.5.1008~1-0be61]:main():gmm-align-compiled.cc:127) BAC009S0150W0195
LOG (gmm-align-compiled[5.5.1008~1-0be61]:main():gmm-align-compiled.cc:127) BAC009S0150W0196
LOG (gmm-align-compiled[5.5.1008~1-0be61]:main():gmm-align-compiled.cc:127) BAC009S0150W0197
LOG (gmm-align-compiled[5.5.1008~1-0be61]:main():gmm-align-compiled.cc:127) BAC009S0150W0198
LOG (gmm-align-compiled[5.5.1008~1-0be61]:main():gmm-align-compiled.cc:127) BAC009S0150W0199
LOG (gmm-align-compiled[5.5.1008~1-0be61]:main():gmm-align-compiled.cc:127) BAC009S0150W0200
LOG (gmm-align-compiled[5.5.1008~1-0be61]:main():gmm-align-compiled.cc:127) BAC009S0150W0201
LOG (gmm-align-compiled[5.5.1008~1-0be61]:main():gmm-align-compiled.cc:127) BAC009S0150W0202
LOG (gmm-align-compiled[5.5.1008~1-0be61]:main():gmm-align-compiled.cc:127) BAC009S0150W0203
LOG (gmm-align-compiled[5.5.1008~1-0be61]:main():gmm-align-compiled.cc:127) BAC009S0150W0204
LOG (gmm-align-compiled[5.5.1008~1-0be61]:main():gmm-align-compiled.cc:127) BAC009S0150W0205
LOG (gmm-align-compiled[5.5.1008~1-0be61]:main():gmm-align-compiled.cc:127) BAC009S0150W0206
LOG (gmm-align-compiled[5.5.1008~1-0be61]:main():gmm-align-compiled.cc:127) BAC009S0150W0207
LOG (gmm-align-compiled[5.5.1008~1-0be61]:main():gmm-align-compiled.cc:127) BAC009S0150W0208
LOG (gmm-align-compiled[5.5.1008~1-0be61]:main():gmm-align-compiled.cc:127) BAC009S0150W0209
LOG (gmm-align-compiled[5.5.1008~1-0be61]:main():gmm-align-compiled.cc:127) BAC009S0150W0210
LOG (gmm-align-compiled[5.5.1008~1-0be61]:main():gmm-align-compiled.cc:127) BAC009S0150W0211
LOG (gmm-align-compiled[5.5.1008~1-0be61]:main():gmm-align-compiled.cc:127) BAC009S0150W0212
LOG (gmm-align-compiled[5.5.1008~1-0be61]:main():gmm-align-compiled.cc:127) BAC009S0150W0213
LOG (gmm-align-compiled[5.5.1008~1-0be61]:main():gmm-align-compiled.cc:127) BAC009S0150W0214
LOG (gmm-align-compiled[5.5.1008~1-0be61]:main():gmm-align-compiled.cc:127) BAC009S0150W0215
LOG (gmm-align-compiled[5.5.1008~1-0be61]:main():gmm-align-compiled.cc:127) BAC009S0150W0216
LOG (gmm-align-compiled[5.5.1008~1-0be61]:main():gmm-align-compiled.cc:127) BAC009S0150W0217
LOG (gmm-align-compiled[5.5.1008~1-0be61]:main():gmm-align-compiled.cc:127) BAC009S0150W0218
LOG (gmm-align-compiled[5.5.1008~1-0be61]:main():gmm-align-compiled.cc:127) BAC009S0150W0219
LOG (gmm-align-compiled[5.5.1008~1-0be61]:main():gmm-align-compiled.cc:127) BAC009S0150W0220
LOG (gmm-align-compiled[5.5.1008~1-0be61]:main():gmm-align-compiled.cc:127) BAC009S0150W0221
LOG (gmm-align-compiled[5.5.1008~1-0be61]:main():gmm-align-compiled.cc:127) BAC009S0150W0222
LOG (gmm-align-compiled[5.5.1008~1-0be61]:main():gmm-align-compiled.cc:127) BAC009S0150W0223
LOG (gmm-align-compiled[5.5.1008~1-0be61]:main():gmm-align-compiled.cc:127) BAC009S0150W0224
LOG (gmm-align-compiled[5.5.1008~1-0be61]:main():gmm-align-compiled.cc:127) BAC009S0150W0225
LOG (gmm-align-compiled[5.5.1008~1-0be61]:main():gmm-align-compiled.cc:127) BAC009S0150W0226
LOG (gmm-align-compiled[5.5.1008~1-0be61]:main():gmm-align-compiled.cc:127) BAC009S0150W0227
LOG (gmm-align-compiled[5.5.1008~1-0be61]:main():gmm-align-compiled.cc:127) BAC009S0150W0228
LOG (gmm-align-compiled[5.5.1008~1-0be61]:main():gmm-align-compiled.cc:127) BAC009S0150W0229
LOG (gmm-align-compiled[5.5.1008~1-0be61]:main():gmm-align-compiled.cc:127) BAC009S0150W0230
LOG (gmm-align-compiled[5.5.1008~1-0be61]:main():gmm-align-compiled.cc:127) BAC009S0150W0231
LOG (gmm-align-compiled[5.5.1008~1-0be61]:main():gmm-align-compiled.cc:127) BAC009S0150W0232
LOG (gmm-align-compiled[5.5.1008~1-0be61]:main():gmm-align-compiled.cc:127) BAC009S0150W0233
LOG (gmm-align-compiled[5.5.1008~1-0be61]:main():gmm-align-compiled.cc:127) BAC009S0150W0234
LOG (gmm-align-compiled[5.5.1008~1-0be61]:main():gmm-align-compiled.cc:127) BAC009S0150W0235
LOG (gmm-align-compiled[5.5.1008~1-0be61]:main():gmm-align-compiled.cc:127) BAC009S0150W0236
LOG (gmm-align-compiled[5.5.1008~1-0be61]:main():gmm-align-compiled.cc:127) BAC009S0150W0237
LOG (gmm-align-compiled[5.5.1008~1-0be61]:main():gmm-align-compiled.cc:127) BAC009S0150W0238
LOG (gmm-align-compiled[5.5.1008~1-0be61]:main():gmm-align-compiled.cc:127) BAC009S0150W0239
LOG (gmm-align-compiled[5.5.1008~1-0be61]:main():gmm-align-compiled.cc:127) BAC009S0150W0240
LOG (gmm-align-compiled[5.5.1008~1-0be61]:main():gmm-align-compiled.cc:127) BAC009S0150W0241
LOG (gmm-align-compiled[5.5.1008~1-0be61]:main():gmm-align-compiled.cc:127) BAC009S0150W0242
LOG (gmm-align-compiled[5.5.1008~1-0be61]:main():gmm-align-compiled.cc:127) BAC009S0150W0243
LOG (gmm-align-compiled[5.5.1008~1-0be61]:main():gmm-align-compiled.cc:127) BAC009S0150W0244
LOG (gmm-align-compiled[5.5.1008~1-0be61]:main():gmm-align-compiled.cc:127) BAC009S0150W0245
LOG (gmm-align-compiled[5.5.1008~1-0be61]:main():gmm-align-compiled.cc:127) BAC009S0150W0246
LOG (gmm-align-compiled[5.5.1008~1-0be61]:main():gmm-align-compiled.cc:127) BAC009S0150W0247
LOG (gmm-align-compiled[5.5.1008~1-0be61]:main():gmm-align-compiled.cc:127) BAC009S0150W0248
LOG (gmm-align-compiled[5.5.1008~1-0be61]:main():gmm-align-compiled.cc:127) BAC009S0150W0249
LOG (gmm-align-compiled[5.5.1008~1-0be61]:main():gmm-align-compiled.cc:127) BAC009S0150W0250
LOG (gmm-align-compiled[5.5.1008~1-0be61]:main():gmm-align-compiled.cc:127) BAC009S0150W0251
LOG (gmm-align-compiled[5.5.1008~1-0be61]:main():gmm-align-compiled.cc:127) BAC009S0150W0252
LOG (gmm-align-compiled[5.5.1008~1-0be61]:main():gmm-align-compiled.cc:127) BAC009S0150W0253
LOG (gmm-align-compiled[5.5.1008~1-0be61]:main():gmm-align-compiled.cc:127) BAC009S0150W0254
LOG (gmm-align-compiled[5.5.1008~1-0be61]:main():gmm-align-compiled.cc:127) BAC009S0150W0255
LOG (gmm-align-compiled[5.5.1008~1-0be61]:main():gmm-align-compiled.cc:127) BAC009S0150W0256
WARNING (gmm-align-compiled[5.5.1008~1-0be61]:AlignUtteranceWrapper():decoder-wrappers.cc:617) Retrying utterance BAC009S0150W0256 with beam 40
LOG (gmm-align-compiled[5.5.1008~1-0be61]:main():gmm-align-compiled.cc:127) BAC009S0150W0257
LOG (gmm-align-compiled[5.5.1008~1-0be61]:main():gmm-align-compiled.cc:127) BAC009S0150W0258
WARNING (gmm-align-compiled[5.5.1008~1-0be61]:AlignUtteranceWrapper():decoder-wrappers.cc:617) Retrying utterance BAC009S0150W0258 with beam 40
LOG (gmm-align-compiled[5.5.1008~1-0be61]:main():gmm-align-compiled.cc:127) BAC009S0150W0259
WARNING (gmm-align-compiled[5.5.1008~1-0be61]:AlignUtteranceWrapper():decoder-wrappers.cc:617) Retrying utterance BAC009S0150W0259 with beam 40
LOG (gmm-align-compiled[5.5.1008~1-0be61]:main():gmm-align-compiled.cc:127) BAC009S0150W0260
LOG (gmm-align-compiled[5.5.1008~1-0be61]:main():gmm-align-compiled.cc:127) BAC009S0150W0261
LOG (gmm-align-compiled[5.5.1008~1-0be61]:main():gmm-align-compiled.cc:127) BAC009S0150W0262
LOG (gmm-align-compiled[5.5.1008~1-0be61]:main():gmm-align-compiled.cc:127) BAC009S0150W0263
LOG (gmm-align-compiled[5.5.1008~1-0be61]:main():gmm-align-compiled.cc:127) BAC009S0150W0264
LOG (gmm-align-compiled[5.5.1008~1-0be61]:main():gmm-align-compiled.cc:127) BAC009S0150W0265
LOG (gmm-align-compiled[5.5.1008~1-0be61]:main():gmm-align-compiled.cc:127) BAC009S0150W0266
LOG (gmm-align-compiled[5.5.1008~1-0be61]:main():gmm-align-compiled.cc:127) BAC009S0150W0267
LOG (gmm-align-compiled[5.5.1008~1-0be61]:main():gmm-align-compiled.cc:127) BAC009S0150W0268
LOG (gmm-align-compiled[5.5.1008~1-0be61]:main():gmm-align-compiled.cc:127) BAC009S0150W0269
LOG (gmm-align-compiled[5.5.1008~1-0be61]:main():gmm-align-compiled.cc:127) BAC009S0150W0270
LOG (gmm-align-compiled[5.5.1008~1-0be61]:main():gmm-align-compiled.cc:127) BAC009S0150W0271
LOG (gmm-align-compiled[5.5.1008~1-0be61]:main():gmm-align-compiled.cc:127) BAC009S0150W0272
LOG (gmm-align-compiled[5.5.1008~1-0be61]:main():gmm-align-compiled.cc:127) BAC009S0150W0273
LOG (gmm-align-compiled[5.5.1008~1-0be61]:main():gmm-align-compiled.cc:127) BAC009S0150W0274
LOG (gmm-align-compiled[5.5.1008~1-0be61]:main():gmm-align-compiled.cc:127) BAC009S0150W0275
LOG (gmm-align-compiled[5.5.1008~1-0be61]:main():gmm-align-compiled.cc:127) BAC009S0150W0276
LOG (gmm-align-compiled[5.5.1008~1-0be61]:main():gmm-align-compiled.cc:127) BAC009S0150W0277
LOG (gmm-align-compiled[5.5.1008~1-0be61]:main():gmm-align-compiled.cc:127) BAC009S0150W0278
LOG (gmm-align-compiled[5.5.1008~1-0be61]:main():gmm-align-compiled.cc:127) BAC009S0150W0279
LOG (gmm-align-compiled[5.5.1008~1-0be61]:main():gmm-align-compiled.cc:127) BAC009S0150W0280
LOG (gmm-align-compiled[5.5.1008~1-0be61]:main():gmm-align-compiled.cc:127) BAC009S0150W0281
LOG (gmm-align-compiled[5.5.1008~1-0be61]:main():gmm-align-compiled.cc:127) BAC009S0150W0282
LOG (gmm-align-compiled[5.5.1008~1-0be61]:main():gmm-align-compiled.cc:127) BAC009S0150W0283
LOG (gmm-align-compiled[5.5.1008~1-0be61]:main():gmm-align-compiled.cc:127) BAC009S0150W0284
LOG (gmm-align-compiled[5.5.1008~1-0be61]:main():gmm-align-compiled.cc:127) BAC009S0150W0285
LOG (gmm-align-compiled[5.5.1008~1-0be61]:main():gmm-align-compiled.cc:127) BAC009S0150W0286
LOG (gmm-align-compiled[5.5.1008~1-0be61]:main():gmm-align-compiled.cc:127) BAC009S0150W0287
LOG (gmm-align-compiled[5.5.1008~1-0be61]:main():gmm-align-compiled.cc:127) BAC009S0150W0288
LOG (gmm-align-compiled[5.5.1008~1-0be61]:main():gmm-align-compiled.cc:127) BAC009S0150W0289
WARNING (gmm-align-compiled[5.5.1008~1-0be61]:AlignUtteranceWrapper():decoder-wrappers.cc:617) Retrying utterance BAC009S0150W0289 with beam 40
LOG (gmm-align-compiled[5.5.1008~1-0be61]:main():gmm-align-compiled.cc:127) BAC009S0150W0290
LOG (gmm-align-compiled[5.5.1008~1-0be61]:main():gmm-align-compiled.cc:127) BAC009S0150W0291
LOG (gmm-align-compiled[5.5.1008~1-0be61]:main():gmm-align-compiled.cc:127) BAC009S0150W0292
LOG (gmm-align-compiled[5.5.1008~1-0be61]:main():gmm-align-compiled.cc:127) BAC009S0150W0293
LOG (gmm-align-compiled[5.5.1008~1-0be61]:main():gmm-align-compiled.cc:127) BAC009S0150W0294
LOG (gmm-align-compiled[5.5.1008~1-0be61]:main():gmm-align-compiled.cc:127) BAC009S0150W0295
LOG (gmm-align-compiled[5.5.1008~1-0be61]:main():gmm-align-compiled.cc:127) BAC009S0150W0296
LOG (gmm-align-compiled[5.5.1008~1-0be61]:main():gmm-align-compiled.cc:127) BAC009S0150W0297
LOG (gmm-align-compiled[5.5.1008~1-0be61]:main():gmm-align-compiled.cc:127) BAC009S0150W0298
LOG (gmm-align-compiled[5.5.1008~1-0be61]:main():gmm-align-compiled.cc:127) BAC009S0150W0299
LOG (gmm-align-compiled[5.5.1008~1-0be61]:main():gmm-align-compiled.cc:127) BAC009S0150W0300
LOG (gmm-align-compiled[5.5.1008~1-0be61]:main():gmm-align-compiled.cc:127) BAC009S0150W0301
LOG (gmm-align-compiled[5.5.1008~1-0be61]:main():gmm-align-compiled.cc:127) BAC009S0150W0302
LOG (gmm-align-compiled[5.5.1008~1-0be61]:main():gmm-align-compiled.cc:127) BAC009S0150W0303
LOG (gmm-align-compiled[5.5.1008~1-0be61]:main():gmm-align-compiled.cc:127) BAC009S0150W0304
LOG (gmm-align-compiled[5.5.1008~1-0be61]:main():gmm-align-compiled.cc:127) BAC009S0150W0305
LOG (gmm-align-compiled[5.5.1008~1-0be61]:main():gmm-align-compiled.cc:127) BAC009S0150W0306
LOG (gmm-align-compiled[5.5.1008~1-0be61]:main():gmm-align-compiled.cc:127) BAC009S0150W0307
LOG (gmm-align-compiled[5.5.1008~1-0be61]:main():gmm-align-compiled.cc:127) BAC009S0150W0308
LOG (gmm-align-compiled[5.5.1008~1-0be61]:main():gmm-align-compiled.cc:127) BAC009S0150W0309
LOG (gmm-align-compiled[5.5.1008~1-0be61]:main():gmm-align-compiled.cc:127) BAC009S0150W0310
LOG (gmm-align-compiled[5.5.1008~1-0be61]:main():gmm-align-compiled.cc:127) BAC009S0150W0311
LOG (gmm-align-compiled[5.5.1008~1-0be61]:main():gmm-align-compiled.cc:127) BAC009S0150W0312
LOG (gmm-align-compiled[5.5.1008~1-0be61]:main():gmm-align-compiled.cc:127) BAC009S0150W0313
LOG (gmm-align-compiled[5.5.1008~1-0be61]:main():gmm-align-compiled.cc:127) BAC009S0150W0314
LOG (gmm-align-compiled[5.5.1008~1-0be61]:main():gmm-align-compiled.cc:127) BAC009S0150W0315
LOG (gmm-align-compiled[5.5.1008~1-0be61]:main():gmm-align-compiled.cc:127) BAC009S0150W0316
LOG (gmm-align-compiled[5.5.1008~1-0be61]:main():gmm-align-compiled.cc:127) BAC009S0150W0317
LOG (gmm-align-compiled[5.5.1008~1-0be61]:main():gmm-align-compiled.cc:127) BAC009S0150W0318
LOG (gmm-align-compiled[5.5.1008~1-0be61]:main():gmm-align-compiled.cc:127) BAC009S0150W0319
LOG (gmm-align-compiled[5.5.1008~1-0be61]:main():gmm-align-compiled.cc:127) BAC009S0150W0320
LOG (gmm-align-compiled[5.5.1008~1-0be61]:main():gmm-align-compiled.cc:127) BAC009S0150W0321
LOG (gmm-align-compiled[5.5.1008~1-0be61]:main():gmm-align-compiled.cc:127) BAC009S0150W0322
LOG (gmm-align-compiled[5.5.1008~1-0be61]:main():gmm-align-compiled.cc:127) BAC009S0150W0323
LOG (gmm-align-compiled[5.5.1008~1-0be61]:main():gmm-align-compiled.cc:127) BAC009S0150W0324
LOG (gmm-align-compiled[5.5.1008~1-0be61]:main():gmm-align-compiled.cc:127) BAC009S0150W0325
LOG (gmm-align-compiled[5.5.1008~1-0be61]:main():gmm-align-compiled.cc:127) BAC009S0150W0326
LOG (gmm-align-compiled[5.5.1008~1-0be61]:main():gmm-align-compiled.cc:127) BAC009S0150W0327
LOG (gmm-align-compiled[5.5.1008~1-0be61]:main():gmm-align-compiled.cc:127) BAC009S0150W0328
LOG (gmm-align-compiled[5.5.1008~1-0be61]:main():gmm-align-compiled.cc:127) BAC009S0150W0329
LOG (gmm-align-compiled[5.5.1008~1-0be61]:main():gmm-align-compiled.cc:127) BAC009S0150W0330
LOG (gmm-align-compiled[5.5.1008~1-0be61]:main():gmm-align-compiled.cc:127) BAC009S0150W0331
LOG (gmm-align-compiled[5.5.1008~1-0be61]:main():gmm-align-compiled.cc:127) BAC009S0150W0332
LOG (gmm-align-compiled[5.5.1008~1-0be61]:main():gmm-align-compiled.cc:127) BAC009S0150W0333
LOG (gmm-align-compiled[5.5.1008~1-0be61]:main():gmm-align-compiled.cc:127) BAC009S0150W0334
LOG (gmm-align-compiled[5.5.1008~1-0be61]:main():gmm-align-compiled.cc:127) BAC009S0150W0335
LOG (gmm-align-compiled[5.5.1008~1-0be61]:main():gmm-align-compiled.cc:127) BAC009S0150W0336
LOG (gmm-align-compiled[5.5.1008~1-0be61]:main():gmm-align-compiled.cc:127) BAC009S0150W0337
LOG (gmm-align-compiled[5.5.1008~1-0be61]:main():gmm-align-compiled.cc:127) BAC009S0150W0338
LOG (gmm-align-compiled[5.5.1008~1-0be61]:main():gmm-align-compiled.cc:127) BAC009S0150W0339
LOG (gmm-align-compiled[5.5.1008~1-0be61]:main():gmm-align-compiled.cc:127) BAC009S0150W0340
LOG (gmm-align-compiled[5.5.1008~1-0be61]:main():gmm-align-compiled.cc:127) BAC009S0150W0341
LOG (gmm-align-compiled[5.5.1008~1-0be61]:main():gmm-align-compiled.cc:127) BAC009S0150W0342
LOG (gmm-align-compiled[5.5.1008~1-0be61]:main():gmm-align-compiled.cc:127) BAC009S0150W0343
LOG (gmm-align-compiled[5.5.1008~1-0be61]:main():gmm-align-compiled.cc:127) BAC009S0150W0344
LOG (gmm-align-compiled[5.5.1008~1-0be61]:main():gmm-align-compiled.cc:127) BAC009S0150W0345
LOG (gmm-align-compiled[5.5.1008~1-0be61]:main():gmm-align-compiled.cc:127) BAC009S0150W0346
LOG (gmm-align-compiled[5.5.1008~1-0be61]:main():gmm-align-compiled.cc:127) BAC009S0150W0347
LOG (gmm-align-compiled[5.5.1008~1-0be61]:main():gmm-align-compiled.cc:127) BAC009S0150W0348
LOG (gmm-align-compiled[5.5.1008~1-0be61]:main():gmm-align-compiled.cc:127) BAC009S0150W0349
LOG (gmm-align-compiled[5.5.1008~1-0be61]:main():gmm-align-compiled.cc:127) BAC009S0150W0350
LOG (gmm-align-compiled[5.5.1008~1-0be61]:main():gmm-align-compiled.cc:127) BAC009S0150W0351
LOG (gmm-align-compiled[5.5.1008~1-0be61]:main():gmm-align-compiled.cc:127) BAC009S0150W0352
LOG (gmm-align-compiled[5.5.1008~1-0be61]:main():gmm-align-compiled.cc:127) BAC009S0150W0353
LOG (gmm-align-compiled[5.5.1008~1-0be61]:main():gmm-align-compiled.cc:127) BAC009S0150W0354
LOG (gmm-align-compiled[5.5.1008~1-0be61]:main():gmm-align-compiled.cc:127) BAC009S0150W0355
LOG (gmm-align-compiled[5.5.1008~1-0be61]:main():gmm-align-compiled.cc:127) BAC009S0150W0356
LOG (gmm-align-compiled[5.5.1008~1-0be61]:main():gmm-align-compiled.cc:127) BAC009S0150W0357
LOG (gmm-align-compiled[5.5.1008~1-0be61]:main():gmm-align-compiled.cc:127) BAC009S0150W0358
LOG (gmm-align-compiled[5.5.1008~1-0be61]:main():gmm-align-compiled.cc:127) BAC009S0150W0359
LOG (gmm-align-compiled[5.5.1008~1-0be61]:main():gmm-align-compiled.cc:127) BAC009S0150W0360
LOG (gmm-align-compiled[5.5.1008~1-0be61]:main():gmm-align-compiled.cc:127) BAC009S0150W0361
LOG (gmm-align-compiled[5.5.1008~1-0be61]:main():gmm-align-compiled.cc:127) BAC009S0150W0362
LOG (gmm-align-compiled[5.5.1008~1-0be61]:main():gmm-align-compiled.cc:127) BAC009S0150W0363
LOG (gmm-align-compiled[5.5.1008~1-0be61]:main():gmm-align-compiled.cc:127) BAC009S0150W0364
LOG (gmm-align-compiled[5.5.1008~1-0be61]:main():gmm-align-compiled.cc:127) BAC009S0150W0365
LOG (gmm-align-compiled[5.5.1008~1-0be61]:main():gmm-align-compiled.cc:127) BAC009S0150W0366
LOG (gmm-align-compiled[5.5.1008~1-0be61]:main():gmm-align-compiled.cc:127) BAC009S0150W0367
LOG (gmm-align-compiled[5.5.1008~1-0be61]:main():gmm-align-compiled.cc:127) BAC009S0150W0368
LOG (gmm-align-compiled[5.5.1008~1-0be61]:main():gmm-align-compiled.cc:127) BAC009S0150W0369
LOG (gmm-align-compiled[5.5.1008~1-0be61]:main():gmm-align-compiled.cc:127) BAC009S0150W0370
LOG (gmm-align-compiled[5.5.1008~1-0be61]:main():gmm-align-compiled.cc:127) BAC009S0150W0371
LOG (gmm-align-compiled[5.5.1008~1-0be61]:main():gmm-align-compiled.cc:127) BAC009S0150W0372
LOG (gmm-align-compiled[5.5.1008~1-0be61]:main():gmm-align-compiled.cc:127) BAC009S0150W0373
LOG (gmm-align-compiled[5.5.1008~1-0be61]:main():gmm-align-compiled.cc:127) BAC009S0150W0374
LOG (gmm-align-compiled[5.5.1008~1-0be61]:main():gmm-align-compiled.cc:127) BAC009S0150W0375
LOG (gmm-align-compiled[5.5.1008~1-0be61]:main():gmm-align-compiled.cc:127) BAC009S0150W0376
LOG (gmm-align-compiled[5.5.1008~1-0be61]:main():gmm-align-compiled.cc:127) BAC009S0150W0377
LOG (gmm-align-compiled[5.5.1008~1-0be61]:main():gmm-align-compiled.cc:127) BAC009S0150W0378
LOG (gmm-align-compiled[5.5.1008~1-0be61]:main():gmm-align-compiled.cc:127) BAC009S0150W0379
LOG (gmm-align-compiled[5.5.1008~1-0be61]:main():gmm-align-compiled.cc:127) BAC009S0150W0380
LOG (gmm-align-compiled[5.5.1008~1-0be61]:main():gmm-align-compiled.cc:127) BAC009S0150W0381
LOG (gmm-align-compiled[5.5.1008~1-0be61]:main():gmm-align-compiled.cc:127) BAC009S0150W0382
LOG (gmm-align-compiled[5.5.1008~1-0be61]:main():gmm-align-compiled.cc:127) BAC009S0150W0383
LOG (gmm-align-compiled[5.5.1008~1-0be61]:main():gmm-align-compiled.cc:127) BAC009S0150W0384
LOG (gmm-align-compiled[5.5.1008~1-0be61]:main():gmm-align-compiled.cc:127) BAC009S0150W0385
LOG (gmm-align-compiled[5.5.1008~1-0be61]:main():gmm-align-compiled.cc:127) BAC009S0150W0386
LOG (gmm-align-compiled[5.5.1008~1-0be61]:main():gmm-align-compiled.cc:127) BAC009S0150W0387
LOG (gmm-align-compiled[5.5.1008~1-0be61]:main():gmm-align-compiled.cc:127) BAC009S0150W0388
LOG (gmm-align-compiled[5.5.1008~1-0be61]:main():gmm-align-compiled.cc:127) BAC009S0150W0389
LOG (gmm-align-compiled[5.5.1008~1-0be61]:main():gmm-align-compiled.cc:127) BAC009S0150W0390
LOG (gmm-align-compiled[5.5.1008~1-0be61]:main():gmm-align-compiled.cc:127) BAC009S0150W0391
LOG (gmm-align-compiled[5.5.1008~1-0be61]:main():gmm-align-compiled.cc:127) BAC009S0150W0392
LOG (gmm-align-compiled[5.5.1008~1-0be61]:main():gmm-align-compiled.cc:127) BAC009S0150W0393
LOG (gmm-align-compiled[5.5.1008~1-0be61]:main():gmm-align-compiled.cc:127) BAC009S0150W0394
LOG (gmm-align-compiled[5.5.1008~1-0be61]:main():gmm-align-compiled.cc:127) BAC009S0150W0395
LOG (gmm-align-compiled[5.5.1008~1-0be61]:main():gmm-align-compiled.cc:127) BAC009S0150W0396
LOG (gmm-align-compiled[5.5.1008~1-0be61]:main():gmm-align-compiled.cc:127) BAC009S0150W0397
LOG (gmm-align-compiled[5.5.1008~1-0be61]:main():gmm-align-compiled.cc:127) BAC009S0150W0398
LOG (gmm-align-compiled[5.5.1008~1-0be61]:main():gmm-align-compiled.cc:127) BAC009S0150W0399
LOG (gmm-align-compiled[5.5.1008~1-0be61]:main():gmm-align-compiled.cc:127) BAC009S0150W0400
LOG (gmm-align-compiled[5.5.1008~1-0be61]:main():gmm-align-compiled.cc:127) BAC009S0150W0401
LOG (gmm-align-compiled[5.5.1008~1-0be61]:main():gmm-align-compiled.cc:127) BAC009S0150W0402
LOG (gmm-align-compiled[5.5.1008~1-0be61]:main():gmm-align-compiled.cc:127) BAC009S0150W0403
LOG (gmm-align-compiled[5.5.1008~1-0be61]:main():gmm-align-compiled.cc:127) BAC009S0150W0404
LOG (gmm-align-compiled[5.5.1008~1-0be61]:main():gmm-align-compiled.cc:127) BAC009S0150W0405
LOG (gmm-align-compiled[5.5.1008~1-0be61]:main():gmm-align-compiled.cc:127) BAC009S0150W0406
LOG (gmm-align-compiled[5.5.1008~1-0be61]:main():gmm-align-compiled.cc:127) BAC009S0150W0407
LOG (gmm-align-compiled[5.5.1008~1-0be61]:main():gmm-align-compiled.cc:127) BAC009S0150W0408
LOG (gmm-align-compiled[5.5.1008~1-0be61]:main():gmm-align-compiled.cc:127) BAC009S0150W0409
LOG (gmm-align-compiled[5.5.1008~1-0be61]:main():gmm-align-compiled.cc:127) BAC009S0150W0410
LOG (gmm-align-compiled[5.5.1008~1-0be61]:main():gmm-align-compiled.cc:127) BAC009S0150W0411
LOG (gmm-align-compiled[5.5.1008~1-0be61]:main():gmm-align-compiled.cc:127) BAC009S0150W0412
LOG (gmm-align-compiled[5.5.1008~1-0be61]:main():gmm-align-compiled.cc:127) BAC009S0150W0413
LOG (gmm-align-compiled[5.5.1008~1-0be61]:main():gmm-align-compiled.cc:127) BAC009S0150W0414
LOG (gmm-align-compiled[5.5.1008~1-0be61]:main():gmm-align-compiled.cc:127) BAC009S0150W0415
LOG (gmm-align-compiled[5.5.1008~1-0be61]:main():gmm-align-compiled.cc:127) BAC009S0150W0416
LOG (gmm-align-compiled[5.5.1008~1-0be61]:main():gmm-align-compiled.cc:127) BAC009S0150W0417
LOG (gmm-align-compiled[5.5.1008~1-0be61]:main():gmm-align-compiled.cc:127) BAC009S0150W0418
LOG (gmm-align-compiled[5.5.1008~1-0be61]:main():gmm-align-compiled.cc:127) BAC009S0150W0419
LOG (gmm-align-compiled[5.5.1008~1-0be61]:main():gmm-align-compiled.cc:127) BAC009S0150W0420
LOG (gmm-align-compiled[5.5.1008~1-0be61]:main():gmm-align-compiled.cc:127) BAC009S0150W0421
LOG (gmm-align-compiled[5.5.1008~1-0be61]:main():gmm-align-compiled.cc:127) BAC009S0150W0422
LOG (gmm-align-compiled[5.5.1008~1-0be61]:main():gmm-align-compiled.cc:127) BAC009S0150W0423
LOG (gmm-align-compiled[5.5.1008~1-0be61]:main():gmm-align-compiled.cc:127) BAC009S0150W0424
LOG (gmm-align-compiled[5.5.1008~1-0be61]:main():gmm-align-compiled.cc:127) BAC009S0150W0425
LOG (gmm-align-compiled[5.5.1008~1-0be61]:main():gmm-align-compiled.cc:127) BAC009S0150W0426
LOG (gmm-align-compiled[5.5.1008~1-0be61]:main():gmm-align-compiled.cc:127) BAC009S0150W0427
LOG (gmm-align-compiled[5.5.1008~1-0be61]:main():gmm-align-compiled.cc:127) BAC009S0150W0428
LOG (gmm-align-compiled[5.5.1008~1-0be61]:main():gmm-align-compiled.cc:127) BAC009S0150W0429
LOG (gmm-align-compiled[5.5.1008~1-0be61]:main():gmm-align-compiled.cc:127) BAC009S0150W0430
LOG (gmm-align-compiled[5.5.1008~1-0be61]:main():gmm-align-compiled.cc:127) BAC009S0150W0431
LOG (gmm-align-compiled[5.5.1008~1-0be61]:main():gmm-align-compiled.cc:127) BAC009S0150W0432
LOG (gmm-align-compiled[5.5.1008~1-0be61]:main():gmm-align-compiled.cc:127) BAC009S0150W0433
LOG (gmm-align-compiled[5.5.1008~1-0be61]:main():gmm-align-compiled.cc:127) BAC009S0150W0434
LOG (gmm-align-compiled[5.5.1008~1-0be61]:main():gmm-align-compiled.cc:127) BAC009S0150W0435
LOG (gmm-align-compiled[5.5.1008~1-0be61]:main():gmm-align-compiled.cc:127) BAC009S0150W0436
LOG (gmm-align-compiled[5.5.1008~1-0be61]:main():gmm-align-compiled.cc:127) BAC009S0150W0437
LOG (gmm-align-compiled[5.5.1008~1-0be61]:main():gmm-align-compiled.cc:127) BAC009S0150W0438
LOG (gmm-align-compiled[5.5.1008~1-0be61]:main():gmm-align-compiled.cc:127) BAC009S0150W0439
LOG (gmm-align-compiled[5.5.1008~1-0be61]:main():gmm-align-compiled.cc:127) BAC009S0150W0440
LOG (gmm-align-compiled[5.5.1008~1-0be61]:main():gmm-align-compiled.cc:127) BAC009S0150W0441
LOG (gmm-align-compiled[5.5.1008~1-0be61]:main():gmm-align-compiled.cc:127) BAC009S0150W0442
LOG (gmm-align-compiled[5.5.1008~1-0be61]:main():gmm-align-compiled.cc:127) BAC009S0150W0443
LOG (gmm-align-compiled[5.5.1008~1-0be61]:main():gmm-align-compiled.cc:127) BAC009S0150W0444
LOG (gmm-align-compiled[5.5.1008~1-0be61]:main():gmm-align-compiled.cc:127) BAC009S0150W0445
LOG (gmm-align-compiled[5.5.1008~1-0be61]:main():gmm-align-compiled.cc:127) BAC009S0150W0446
LOG (gmm-align-compiled[5.5.1008~1-0be61]:main():gmm-align-compiled.cc:127) BAC009S0150W0447
LOG (gmm-align-compiled[5.5.1008~1-0be61]:main():gmm-align-compiled.cc:127) BAC009S0150W0448
LOG (gmm-align-compiled[5.5.1008~1-0be61]:main():gmm-align-compiled.cc:127) BAC009S0150W0449
LOG (gmm-align-compiled[5.5.1008~1-0be61]:main():gmm-align-compiled.cc:127) BAC009S0150W0450
LOG (gmm-align-compiled[5.5.1008~1-0be61]:main():gmm-align-compiled.cc:127) BAC009S0150W0451
LOG (gmm-align-compiled[5.5.1008~1-0be61]:main():gmm-align-compiled.cc:127) BAC009S0150W0452
LOG (gmm-align-compiled[5.5.1008~1-0be61]:main():gmm-align-compiled.cc:127) BAC009S0150W0453
LOG (gmm-align-compiled[5.5.1008~1-0be61]:main():gmm-align-compiled.cc:127) BAC009S0150W0454
LOG (gmm-align-compiled[5.5.1008~1-0be61]:main():gmm-align-compiled.cc:127) BAC009S0150W0455
LOG (gmm-align-compiled[5.5.1008~1-0be61]:main():gmm-align-compiled.cc:127) BAC009S0150W0456
LOG (gmm-align-compiled[5.5.1008~1-0be61]:main():gmm-align-compiled.cc:127) BAC009S0150W0457
LOG (gmm-align-compiled[5.5.1008~1-0be61]:main():gmm-align-compiled.cc:127) BAC009S0150W0458
LOG (gmm-align-compiled[5.5.1008~1-0be61]:main():gmm-align-compiled.cc:127) BAC009S0150W0459
LOG (gmm-align-compiled[5.5.1008~1-0be61]:main():gmm-align-compiled.cc:127) BAC009S0150W0460
LOG (gmm-align-compiled[5.5.1008~1-0be61]:main():gmm-align-compiled.cc:127) BAC009S0150W0461
LOG (gmm-align-compiled[5.5.1008~1-0be61]:main():gmm-align-compiled.cc:127) BAC009S0150W0462
LOG (gmm-align-compiled[5.5.1008~1-0be61]:main():gmm-align-compiled.cc:127) BAC009S0150W0463
LOG (gmm-align-compiled[5.5.1008~1-0be61]:main():gmm-align-compiled.cc:127) BAC009S0150W0464
LOG (gmm-align-compiled[5.5.1008~1-0be61]:main():gmm-align-compiled.cc:127) BAC009S0150W0465
LOG (gmm-align-compiled[5.5.1008~1-0be61]:main():gmm-align-compiled.cc:127) BAC009S0150W0466
LOG (gmm-align-compiled[5.5.1008~1-0be61]:main():gmm-align-compiled.cc:127) BAC009S0150W0467
LOG (gmm-align-compiled[5.5.1008~1-0be61]:main():gmm-align-compiled.cc:127) BAC009S0150W0468
LOG (gmm-align-compiled[5.5.1008~1-0be61]:main():gmm-align-compiled.cc:127) BAC009S0150W0469
WARNING (gmm-align-compiled[5.5.1008~1-0be61]:AlignUtteranceWrapper():decoder-wrappers.cc:617) Retrying utterance BAC009S0150W0469 with beam 40
LOG (gmm-align-compiled[5.5.1008~1-0be61]:main():gmm-align-compiled.cc:127) BAC009S0150W0470
LOG (gmm-align-compiled[5.5.1008~1-0be61]:main():gmm-align-compiled.cc:127) BAC009S0150W0471
LOG (gmm-align-compiled[5.5.1008~1-0be61]:main():gmm-align-compiled.cc:127) BAC009S0150W0472
LOG (gmm-align-compiled[5.5.1008~1-0be61]:main():gmm-align-compiled.cc:127) BAC009S0150W0473
LOG (gmm-align-compiled[5.5.1008~1-0be61]:main():gmm-align-compiled.cc:127) BAC009S0150W0474
LOG (gmm-align-compiled[5.5.1008~1-0be61]:main():gmm-align-compiled.cc:127) BAC009S0150W0475
LOG (gmm-align-compiled[5.5.1008~1-0be61]:main():gmm-align-compiled.cc:127) BAC009S0150W0476
LOG (gmm-align-compiled[5.5.1008~1-0be61]:main():gmm-align-compiled.cc:127) BAC009S0150W0477
LOG (gmm-align-compiled[5.5.1008~1-0be61]:main():gmm-align-compiled.cc:127) BAC009S0150W0478
LOG (gmm-align-compiled[5.5.1008~1-0be61]:main():gmm-align-compiled.cc:127) BAC009S0150W0479
LOG (gmm-align-compiled[5.5.1008~1-0be61]:main():gmm-align-compiled.cc:127) BAC009S0150W0480
LOG (gmm-align-compiled[5.5.1008~1-0be61]:main():gmm-align-compiled.cc:127) BAC009S0150W0481
LOG (gmm-align-compiled[5.5.1008~1-0be61]:main():gmm-align-compiled.cc:127) BAC009S0150W0482
LOG (gmm-align-compiled[5.5.1008~1-0be61]:main():gmm-align-compiled.cc:127) BAC009S0150W0483
LOG (gmm-align-compiled[5.5.1008~1-0be61]:main():gmm-align-compiled.cc:127) BAC009S0150W0484
LOG (gmm-align-compiled[5.5.1008~1-0be61]:main():gmm-align-compiled.cc:127) BAC009S0150W0485
LOG (gmm-align-compiled[5.5.1008~1-0be61]:main():gmm-align-compiled.cc:127) BAC009S0150W0486
LOG (gmm-align-compiled[5.5.1008~1-0be61]:main():gmm-align-compiled.cc:127) BAC009S0150W0487
LOG (gmm-align-compiled[5.5.1008~1-0be61]:main():gmm-align-compiled.cc:127) BAC009S0150W0488
LOG (gmm-align-compiled[5.5.1008~1-0be61]:main():gmm-align-compiled.cc:127) BAC009S0150W0489
LOG (gmm-align-compiled[5.5.1008~1-0be61]:main():gmm-align-compiled.cc:127) BAC009S0150W0490
LOG (gmm-align-compiled[5.5.1008~1-0be61]:main():gmm-align-compiled.cc:127) BAC009S0150W0491
LOG (gmm-align-compiled[5.5.1008~1-0be61]:main():gmm-align-compiled.cc:127) BAC009S0150W0492
LOG (gmm-align-compiled[5.5.1008~1-0be61]:main():gmm-align-compiled.cc:127) BAC009S0150W0493
LOG (gmm-align-compiled[5.5.1008~1-0be61]:main():gmm-align-compiled.cc:127) BAC009S0150W0494
LOG (gmm-align-compiled[5.5.1008~1-0be61]:main():gmm-align-compiled.cc:127) BAC009S0150W0495
LOG (gmm-align-compiled[5.5.1008~1-0be61]:main():gmm-align-compiled.cc:127) BAC009S0150W0496
LOG (gmm-align-compiled[5.5.1008~1-0be61]:main():gmm-align-compiled.cc:127) BAC009S0150W0497
LOG (gmm-align-compiled[5.5.1008~1-0be61]:main():gmm-align-compiled.cc:127) BAC009S0150W0498
LOG (gmm-align-compiled[5.5.1008~1-0be61]:main():gmm-align-compiled.cc:127) BAC009S0150W0499
LOG (gmm-align-compiled[5.5.1008~1-0be61]:main():gmm-align-compiled.cc:127) BAC009S0150W0500
LOG (gmm-align-compiled[5.5.1008~1-0be61]:main():gmm-align-compiled.cc:127) BAC009S0252W0001
LOG (gmm-align-compiled[5.5.1008~1-0be61]:main():gmm-align-compiled.cc:127) BAC009S0252W0002
LOG (gmm-align-compiled[5.5.1008~1-0be61]:main():gmm-align-compiled.cc:127) BAC009S0252W0003
LOG (gmm-align-compiled[5.5.1008~1-0be61]:main():gmm-align-compiled.cc:127) BAC009S0252W0004
LOG (gmm-align-compiled[5.5.1008~1-0be61]:main():gmm-align-compiled.cc:127) BAC009S0252W0005
LOG (gmm-align-compiled[5.5.1008~1-0be61]:main():gmm-align-compiled.cc:127) BAC009S0252W0006
LOG (gmm-align-compiled[5.5.1008~1-0be61]:main():gmm-align-compiled.cc:127) BAC009S0252W0007
LOG (gmm-align-compiled[5.5.1008~1-0be61]:main():gmm-align-compiled.cc:127) BAC009S0252W0008
LOG (gmm-align-compiled[5.5.1008~1-0be61]:main():gmm-align-compiled.cc:127) BAC009S0252W0009
LOG (gmm-align-compiled[5.5.1008~1-0be61]:main():gmm-align-compiled.cc:127) BAC009S0252W0010
LOG (gmm-align-compiled[5.5.1008~1-0be61]:main():gmm-align-compiled.cc:127) BAC009S0252W0011
LOG (gmm-align-compiled[5.5.1008~1-0be61]:main():gmm-align-compiled.cc:127) BAC009S0252W0012
LOG (gmm-align-compiled[5.5.1008~1-0be61]:main():gmm-align-compiled.cc:127) BAC009S0252W0013
LOG (gmm-align-compiled[5.5.1008~1-0be61]:main():gmm-align-compiled.cc:127) BAC009S0252W0014
LOG (gmm-align-compiled[5.5.1008~1-0be61]:main():gmm-align-compiled.cc:127) BAC009S0252W0015
LOG (gmm-align-compiled[5.5.1008~1-0be61]:main():gmm-align-compiled.cc:127) BAC009S0252W0016
LOG (gmm-align-compiled[5.5.1008~1-0be61]:main():gmm-align-compiled.cc:127) BAC009S0252W0017
LOG (gmm-align-compiled[5.5.1008~1-0be61]:main():gmm-align-compiled.cc:127) BAC009S0252W0018
LOG (gmm-align-compiled[5.5.1008~1-0be61]:main():gmm-align-compiled.cc:127) BAC009S0252W0019
LOG (gmm-align-compiled[5.5.1008~1-0be61]:main():gmm-align-compiled.cc:127) BAC009S0252W0020
LOG (gmm-align-compiled[5.5.1008~1-0be61]:main():gmm-align-compiled.cc:127) BAC009S0252W0021
LOG (gmm-align-compiled[5.5.1008~1-0be61]:main():gmm-align-compiled.cc:127) BAC009S0252W0022
LOG (gmm-align-compiled[5.5.1008~1-0be61]:main():gmm-align-compiled.cc:127) BAC009S0252W0023
LOG (gmm-align-compiled[5.5.1008~1-0be61]:main():gmm-align-compiled.cc:127) BAC009S0252W0024
LOG (gmm-align-compiled[5.5.1008~1-0be61]:main():gmm-align-compiled.cc:127) BAC009S0252W0025
LOG (gmm-align-compiled[5.5.1008~1-0be61]:main():gmm-align-compiled.cc:127) BAC009S0252W0026
LOG (gmm-align-compiled[5.5.1008~1-0be61]:main():gmm-align-compiled.cc:127) BAC009S0252W0027
LOG (gmm-align-compiled[5.5.1008~1-0be61]:main():gmm-align-compiled.cc:127) BAC009S0252W0028
LOG (gmm-align-compiled[5.5.1008~1-0be61]:main():gmm-align-compiled.cc:127) BAC009S0252W0029
LOG (gmm-align-compiled[5.5.1008~1-0be61]:main():gmm-align-compiled.cc:127) BAC009S0252W0030
LOG (gmm-align-compiled[5.5.1008~1-0be61]:main():gmm-align-compiled.cc:127) BAC009S0252W0031
LOG (gmm-align-compiled[5.5.1008~1-0be61]:main():gmm-align-compiled.cc:127) BAC009S0252W0032
LOG (gmm-align-compiled[5.5.1008~1-0be61]:main():gmm-align-compiled.cc:127) BAC009S0252W0033
LOG (gmm-align-compiled[5.5.1008~1-0be61]:main():gmm-align-compiled.cc:127) BAC009S0252W0034
LOG (gmm-align-compiled[5.5.1008~1-0be61]:main():gmm-align-compiled.cc:127) BAC009S0252W0035
LOG (gmm-align-compiled[5.5.1008~1-0be61]:main():gmm-align-compiled.cc:127) BAC009S0252W0036
LOG (gmm-align-compiled[5.5.1008~1-0be61]:main():gmm-align-compiled.cc:127) BAC009S0252W0037
LOG (gmm-align-compiled[5.5.1008~1-0be61]:main():gmm-align-compiled.cc:127) BAC009S0252W0038
LOG (gmm-align-compiled[5.5.1008~1-0be61]:main():gmm-align-compiled.cc:127) BAC009S0252W0039
LOG (gmm-align-compiled[5.5.1008~1-0be61]:main():gmm-align-compiled.cc:127) BAC009S0252W0040
LOG (gmm-align-compiled[5.5.1008~1-0be61]:main():gmm-align-compiled.cc:127) BAC009S0252W0041
LOG (gmm-align-compiled[5.5.1008~1-0be61]:main():gmm-align-compiled.cc:127) BAC009S0252W0042
LOG (gmm-align-compiled[5.5.1008~1-0be61]:main():gmm-align-compiled.cc:127) BAC009S0252W0043
LOG (gmm-align-compiled[5.5.1008~1-0be61]:main():gmm-align-compiled.cc:127) BAC009S0252W0044
LOG (gmm-align-compiled[5.5.1008~1-0be61]:main():gmm-align-compiled.cc:127) BAC009S0252W0045
LOG (gmm-align-compiled[5.5.1008~1-0be61]:main():gmm-align-compiled.cc:127) BAC009S0252W0046
LOG (gmm-align-compiled[5.5.1008~1-0be61]:main():gmm-align-compiled.cc:127) BAC009S0252W0047
LOG (gmm-align-compiled[5.5.1008~1-0be61]:main():gmm-align-compiled.cc:127) BAC009S0252W0048
LOG (gmm-align-compiled[5.5.1008~1-0be61]:main():gmm-align-compiled.cc:127) BAC009S0252W0049
LOG (gmm-align-compiled[5.5.1008~1-0be61]:main():gmm-align-compiled.cc:127) BAC009S0252W0050
LOG (gmm-align-compiled[5.5.1008~1-0be61]:main():gmm-align-compiled.cc:127) BAC009S0252W0051
LOG (gmm-align-compiled[5.5.1008~1-0be61]:main():gmm-align-compiled.cc:127) BAC009S0252W0052
LOG (gmm-align-compiled[5.5.1008~1-0be61]:main():gmm-align-compiled.cc:127) BAC009S0252W0053
LOG (gmm-align-compiled[5.5.1008~1-0be61]:main():gmm-align-compiled.cc:127) BAC009S0252W0054
LOG (gmm-align-compiled[5.5.1008~1-0be61]:main():gmm-align-compiled.cc:127) BAC009S0252W0055
LOG (gmm-align-compiled[5.5.1008~1-0be61]:main():gmm-align-compiled.cc:127) BAC009S0252W0056
LOG (gmm-align-compiled[5.5.1008~1-0be61]:main():gmm-align-compiled.cc:127) BAC009S0252W0057
LOG (gmm-align-compiled[5.5.1008~1-0be61]:main():gmm-align-compiled.cc:127) BAC009S0252W0058
LOG (gmm-align-compiled[5.5.1008~1-0be61]:main():gmm-align-compiled.cc:127) BAC009S0252W0059
LOG (gmm-align-compiled[5.5.1008~1-0be61]:main():gmm-align-compiled.cc:127) BAC009S0252W0060
LOG (gmm-align-compiled[5.5.1008~1-0be61]:main():gmm-align-compiled.cc:127) BAC009S0252W0061
LOG (gmm-align-compiled[5.5.1008~1-0be61]:main():gmm-align-compiled.cc:127) BAC009S0252W0062
LOG (gmm-align-compiled[5.5.1008~1-0be61]:main():gmm-align-compiled.cc:127) BAC009S0252W0063
LOG (gmm-align-compiled[5.5.1008~1-0be61]:main():gmm-align-compiled.cc:127) BAC009S0252W0064
LOG (gmm-align-compiled[5.5.1008~1-0be61]:main():gmm-align-compiled.cc:127) BAC009S0252W0065
LOG (gmm-align-compiled[5.5.1008~1-0be61]:main():gmm-align-compiled.cc:127) BAC009S0252W0066
LOG (gmm-align-compiled[5.5.1008~1-0be61]:main():gmm-align-compiled.cc:127) BAC009S0252W0067
LOG (gmm-align-compiled[5.5.1008~1-0be61]:main():gmm-align-compiled.cc:127) BAC009S0252W0068
LOG (gmm-align-compiled[5.5.1008~1-0be61]:main():gmm-align-compiled.cc:127) BAC009S0252W0069
LOG (gmm-align-compiled[5.5.1008~1-0be61]:main():gmm-align-compiled.cc:127) BAC009S0252W0070
LOG (gmm-align-compiled[5.5.1008~1-0be61]:main():gmm-align-compiled.cc:127) BAC009S0252W0071
LOG (gmm-align-compiled[5.5.1008~1-0be61]:main():gmm-align-compiled.cc:127) BAC009S0252W0072
LOG (gmm-align-compiled[5.5.1008~1-0be61]:main():gmm-align-compiled.cc:127) BAC009S0252W0073
LOG (gmm-align-compiled[5.5.1008~1-0be61]:main():gmm-align-compiled.cc:127) BAC009S0252W0074
LOG (gmm-align-compiled[5.5.1008~1-0be61]:main():gmm-align-compiled.cc:127) BAC009S0252W0075
LOG (gmm-align-compiled[5.5.1008~1-0be61]:main():gmm-align-compiled.cc:127) BAC009S0252W0076
LOG (gmm-align-compiled[5.5.1008~1-0be61]:main():gmm-align-compiled.cc:127) BAC009S0252W0077
LOG (gmm-align-compiled[5.5.1008~1-0be61]:main():gmm-align-compiled.cc:127) BAC009S0252W0078
LOG (gmm-align-compiled[5.5.1008~1-0be61]:main():gmm-align-compiled.cc:127) BAC009S0252W0079
LOG (gmm-align-compiled[5.5.1008~1-0be61]:main():gmm-align-compiled.cc:127) BAC009S0252W0080
LOG (gmm-align-compiled[5.5.1008~1-0be61]:main():gmm-align-compiled.cc:127) BAC009S0252W0081
LOG (gmm-align-compiled[5.5.1008~1-0be61]:main():gmm-align-compiled.cc:127) BAC009S0252W0082
LOG (gmm-align-compiled[5.5.1008~1-0be61]:main():gmm-align-compiled.cc:127) BAC009S0252W0083
LOG (gmm-align-compiled[5.5.1008~1-0be61]:main():gmm-align-compiled.cc:127) BAC009S0252W0084
LOG (gmm-align-compiled[5.5.1008~1-0be61]:main():gmm-align-compiled.cc:127) BAC009S0252W0085
LOG (gmm-align-compiled[5.5.1008~1-0be61]:main():gmm-align-compiled.cc:127) BAC009S0252W0086
LOG (gmm-align-compiled[5.5.1008~1-0be61]:main():gmm-align-compiled.cc:127) BAC009S0252W0087
LOG (gmm-align-compiled[5.5.1008~1-0be61]:main():gmm-align-compiled.cc:127) BAC009S0252W0088
LOG (gmm-align-compiled[5.5.1008~1-0be61]:main():gmm-align-compiled.cc:127) BAC009S0252W0089
LOG (gmm-align-compiled[5.5.1008~1-0be61]:main():gmm-align-compiled.cc:127) BAC009S0252W0090
LOG (gmm-align-compiled[5.5.1008~1-0be61]:main():gmm-align-compiled.cc:127) BAC009S0252W0091
LOG (gmm-align-compiled[5.5.1008~1-0be61]:main():gmm-align-compiled.cc:127) BAC009S0252W0092
LOG (gmm-align-compiled[5.5.1008~1-0be61]:main():gmm-align-compiled.cc:127) BAC009S0252W0093
LOG (gmm-align-compiled[5.5.1008~1-0be61]:main():gmm-align-compiled.cc:127) BAC009S0252W0094
LOG (gmm-align-compiled[5.5.1008~1-0be61]:main():gmm-align-compiled.cc:127) BAC009S0252W0095
LOG (gmm-align-compiled[5.5.1008~1-0be61]:main():gmm-align-compiled.cc:127) BAC009S0252W0096
LOG (gmm-align-compiled[5.5.1008~1-0be61]:main():gmm-align-compiled.cc:127) BAC009S0252W0097
LOG (gmm-align-compiled[5.5.1008~1-0be61]:main():gmm-align-compiled.cc:127) BAC009S0252W0098
LOG (gmm-align-compiled[5.5.1008~1-0be61]:main():gmm-align-compiled.cc:127) BAC009S0252W0099
LOG (gmm-align-compiled[5.5.1008~1-0be61]:main():gmm-align-compiled.cc:127) BAC009S0252W0100
LOG (gmm-align-compiled[5.5.1008~1-0be61]:main():gmm-align-compiled.cc:127) BAC009S0252W0101
LOG (gmm-align-compiled[5.5.1008~1-0be61]:main():gmm-align-compiled.cc:127) BAC009S0252W0102
LOG (gmm-align-compiled[5.5.1008~1-0be61]:main():gmm-align-compiled.cc:127) BAC009S0252W0103
LOG (gmm-align-compiled[5.5.1008~1-0be61]:main():gmm-align-compiled.cc:127) BAC009S0252W0104
LOG (gmm-align-compiled[5.5.1008~1-0be61]:main():gmm-align-compiled.cc:127) BAC009S0252W0105
LOG (gmm-align-compiled[5.5.1008~1-0be61]:main():gmm-align-compiled.cc:127) BAC009S0252W0106
LOG (gmm-align-compiled[5.5.1008~1-0be61]:main():gmm-align-compiled.cc:127) BAC009S0252W0107
LOG (gmm-align-compiled[5.5.1008~1-0be61]:main():gmm-align-compiled.cc:127) BAC009S0252W0108
LOG (gmm-align-compiled[5.5.1008~1-0be61]:main():gmm-align-compiled.cc:127) BAC009S0252W0109
LOG (gmm-align-compiled[5.5.1008~1-0be61]:main():gmm-align-compiled.cc:127) BAC009S0252W0110
LOG (gmm-align-compiled[5.5.1008~1-0be61]:main():gmm-align-compiled.cc:127) BAC009S0252W0111
LOG (gmm-align-compiled[5.5.1008~1-0be61]:main():gmm-align-compiled.cc:127) BAC009S0252W0112
LOG (gmm-align-compiled[5.5.1008~1-0be61]:main():gmm-align-compiled.cc:127) BAC009S0252W0113
LOG (gmm-align-compiled[5.5.1008~1-0be61]:main():gmm-align-compiled.cc:127) BAC009S0252W0114
LOG (gmm-align-compiled[5.5.1008~1-0be61]:main():gmm-align-compiled.cc:127) BAC009S0252W0115
LOG (gmm-align-compiled[5.5.1008~1-0be61]:main():gmm-align-compiled.cc:127) BAC009S0252W0116
LOG (gmm-align-compiled[5.5.1008~1-0be61]:main():gmm-align-compiled.cc:127) BAC009S0252W0117
LOG (gmm-align-compiled[5.5.1008~1-0be61]:main():gmm-align-compiled.cc:127) BAC009S0252W0118
LOG (gmm-align-compiled[5.5.1008~1-0be61]:main():gmm-align-compiled.cc:127) BAC009S0252W0119
LOG (gmm-align-compiled[5.5.1008~1-0be61]:main():gmm-align-compiled.cc:127) BAC009S0252W0120
LOG (gmm-align-compiled[5.5.1008~1-0be61]:main():gmm-align-compiled.cc:127) BAC009S0252W0121
LOG (gmm-align-compiled[5.5.1008~1-0be61]:main():gmm-align-compiled.cc:127) BAC009S0252W0122
LOG (gmm-align-compiled[5.5.1008~1-0be61]:main():gmm-align-compiled.cc:127) BAC009S0252W0123
LOG (gmm-align-compiled[5.5.1008~1-0be61]:main():gmm-align-compiled.cc:127) BAC009S0252W0124
LOG (gmm-align-compiled[5.5.1008~1-0be61]:main():gmm-align-compiled.cc:127) BAC009S0252W0125
LOG (gmm-align-compiled[5.5.1008~1-0be61]:main():gmm-align-compiled.cc:127) BAC009S0252W0126
LOG (gmm-align-compiled[5.5.1008~1-0be61]:main():gmm-align-compiled.cc:127) BAC009S0252W0127
LOG (gmm-align-compiled[5.5.1008~1-0be61]:main():gmm-align-compiled.cc:127) BAC009S0252W0128
LOG (gmm-align-compiled[5.5.1008~1-0be61]:main():gmm-align-compiled.cc:127) BAC009S0252W0129
LOG (gmm-align-compiled[5.5.1008~1-0be61]:main():gmm-align-compiled.cc:127) BAC009S0252W0130
LOG (gmm-align-compiled[5.5.1008~1-0be61]:main():gmm-align-compiled.cc:127) BAC009S0252W0131
LOG (gmm-align-compiled[5.5.1008~1-0be61]:main():gmm-align-compiled.cc:127) BAC009S0252W0132
LOG (gmm-align-compiled[5.5.1008~1-0be61]:main():gmm-align-compiled.cc:127) BAC009S0252W0133
LOG (gmm-align-compiled[5.5.1008~1-0be61]:main():gmm-align-compiled.cc:127) BAC009S0252W0134
LOG (gmm-align-compiled[5.5.1008~1-0be61]:main():gmm-align-compiled.cc:127) BAC009S0252W0135
LOG (gmm-align-compiled[5.5.1008~1-0be61]:main():gmm-align-compiled.cc:127) BAC009S0252W0136
LOG (gmm-align-compiled[5.5.1008~1-0be61]:main():gmm-align-compiled.cc:127) BAC009S0252W0137
LOG (gmm-align-compiled[5.5.1008~1-0be61]:main():gmm-align-compiled.cc:127) BAC009S0252W0138
LOG (gmm-align-compiled[5.5.1008~1-0be61]:main():gmm-align-compiled.cc:127) BAC009S0252W0139
LOG (gmm-align-compiled[5.5.1008~1-0be61]:main():gmm-align-compiled.cc:127) BAC009S0252W0140
LOG (gmm-align-compiled[5.5.1008~1-0be61]:main():gmm-align-compiled.cc:127) BAC009S0252W0141
LOG (gmm-align-compiled[5.5.1008~1-0be61]:main():gmm-align-compiled.cc:127) BAC009S0252W0142
LOG (gmm-align-compiled[5.5.1008~1-0be61]:main():gmm-align-compiled.cc:127) BAC009S0252W0143
LOG (gmm-align-compiled[5.5.1008~1-0be61]:main():gmm-align-compiled.cc:127) BAC009S0252W0144
LOG (gmm-align-compiled[5.5.1008~1-0be61]:main():gmm-align-compiled.cc:127) BAC009S0252W0145
LOG (gmm-align-compiled[5.5.1008~1-0be61]:main():gmm-align-compiled.cc:127) BAC009S0252W0146
LOG (gmm-align-compiled[5.5.1008~1-0be61]:main():gmm-align-compiled.cc:127) BAC009S0252W0147
LOG (gmm-align-compiled[5.5.1008~1-0be61]:main():gmm-align-compiled.cc:127) BAC009S0252W0148
LOG (gmm-align-compiled[5.5.1008~1-0be61]:main():gmm-align-compiled.cc:127) BAC009S0252W0149
LOG (gmm-align-compiled[5.5.1008~1-0be61]:main():gmm-align-compiled.cc:127) BAC009S0252W0150
LOG (gmm-align-compiled[5.5.1008~1-0be61]:main():gmm-align-compiled.cc:127) BAC009S0252W0151
LOG (gmm-align-compiled[5.5.1008~1-0be61]:main():gmm-align-compiled.cc:127) BAC009S0252W0152
LOG (gmm-align-compiled[5.5.1008~1-0be61]:main():gmm-align-compiled.cc:127) BAC009S0252W0153
LOG (gmm-align-compiled[5.5.1008~1-0be61]:main():gmm-align-compiled.cc:127) BAC009S0252W0154
LOG (gmm-align-compiled[5.5.1008~1-0be61]:main():gmm-align-compiled.cc:127) BAC009S0252W0155
LOG (gmm-align-compiled[5.5.1008~1-0be61]:main():gmm-align-compiled.cc:127) BAC009S0252W0156
LOG (gmm-align-compiled[5.5.1008~1-0be61]:main():gmm-align-compiled.cc:127) BAC009S0252W0157
LOG (gmm-align-compiled[5.5.1008~1-0be61]:main():gmm-align-compiled.cc:127) BAC009S0252W0158
LOG (gmm-align-compiled[5.5.1008~1-0be61]:main():gmm-align-compiled.cc:127) BAC009S0252W0159
LOG (gmm-align-compiled[5.5.1008~1-0be61]:main():gmm-align-compiled.cc:127) BAC009S0252W0160
LOG (gmm-align-compiled[5.5.1008~1-0be61]:main():gmm-align-compiled.cc:127) BAC009S0252W0161
LOG (gmm-align-compiled[5.5.1008~1-0be61]:main():gmm-align-compiled.cc:127) BAC009S0252W0162
LOG (gmm-align-compiled[5.5.1008~1-0be61]:main():gmm-align-compiled.cc:127) BAC009S0252W0163
LOG (gmm-align-compiled[5.5.1008~1-0be61]:main():gmm-align-compiled.cc:127) BAC009S0252W0164
LOG (gmm-align-compiled[5.5.1008~1-0be61]:main():gmm-align-compiled.cc:127) BAC009S0252W0165
LOG (gmm-align-compiled[5.5.1008~1-0be61]:main():gmm-align-compiled.cc:127) BAC009S0252W0166
LOG (gmm-align-compiled[5.5.1008~1-0be61]:main():gmm-align-compiled.cc:127) BAC009S0252W0167
LOG (gmm-align-compiled[5.5.1008~1-0be61]:main():gmm-align-compiled.cc:127) BAC009S0252W0168
LOG (gmm-align-compiled[5.5.1008~1-0be61]:main():gmm-align-compiled.cc:127) BAC009S0252W0169
LOG (gmm-align-compiled[5.5.1008~1-0be61]:main():gmm-align-compiled.cc:127) BAC009S0252W0170
LOG (gmm-align-compiled[5.5.1008~1-0be61]:main():gmm-align-compiled.cc:127) BAC009S0252W0171
LOG (gmm-align-compiled[5.5.1008~1-0be61]:main():gmm-align-compiled.cc:127) BAC009S0252W0172
LOG (gmm-align-compiled[5.5.1008~1-0be61]:main():gmm-align-compiled.cc:127) BAC009S0252W0173
LOG (gmm-align-compiled[5.5.1008~1-0be61]:main():gmm-align-compiled.cc:127) BAC009S0252W0174
LOG (gmm-align-compiled[5.5.1008~1-0be61]:main():gmm-align-compiled.cc:127) BAC009S0252W0175
LOG (gmm-align-compiled[5.5.1008~1-0be61]:main():gmm-align-compiled.cc:127) BAC009S0252W0176
LOG (gmm-align-compiled[5.5.1008~1-0be61]:main():gmm-align-compiled.cc:127) BAC009S0252W0177
LOG (gmm-align-compiled[5.5.1008~1-0be61]:main():gmm-align-compiled.cc:127) BAC009S0252W0178
LOG (gmm-align-compiled[5.5.1008~1-0be61]:main():gmm-align-compiled.cc:127) BAC009S0252W0179
LOG (gmm-align-compiled[5.5.1008~1-0be61]:main():gmm-align-compiled.cc:127) BAC009S0252W0180
LOG (gmm-align-compiled[5.5.1008~1-0be61]:main():gmm-align-compiled.cc:127) BAC009S0252W0181
LOG (gmm-align-compiled[5.5.1008~1-0be61]:main():gmm-align-compiled.cc:127) BAC009S0252W0182
LOG (gmm-align-compiled[5.5.1008~1-0be61]:main():gmm-align-compiled.cc:127) BAC009S0252W0183
LOG (gmm-align-compiled[5.5.1008~1-0be61]:main():gmm-align-compiled.cc:127) BAC009S0252W0184
LOG (gmm-align-compiled[5.5.1008~1-0be61]:main():gmm-align-compiled.cc:127) BAC009S0252W0185
LOG (gmm-align-compiled[5.5.1008~1-0be61]:main():gmm-align-compiled.cc:127) BAC009S0252W0186
LOG (gmm-align-compiled[5.5.1008~1-0be61]:main():gmm-align-compiled.cc:127) BAC009S0252W0187
LOG (gmm-align-compiled[5.5.1008~1-0be61]:main():gmm-align-compiled.cc:127) BAC009S0252W0188
LOG (gmm-align-compiled[5.5.1008~1-0be61]:main():gmm-align-compiled.cc:127) BAC009S0252W0189
LOG (gmm-align-compiled[5.5.1008~1-0be61]:main():gmm-align-compiled.cc:127) BAC009S0252W0190
LOG (gmm-align-compiled[5.5.1008~1-0be61]:main():gmm-align-compiled.cc:127) BAC009S0252W0191
LOG (gmm-align-compiled[5.5.1008~1-0be61]:main():gmm-align-compiled.cc:127) BAC009S0252W0192
LOG (gmm-align-compiled[5.5.1008~1-0be61]:main():gmm-align-compiled.cc:127) BAC009S0252W0193
LOG (gmm-align-compiled[5.5.1008~1-0be61]:main():gmm-align-compiled.cc:127) BAC009S0252W0194
LOG (gmm-align-compiled[5.5.1008~1-0be61]:main():gmm-align-compiled.cc:127) BAC009S0252W0195
LOG (gmm-align-compiled[5.5.1008~1-0be61]:main():gmm-align-compiled.cc:127) BAC009S0252W0196
LOG (gmm-align-compiled[5.5.1008~1-0be61]:main():gmm-align-compiled.cc:127) BAC009S0252W0197
LOG (gmm-align-compiled[5.5.1008~1-0be61]:main():gmm-align-compiled.cc:127) BAC009S0252W0198
LOG (gmm-align-compiled[5.5.1008~1-0be61]:main():gmm-align-compiled.cc:127) BAC009S0252W0199
LOG (gmm-align-compiled[5.5.1008~1-0be61]:main():gmm-align-compiled.cc:127) BAC009S0252W0200
LOG (gmm-align-compiled[5.5.1008~1-0be61]:main():gmm-align-compiled.cc:127) BAC009S0252W0201
LOG (gmm-align-compiled[5.5.1008~1-0be61]:main():gmm-align-compiled.cc:127) BAC009S0252W0202
LOG (gmm-align-compiled[5.5.1008~1-0be61]:main():gmm-align-compiled.cc:127) BAC009S0252W0203
LOG (gmm-align-compiled[5.5.1008~1-0be61]:main():gmm-align-compiled.cc:127) BAC009S0252W0204
LOG (gmm-align-compiled[5.5.1008~1-0be61]:main():gmm-align-compiled.cc:127) BAC009S0252W0205
LOG (gmm-align-compiled[5.5.1008~1-0be61]:main():gmm-align-compiled.cc:127) BAC009S0252W0206
LOG (gmm-align-compiled[5.5.1008~1-0be61]:main():gmm-align-compiled.cc:127) BAC009S0252W0207
LOG (gmm-align-compiled[5.5.1008~1-0be61]:main():gmm-align-compiled.cc:127) BAC009S0252W0208
LOG (gmm-align-compiled[5.5.1008~1-0be61]:main():gmm-align-compiled.cc:127) BAC009S0252W0209
LOG (gmm-align-compiled[5.5.1008~1-0be61]:main():gmm-align-compiled.cc:127) BAC009S0252W0210
LOG (gmm-align-compiled[5.5.1008~1-0be61]:main():gmm-align-compiled.cc:127) BAC009S0252W0211
LOG (gmm-align-compiled[5.5.1008~1-0be61]:main():gmm-align-compiled.cc:127) BAC009S0252W0212
LOG (gmm-align-compiled[5.5.1008~1-0be61]:main():gmm-align-compiled.cc:127) BAC009S0252W0213
LOG (gmm-align-compiled[5.5.1008~1-0be61]:main():gmm-align-compiled.cc:127) BAC009S0252W0214
LOG (gmm-align-compiled[5.5.1008~1-0be61]:main():gmm-align-compiled.cc:127) BAC009S0252W0215
LOG (gmm-align-compiled[5.5.1008~1-0be61]:main():gmm-align-compiled.cc:127) BAC009S0252W0216
LOG (gmm-align-compiled[5.5.1008~1-0be61]:main():gmm-align-compiled.cc:127) BAC009S0252W0217
LOG (gmm-align-compiled[5.5.1008~1-0be61]:main():gmm-align-compiled.cc:127) BAC009S0252W0218
LOG (gmm-align-compiled[5.5.1008~1-0be61]:main():gmm-align-compiled.cc:127) BAC009S0252W0219
LOG (gmm-align-compiled[5.5.1008~1-0be61]:main():gmm-align-compiled.cc:127) BAC009S0252W0220
LOG (gmm-align-compiled[5.5.1008~1-0be61]:main():gmm-align-compiled.cc:127) BAC009S0252W0221
LOG (gmm-align-compiled[5.5.1008~1-0be61]:main():gmm-align-compiled.cc:127) BAC009S0252W0222
LOG (gmm-align-compiled[5.5.1008~1-0be61]:main():gmm-align-compiled.cc:127) BAC009S0252W0223
LOG (gmm-align-compiled[5.5.1008~1-0be61]:main():gmm-align-compiled.cc:127) BAC009S0252W0224
LOG (gmm-align-compiled[5.5.1008~1-0be61]:main():gmm-align-compiled.cc:127) BAC009S0252W0225
LOG (gmm-align-compiled[5.5.1008~1-0be61]:main():gmm-align-compiled.cc:127) BAC009S0252W0226
LOG (gmm-align-compiled[5.5.1008~1-0be61]:main():gmm-align-compiled.cc:127) BAC009S0252W0227
LOG (gmm-align-compiled[5.5.1008~1-0be61]:main():gmm-align-compiled.cc:127) BAC009S0252W0228
LOG (gmm-align-compiled[5.5.1008~1-0be61]:main():gmm-align-compiled.cc:127) BAC009S0252W0229
LOG (gmm-align-compiled[5.5.1008~1-0be61]:main():gmm-align-compiled.cc:127) BAC009S0252W0230
LOG (gmm-align-compiled[5.5.1008~1-0be61]:main():gmm-align-compiled.cc:127) BAC009S0252W0231
LOG (gmm-align-compiled[5.5.1008~1-0be61]:main():gmm-align-compiled.cc:127) BAC009S0252W0232
LOG (gmm-align-compiled[5.5.1008~1-0be61]:main():gmm-align-compiled.cc:127) BAC009S0252W0233
LOG (gmm-align-compiled[5.5.1008~1-0be61]:main():gmm-align-compiled.cc:127) BAC009S0252W0234
LOG (gmm-align-compiled[5.5.1008~1-0be61]:main():gmm-align-compiled.cc:127) BAC009S0252W0235
LOG (gmm-align-compiled[5.5.1008~1-0be61]:main():gmm-align-compiled.cc:127) BAC009S0252W0236
LOG (gmm-align-compiled[5.5.1008~1-0be61]:main():gmm-align-compiled.cc:127) BAC009S0252W0237
LOG (gmm-align-compiled[5.5.1008~1-0be61]:main():gmm-align-compiled.cc:127) BAC009S0252W0238
LOG (gmm-align-compiled[5.5.1008~1-0be61]:main():gmm-align-compiled.cc:127) BAC009S0252W0239
LOG (gmm-align-compiled[5.5.1008~1-0be61]:main():gmm-align-compiled.cc:127) BAC009S0252W0240
LOG (gmm-align-compiled[5.5.1008~1-0be61]:main():gmm-align-compiled.cc:127) BAC009S0252W0241
LOG (gmm-align-compiled[5.5.1008~1-0be61]:main():gmm-align-compiled.cc:127) BAC009S0252W0242
LOG (gmm-align-compiled[5.5.1008~1-0be61]:main():gmm-align-compiled.cc:127) BAC009S0252W0243
LOG (gmm-align-compiled[5.5.1008~1-0be61]:main():gmm-align-compiled.cc:127) BAC009S0252W0244
LOG (gmm-align-compiled[5.5.1008~1-0be61]:main():gmm-align-compiled.cc:127) BAC009S0252W0245
LOG (gmm-align-compiled[5.5.1008~1-0be61]:main():gmm-align-compiled.cc:127) BAC009S0252W0246
LOG (gmm-align-compiled[5.5.1008~1-0be61]:main():gmm-align-compiled.cc:127) BAC009S0252W0247
LOG (gmm-align-compiled[5.5.1008~1-0be61]:main():gmm-align-compiled.cc:127) BAC009S0252W0248
LOG (gmm-align-compiled[5.5.1008~1-0be61]:main():gmm-align-compiled.cc:127) BAC009S0252W0249
LOG (gmm-align-compiled[5.5.1008~1-0be61]:main():gmm-align-compiled.cc:127) BAC009S0252W0250
LOG (gmm-align-compiled[5.5.1008~1-0be61]:main():gmm-align-compiled.cc:127) BAC009S0252W0251
LOG (gmm-align-compiled[5.5.1008~1-0be61]:main():gmm-align-compiled.cc:127) BAC009S0252W0252
LOG (gmm-align-compiled[5.5.1008~1-0be61]:main():gmm-align-compiled.cc:127) BAC009S0252W0253
WARNING (gmm-align-compiled[5.5.1008~1-0be61]:AlignUtteranceWrapper():decoder-wrappers.cc:617) Retrying utterance BAC009S0252W0253 with beam 40
LOG (gmm-align-compiled[5.5.1008~1-0be61]:main():gmm-align-compiled.cc:127) BAC009S0252W0254
LOG (gmm-align-compiled[5.5.1008~1-0be61]:main():gmm-align-compiled.cc:127) BAC009S0252W0255
LOG (gmm-align-compiled[5.5.1008~1-0be61]:main():gmm-align-compiled.cc:127) BAC009S0252W0256
LOG (gmm-align-compiled[5.5.1008~1-0be61]:main():gmm-align-compiled.cc:127) BAC009S0252W0257
LOG (gmm-align-compiled[5.5.1008~1-0be61]:main():gmm-align-compiled.cc:127) BAC009S0252W0258
LOG (gmm-align-compiled[5.5.1008~1-0be61]:main():gmm-align-compiled.cc:127) BAC009S0252W0259
LOG (gmm-align-compiled[5.5.1008~1-0be61]:main():gmm-align-compiled.cc:127) BAC009S0252W0260
LOG (gmm-align-compiled[5.5.1008~1-0be61]:main():gmm-align-compiled.cc:127) BAC009S0252W0261
LOG (gmm-align-compiled[5.5.1008~1-0be61]:main():gmm-align-compiled.cc:127) BAC009S0252W0262
LOG (gmm-align-compiled[5.5.1008~1-0be61]:main():gmm-align-compiled.cc:127) BAC009S0252W0263
LOG (gmm-align-compiled[5.5.1008~1-0be61]:main():gmm-align-compiled.cc:127) BAC009S0252W0264
WARNING (gmm-align-compiled[5.5.1008~1-0be61]:AlignUtteranceWrapper():decoder-wrappers.cc:617) Retrying utterance BAC009S0252W0264 with beam 40
LOG (gmm-align-compiled[5.5.1008~1-0be61]:main():gmm-align-compiled.cc:127) BAC009S0252W0265
LOG (gmm-align-compiled[5.5.1008~1-0be61]:main():gmm-align-compiled.cc:127) BAC009S0252W0266
LOG (gmm-align-compiled[5.5.1008~1-0be61]:main():gmm-align-compiled.cc:127) BAC009S0252W0267
LOG (gmm-align-compiled[5.5.1008~1-0be61]:main():gmm-align-compiled.cc:127) BAC009S0252W0268
LOG (gmm-align-compiled[5.5.1008~1-0be61]:main():gmm-align-compiled.cc:127) BAC009S0252W0269
LOG (gmm-align-compiled[5.5.1008~1-0be61]:main():gmm-align-compiled.cc:127) BAC009S0252W0270
LOG (gmm-align-compiled[5.5.1008~1-0be61]:main():gmm-align-compiled.cc:127) BAC009S0252W0271
LOG (gmm-align-compiled[5.5.1008~1-0be61]:main():gmm-align-compiled.cc:127) BAC009S0252W0272
LOG (gmm-align-compiled[5.5.1008~1-0be61]:main():gmm-align-compiled.cc:127) BAC009S0252W0273
LOG (gmm-align-compiled[5.5.1008~1-0be61]:main():gmm-align-compiled.cc:127) BAC009S0252W0274
LOG (gmm-align-compiled[5.5.1008~1-0be61]:main():gmm-align-compiled.cc:127) BAC009S0252W0275
LOG (gmm-align-compiled[5.5.1008~1-0be61]:main():gmm-align-compiled.cc:127) BAC009S0252W0276
LOG (gmm-align-compiled[5.5.1008~1-0be61]:main():gmm-align-compiled.cc:127) BAC009S0252W0277
LOG (gmm-align-compiled[5.5.1008~1-0be61]:main():gmm-align-compiled.cc:127) BAC009S0252W0278
LOG (gmm-align-compiled[5.5.1008~1-0be61]:main():gmm-align-compiled.cc:127) BAC009S0252W0279
LOG (gmm-align-compiled[5.5.1008~1-0be61]:main():gmm-align-compiled.cc:127) BAC009S0252W0280
LOG (gmm-align-compiled[5.5.1008~1-0be61]:main():gmm-align-compiled.cc:127) BAC009S0252W0281
LOG (gmm-align-compiled[5.5.1008~1-0be61]:main():gmm-align-compiled.cc:127) BAC009S0252W0282
LOG (gmm-align-compiled[5.5.1008~1-0be61]:main():gmm-align-compiled.cc:127) BAC009S0252W0283
LOG (gmm-align-compiled[5.5.1008~1-0be61]:main():gmm-align-compiled.cc:127) BAC009S0252W0284
LOG (gmm-align-compiled[5.5.1008~1-0be61]:main():gmm-align-compiled.cc:127) BAC009S0252W0285
LOG (gmm-align-compiled[5.5.1008~1-0be61]:main():gmm-align-compiled.cc:127) BAC009S0252W0286
LOG (gmm-align-compiled[5.5.1008~1-0be61]:main():gmm-align-compiled.cc:127) BAC009S0252W0287
LOG (gmm-align-compiled[5.5.1008~1-0be61]:main():gmm-align-compiled.cc:127) BAC009S0252W0288
LOG (gmm-align-compiled[5.5.1008~1-0be61]:main():gmm-align-compiled.cc:127) BAC009S0252W0289
LOG (gmm-align-compiled[5.5.1008~1-0be61]:main():gmm-align-compiled.cc:127) BAC009S0252W0290
LOG (gmm-align-compiled[5.5.1008~1-0be61]:main():gmm-align-compiled.cc:127) BAC009S0252W0291
LOG (gmm-align-compiled[5.5.1008~1-0be61]:main():gmm-align-compiled.cc:127) BAC009S0252W0292
LOG (gmm-align-compiled[5.5.1008~1-0be61]:main():gmm-align-compiled.cc:127) BAC009S0252W0293
LOG (gmm-align-compiled[5.5.1008~1-0be61]:main():gmm-align-compiled.cc:127) BAC009S0252W0294
LOG (gmm-align-compiled[5.5.1008~1-0be61]:main():gmm-align-compiled.cc:127) BAC009S0252W0295
LOG (gmm-align-compiled[5.5.1008~1-0be61]:main():gmm-align-compiled.cc:127) BAC009S0252W0296
LOG (gmm-align-compiled[5.5.1008~1-0be61]:main():gmm-align-compiled.cc:127) BAC009S0252W0297
LOG (gmm-align-compiled[5.5.1008~1-0be61]:main():gmm-align-compiled.cc:127) BAC009S0252W0298
LOG (gmm-align-compiled[5.5.1008~1-0be61]:main():gmm-align-compiled.cc:127) BAC009S0252W0299
WARNING (gmm-align-compiled[5.5.1008~1-0be61]:AlignUtteranceWrapper():decoder-wrappers.cc:617) Retrying utterance BAC009S0252W0299 with beam 40
LOG (gmm-align-compiled[5.5.1008~1-0be61]:main():gmm-align-compiled.cc:127) BAC009S0252W0300
LOG (gmm-align-compiled[5.5.1008~1-0be61]:main():gmm-align-compiled.cc:127) BAC009S0252W0301
LOG (gmm-align-compiled[5.5.1008~1-0be61]:main():gmm-align-compiled.cc:127) BAC009S0252W0302
LOG (gmm-align-compiled[5.5.1008~1-0be61]:main():gmm-align-compiled.cc:127) BAC009S0252W0303
LOG (gmm-align-compiled[5.5.1008~1-0be61]:main():gmm-align-compiled.cc:127) BAC009S0252W0304
LOG (gmm-align-compiled[5.5.1008~1-0be61]:main():gmm-align-compiled.cc:127) BAC009S0252W0305
LOG (gmm-align-compiled[5.5.1008~1-0be61]:main():gmm-align-compiled.cc:127) BAC009S0252W0306
LOG (gmm-align-compiled[5.5.1008~1-0be61]:main():gmm-align-compiled.cc:127) BAC009S0252W0307
LOG (gmm-align-compiled[5.5.1008~1-0be61]:main():gmm-align-compiled.cc:127) BAC009S0252W0308
LOG (gmm-align-compiled[5.5.1008~1-0be61]:main():gmm-align-compiled.cc:127) BAC009S0252W0309
LOG (gmm-align-compiled[5.5.1008~1-0be61]:main():gmm-align-compiled.cc:127) BAC009S0252W0310
LOG (gmm-align-compiled[5.5.1008~1-0be61]:main():gmm-align-compiled.cc:127) BAC009S0252W0311
LOG (gmm-align-compiled[5.5.1008~1-0be61]:main():gmm-align-compiled.cc:127) BAC009S0252W0312
LOG (gmm-align-compiled[5.5.1008~1-0be61]:main():gmm-align-compiled.cc:127) BAC009S0252W0313
LOG (gmm-align-compiled[5.5.1008~1-0be61]:main():gmm-align-compiled.cc:127) BAC009S0252W0314
LOG (gmm-align-compiled[5.5.1008~1-0be61]:main():gmm-align-compiled.cc:127) BAC009S0252W0315
LOG (gmm-align-compiled[5.5.1008~1-0be61]:main():gmm-align-compiled.cc:127) BAC009S0252W0316
LOG (gmm-align-compiled[5.5.1008~1-0be61]:main():gmm-align-compiled.cc:127) BAC009S0252W0317
LOG (gmm-align-compiled[5.5.1008~1-0be61]:main():gmm-align-compiled.cc:127) BAC009S0252W0318
LOG (gmm-align-compiled[5.5.1008~1-0be61]:main():gmm-align-compiled.cc:127) BAC009S0252W0319
LOG (gmm-align-compiled[5.5.1008~1-0be61]:main():gmm-align-compiled.cc:127) BAC009S0252W0320
LOG (gmm-align-compiled[5.5.1008~1-0be61]:main():gmm-align-compiled.cc:127) BAC009S0252W0321
LOG (gmm-align-compiled[5.5.1008~1-0be61]:main():gmm-align-compiled.cc:127) BAC009S0252W0322
LOG (gmm-align-compiled[5.5.1008~1-0be61]:main():gmm-align-compiled.cc:127) BAC009S0252W0323
LOG (gmm-align-compiled[5.5.1008~1-0be61]:main():gmm-align-compiled.cc:127) BAC009S0252W0324
LOG (gmm-align-compiled[5.5.1008~1-0be61]:main():gmm-align-compiled.cc:127) BAC009S0252W0325
LOG (gmm-align-compiled[5.5.1008~1-0be61]:main():gmm-align-compiled.cc:127) BAC009S0252W0326
LOG (gmm-align-compiled[5.5.1008~1-0be61]:main():gmm-align-compiled.cc:127) BAC009S0252W0327
LOG (gmm-align-compiled[5.5.1008~1-0be61]:main():gmm-align-compiled.cc:127) BAC009S0252W0328
LOG (gmm-align-compiled[5.5.1008~1-0be61]:main():gmm-align-compiled.cc:127) BAC009S0252W0329
LOG (gmm-align-compiled[5.5.1008~1-0be61]:main():gmm-align-compiled.cc:127) BAC009S0252W0330
LOG (gmm-align-compiled[5.5.1008~1-0be61]:main():gmm-align-compiled.cc:127) BAC009S0252W0331
LOG (gmm-align-compiled[5.5.1008~1-0be61]:main():gmm-align-compiled.cc:127) BAC009S0252W0332
LOG (gmm-align-compiled[5.5.1008~1-0be61]:main():gmm-align-compiled.cc:127) BAC009S0252W0333
LOG (gmm-align-compiled[5.5.1008~1-0be61]:main():gmm-align-compiled.cc:127) BAC009S0252W0334
LOG (gmm-align-compiled[5.5.1008~1-0be61]:main():gmm-align-compiled.cc:127) BAC009S0252W0335
LOG (gmm-align-compiled[5.5.1008~1-0be61]:main():gmm-align-compiled.cc:127) BAC009S0252W0336
LOG (gmm-align-compiled[5.5.1008~1-0be61]:main():gmm-align-compiled.cc:127) BAC009S0252W0337
LOG (gmm-align-compiled[5.5.1008~1-0be61]:main():gmm-align-compiled.cc:127) BAC009S0252W0338
LOG (gmm-align-compiled[5.5.1008~1-0be61]:main():gmm-align-compiled.cc:127) BAC009S0252W0339
LOG (gmm-align-compiled[5.5.1008~1-0be61]:main():gmm-align-compiled.cc:127) BAC009S0252W0340
LOG (gmm-align-compiled[5.5.1008~1-0be61]:main():gmm-align-compiled.cc:127) BAC009S0252W0341
LOG (gmm-align-compiled[5.5.1008~1-0be61]:main():gmm-align-compiled.cc:127) BAC009S0252W0342
LOG (gmm-align-compiled[5.5.1008~1-0be61]:main():gmm-align-compiled.cc:127) BAC009S0252W0343
LOG (gmm-align-compiled[5.5.1008~1-0be61]:main():gmm-align-compiled.cc:127) BAC009S0252W0344
LOG (gmm-align-compiled[5.5.1008~1-0be61]:main():gmm-align-compiled.cc:127) BAC009S0252W0345
LOG (gmm-align-compiled[5.5.1008~1-0be61]:main():gmm-align-compiled.cc:127) BAC009S0252W0346
LOG (gmm-align-compiled[5.5.1008~1-0be61]:main():gmm-align-compiled.cc:127) BAC009S0252W0347
LOG (gmm-align-compiled[5.5.1008~1-0be61]:main():gmm-align-compiled.cc:127) BAC009S0252W0348
LOG (gmm-align-compiled[5.5.1008~1-0be61]:main():gmm-align-compiled.cc:127) BAC009S0252W0349
LOG (gmm-align-compiled[5.5.1008~1-0be61]:main():gmm-align-compiled.cc:127) BAC009S0252W0350
LOG (gmm-align-compiled[5.5.1008~1-0be61]:main():gmm-align-compiled.cc:127) BAC009S0252W0351
LOG (gmm-align-compiled[5.5.1008~1-0be61]:main():gmm-align-compiled.cc:127) BAC009S0252W0352
LOG (gmm-align-compiled[5.5.1008~1-0be61]:main():gmm-align-compiled.cc:127) BAC009S0252W0353
LOG (gmm-align-compiled[5.5.1008~1-0be61]:main():gmm-align-compiled.cc:127) BAC009S0252W0354
LOG (gmm-align-compiled[5.5.1008~1-0be61]:main():gmm-align-compiled.cc:127) BAC009S0252W0355
LOG (gmm-align-compiled[5.5.1008~1-0be61]:main():gmm-align-compiled.cc:127) BAC009S0252W0356
LOG (gmm-align-compiled[5.5.1008~1-0be61]:main():gmm-align-compiled.cc:127) BAC009S0252W0357
LOG (gmm-align-compiled[5.5.1008~1-0be61]:main():gmm-align-compiled.cc:127) BAC009S0252W0358
LOG (gmm-align-compiled[5.5.1008~1-0be61]:main():gmm-align-compiled.cc:127) BAC009S0252W0359
LOG (gmm-align-compiled[5.5.1008~1-0be61]:main():gmm-align-compiled.cc:127) BAC009S0252W0360
LOG (gmm-align-compiled[5.5.1008~1-0be61]:main():gmm-align-compiled.cc:127) BAC009S0252W0361
LOG (gmm-align-compiled[5.5.1008~1-0be61]:main():gmm-align-compiled.cc:127) BAC009S0252W0362
LOG (gmm-align-compiled[5.5.1008~1-0be61]:main():gmm-align-compiled.cc:127) BAC009S0252W0363
LOG (gmm-align-compiled[5.5.1008~1-0be61]:main():gmm-align-compiled.cc:127) BAC009S0252W0364
LOG (gmm-align-compiled[5.5.1008~1-0be61]:main():gmm-align-compiled.cc:127) BAC009S0252W0365
LOG (gmm-align-compiled[5.5.1008~1-0be61]:main():gmm-align-compiled.cc:127) BAC009S0252W0366
LOG (gmm-align-compiled[5.5.1008~1-0be61]:main():gmm-align-compiled.cc:127) BAC009S0252W0367
LOG (gmm-align-compiled[5.5.1008~1-0be61]:main():gmm-align-compiled.cc:127) BAC009S0252W0368
LOG (gmm-align-compiled[5.5.1008~1-0be61]:main():gmm-align-compiled.cc:127) BAC009S0252W0369
LOG (gmm-align-compiled[5.5.1008~1-0be61]:main():gmm-align-compiled.cc:127) BAC009S0252W0370
LOG (gmm-align-compiled[5.5.1008~1-0be61]:main():gmm-align-compiled.cc:127) BAC009S0252W0371
LOG (gmm-align-compiled[5.5.1008~1-0be61]:main():gmm-align-compiled.cc:127) BAC009S0252W0372
LOG (gmm-align-compiled[5.5.1008~1-0be61]:main():gmm-align-compiled.cc:127) BAC009S0252W0373
LOG (gmm-align-compiled[5.5.1008~1-0be61]:main():gmm-align-compiled.cc:127) BAC009S0252W0374
LOG (gmm-align-compiled[5.5.1008~1-0be61]:main():gmm-align-compiled.cc:127) BAC009S0252W0375
LOG (gmm-align-compiled[5.5.1008~1-0be61]:main():gmm-align-compiled.cc:127) BAC009S0252W0376
LOG (gmm-align-compiled[5.5.1008~1-0be61]:main():gmm-align-compiled.cc:127) BAC009S0252W0377
LOG (gmm-align-compiled[5.5.1008~1-0be61]:main():gmm-align-compiled.cc:127) BAC009S0252W0378
LOG (gmm-align-compiled[5.5.1008~1-0be61]:main():gmm-align-compiled.cc:127) BAC009S0252W0379
LOG (gmm-align-compiled[5.5.1008~1-0be61]:main():gmm-align-compiled.cc:127) BAC009S0252W0380
LOG (gmm-align-compiled[5.5.1008~1-0be61]:main():gmm-align-compiled.cc:127) BAC009S0252W0381
LOG (gmm-align-compiled[5.5.1008~1-0be61]:main():gmm-align-compiled.cc:127) BAC009S0252W0382
LOG (gmm-align-compiled[5.5.1008~1-0be61]:main():gmm-align-compiled.cc:127) BAC009S0252W0383
LOG (gmm-align-compiled[5.5.1008~1-0be61]:main():gmm-align-compiled.cc:127) BAC009S0252W0384
LOG (gmm-align-compiled[5.5.1008~1-0be61]:main():gmm-align-compiled.cc:127) BAC009S0252W0385
LOG (gmm-align-compiled[5.5.1008~1-0be61]:main():gmm-align-compiled.cc:127) BAC009S0252W0386
LOG (gmm-align-compiled[5.5.1008~1-0be61]:main():gmm-align-compiled.cc:127) BAC009S0252W0387
LOG (gmm-align-compiled[5.5.1008~1-0be61]:main():gmm-align-compiled.cc:127) BAC009S0252W0388
LOG (gmm-align-compiled[5.5.1008~1-0be61]:main():gmm-align-compiled.cc:127) BAC009S0252W0389
LOG (gmm-align-compiled[5.5.1008~1-0be61]:main():gmm-align-compiled.cc:127) BAC009S0252W0390
LOG (gmm-align-compiled[5.5.1008~1-0be61]:main():gmm-align-compiled.cc:127) BAC009S0252W0391
LOG (gmm-align-compiled[5.5.1008~1-0be61]:main():gmm-align-compiled.cc:127) BAC009S0252W0392
LOG (gmm-align-compiled[5.5.1008~1-0be61]:main():gmm-align-compiled.cc:127) BAC009S0252W0393
LOG (gmm-align-compiled[5.5.1008~1-0be61]:main():gmm-align-compiled.cc:127) BAC009S0252W0394
LOG (gmm-align-compiled[5.5.1008~1-0be61]:main():gmm-align-compiled.cc:127) BAC009S0252W0395
LOG (gmm-align-compiled[5.5.1008~1-0be61]:main():gmm-align-compiled.cc:127) BAC009S0252W0396
LOG (gmm-align-compiled[5.5.1008~1-0be61]:main():gmm-align-compiled.cc:127) BAC009S0252W0397
LOG (gmm-align-compiled[5.5.1008~1-0be61]:main():gmm-align-compiled.cc:127) BAC009S0252W0398
LOG (gmm-align-compiled[5.5.1008~1-0be61]:main():gmm-align-compiled.cc:127) BAC009S0252W0399
LOG (gmm-align-compiled[5.5.1008~1-0be61]:main():gmm-align-compiled.cc:127) BAC009S0252W0400
LOG (gmm-align-compiled[5.5.1008~1-0be61]:main():gmm-align-compiled.cc:127) BAC009S0252W0401
LOG (gmm-align-compiled[5.5.1008~1-0be61]:main():gmm-align-compiled.cc:127) BAC009S0252W0402
LOG (gmm-align-compiled[5.5.1008~1-0be61]:main():gmm-align-compiled.cc:127) BAC009S0252W0403
LOG (gmm-align-compiled[5.5.1008~1-0be61]:main():gmm-align-compiled.cc:127) BAC009S0252W0404
LOG (gmm-align-compiled[5.5.1008~1-0be61]:main():gmm-align-compiled.cc:127) BAC009S0252W0405
LOG (gmm-align-compiled[5.5.1008~1-0be61]:main():gmm-align-compiled.cc:127) BAC009S0252W0406
LOG (gmm-align-compiled[5.5.1008~1-0be61]:main():gmm-align-compiled.cc:127) BAC009S0252W0407
LOG (gmm-align-compiled[5.5.1008~1-0be61]:main():gmm-align-compiled.cc:127) BAC009S0252W0408
LOG (gmm-align-compiled[5.5.1008~1-0be61]:main():gmm-align-compiled.cc:127) BAC009S0252W0409
LOG (gmm-align-compiled[5.5.1008~1-0be61]:main():gmm-align-compiled.cc:127) BAC009S0252W0410
LOG (gmm-align-compiled[5.5.1008~1-0be61]:main():gmm-align-compiled.cc:127) BAC009S0252W0411
LOG (gmm-align-compiled[5.5.1008~1-0be61]:main():gmm-align-compiled.cc:127) BAC009S0252W0412
LOG (gmm-align-compiled[5.5.1008~1-0be61]:main():gmm-align-compiled.cc:127) BAC009S0252W0413
LOG (gmm-align-compiled[5.5.1008~1-0be61]:main():gmm-align-compiled.cc:127) BAC009S0252W0414
LOG (gmm-align-compiled[5.5.1008~1-0be61]:main():gmm-align-compiled.cc:127) BAC009S0252W0415
LOG (gmm-align-compiled[5.5.1008~1-0be61]:main():gmm-align-compiled.cc:127) BAC009S0252W0416
LOG (gmm-align-compiled[5.5.1008~1-0be61]:main():gmm-align-compiled.cc:127) BAC009S0252W0417
LOG (gmm-align-compiled[5.5.1008~1-0be61]:main():gmm-align-compiled.cc:127) BAC009S0252W0418
LOG (gmm-align-compiled[5.5.1008~1-0be61]:main():gmm-align-compiled.cc:127) BAC009S0252W0419
LOG (gmm-align-compiled[5.5.1008~1-0be61]:main():gmm-align-compiled.cc:127) BAC009S0252W0420
LOG (gmm-align-compiled[5.5.1008~1-0be61]:main():gmm-align-compiled.cc:127) BAC009S0252W0421
LOG (gmm-align-compiled[5.5.1008~1-0be61]:main():gmm-align-compiled.cc:127) BAC009S0252W0422
LOG (gmm-align-compiled[5.5.1008~1-0be61]:main():gmm-align-compiled.cc:127) BAC009S0252W0423
LOG (gmm-align-compiled[5.5.1008~1-0be61]:main():gmm-align-compiled.cc:127) BAC009S0252W0424
LOG (gmm-align-compiled[5.5.1008~1-0be61]:main():gmm-align-compiled.cc:127) BAC009S0252W0425
LOG (gmm-align-compiled[5.5.1008~1-0be61]:main():gmm-align-compiled.cc:127) BAC009S0252W0426
LOG (gmm-align-compiled[5.5.1008~1-0be61]:main():gmm-align-compiled.cc:127) BAC009S0252W0427
LOG (gmm-align-compiled[5.5.1008~1-0be61]:main():gmm-align-compiled.cc:127) BAC009S0252W0428
LOG (gmm-align-compiled[5.5.1008~1-0be61]:main():gmm-align-compiled.cc:127) BAC009S0252W0429
LOG (gmm-align-compiled[5.5.1008~1-0be61]:main():gmm-align-compiled.cc:127) BAC009S0252W0430
LOG (gmm-align-compiled[5.5.1008~1-0be61]:main():gmm-align-compiled.cc:127) BAC009S0252W0431
LOG (gmm-align-compiled[5.5.1008~1-0be61]:main():gmm-align-compiled.cc:127) BAC009S0252W0432
LOG (gmm-align-compiled[5.5.1008~1-0be61]:main():gmm-align-compiled.cc:127) BAC009S0252W0433
LOG (gmm-align-compiled[5.5.1008~1-0be61]:main():gmm-align-compiled.cc:127) BAC009S0252W0434
LOG (gmm-align-compiled[5.5.1008~1-0be61]:main():gmm-align-compiled.cc:127) BAC009S0252W0435
LOG (gmm-align-compiled[5.5.1008~1-0be61]:main():gmm-align-compiled.cc:127) BAC009S0252W0436
LOG (gmm-align-compiled[5.5.1008~1-0be61]:main():gmm-align-compiled.cc:127) BAC009S0252W0437
LOG (gmm-align-compiled[5.5.1008~1-0be61]:main():gmm-align-compiled.cc:127) BAC009S0252W0438
LOG (gmm-align-compiled[5.5.1008~1-0be61]:main():gmm-align-compiled.cc:127) BAC009S0252W0439
LOG (gmm-align-compiled[5.5.1008~1-0be61]:main():gmm-align-compiled.cc:127) BAC009S0252W0440
LOG (gmm-align-compiled[5.5.1008~1-0be61]:main():gmm-align-compiled.cc:127) BAC009S0252W0441
LOG (gmm-align-compiled[5.5.1008~1-0be61]:main():gmm-align-compiled.cc:127) BAC009S0252W0442
LOG (gmm-align-compiled[5.5.1008~1-0be61]:main():gmm-align-compiled.cc:127) BAC009S0252W0443
LOG (gmm-align-compiled[5.5.1008~1-0be61]:main():gmm-align-compiled.cc:127) BAC009S0252W0444
LOG (gmm-align-compiled[5.5.1008~1-0be61]:main():gmm-align-compiled.cc:127) BAC009S0252W0445
LOG (gmm-align-compiled[5.5.1008~1-0be61]:main():gmm-align-compiled.cc:127) BAC009S0252W0446
LOG (gmm-align-compiled[5.5.1008~1-0be61]:main():gmm-align-compiled.cc:127) BAC009S0252W0447
LOG (gmm-align-compiled[5.5.1008~1-0be61]:main():gmm-align-compiled.cc:127) BAC009S0252W0448
LOG (gmm-align-compiled[5.5.1008~1-0be61]:main():gmm-align-compiled.cc:127) BAC009S0252W0449
LOG (gmm-align-compiled[5.5.1008~1-0be61]:main():gmm-align-compiled.cc:127) BAC009S0252W0450
LOG (gmm-align-compiled[5.5.1008~1-0be61]:main():gmm-align-compiled.cc:127) BAC009S0252W0451
LOG (gmm-align-compiled[5.5.1008~1-0be61]:main():gmm-align-compiled.cc:127) BAC009S0252W0452
LOG (gmm-align-compiled[5.5.1008~1-0be61]:main():gmm-align-compiled.cc:127) BAC009S0252W0453
LOG (gmm-align-compiled[5.5.1008~1-0be61]:main():gmm-align-compiled.cc:127) BAC009S0252W0454
LOG (gmm-align-compiled[5.5.1008~1-0be61]:main():gmm-align-compiled.cc:127) BAC009S0252W0455
LOG (gmm-align-compiled[5.5.1008~1-0be61]:main():gmm-align-compiled.cc:127) BAC009S0252W0456
LOG (gmm-align-compiled[5.5.1008~1-0be61]:main():gmm-align-compiled.cc:127) BAC009S0252W0457
LOG (gmm-align-compiled[5.5.1008~1-0be61]:main():gmm-align-compiled.cc:127) BAC009S0252W0458
LOG (gmm-align-compiled[5.5.1008~1-0be61]:main():gmm-align-compiled.cc:127) BAC009S0252W0459
LOG (gmm-align-compiled[5.5.1008~1-0be61]:main():gmm-align-compiled.cc:127) BAC009S0252W0460
LOG (gmm-align-compiled[5.5.1008~1-0be61]:main():gmm-align-compiled.cc:127) BAC009S0252W0461
LOG (gmm-align-compiled[5.5.1008~1-0be61]:main():gmm-align-compiled.cc:127) BAC009S0252W0462
LOG (gmm-align-compiled[5.5.1008~1-0be61]:main():gmm-align-compiled.cc:127) BAC009S0252W0463
LOG (gmm-align-compiled[5.5.1008~1-0be61]:main():gmm-align-compiled.cc:127) BAC009S0252W0464
LOG (gmm-align-compiled[5.5.1008~1-0be61]:main():gmm-align-compiled.cc:127) BAC009S0252W0465
LOG (gmm-align-compiled[5.5.1008~1-0be61]:main():gmm-align-compiled.cc:127) BAC009S0252W0466
LOG (gmm-align-compiled[5.5.1008~1-0be61]:main():gmm-align-compiled.cc:127) BAC009S0252W0467
LOG (gmm-align-compiled[5.5.1008~1-0be61]:main():gmm-align-compiled.cc:127) BAC009S0252W0468
LOG (gmm-align-compiled[5.5.1008~1-0be61]:main():gmm-align-compiled.cc:127) BAC009S0252W0469
LOG (gmm-align-compiled[5.5.1008~1-0be61]:main():gmm-align-compiled.cc:127) BAC009S0252W0470
LOG (gmm-align-compiled[5.5.1008~1-0be61]:main():gmm-align-compiled.cc:127) BAC009S0252W0471
LOG (gmm-align-compiled[5.5.1008~1-0be61]:main():gmm-align-compiled.cc:127) BAC009S0252W0472
LOG (gmm-align-compiled[5.5.1008~1-0be61]:main():gmm-align-compiled.cc:127) BAC009S0252W0473
LOG (gmm-align-compiled[5.5.1008~1-0be61]:main():gmm-align-compiled.cc:127) BAC009S0252W0474
LOG (gmm-align-compiled[5.5.1008~1-0be61]:main():gmm-align-compiled.cc:127) BAC009S0252W0475
LOG (gmm-align-compiled[5.5.1008~1-0be61]:main():gmm-align-compiled.cc:127) BAC009S0252W0476
LOG (gmm-align-compiled[5.5.1008~1-0be61]:main():gmm-align-compiled.cc:127) BAC009S0252W0477
LOG (gmm-align-compiled[5.5.1008~1-0be61]:main():gmm-align-compiled.cc:127) BAC009S0252W0478
LOG (gmm-align-compiled[5.5.1008~1-0be61]:main():gmm-align-compiled.cc:127) BAC009S0252W0479
LOG (gmm-align-compiled[5.5.1008~1-0be61]:main():gmm-align-compiled.cc:127) BAC009S0252W0480
LOG (gmm-align-compiled[5.5.1008~1-0be61]:main():gmm-align-compiled.cc:127) BAC009S0252W0481
LOG (gmm-align-compiled[5.5.1008~1-0be61]:main():gmm-align-compiled.cc:127) BAC009S0252W0482
LOG (gmm-align-compiled[5.5.1008~1-0be61]:main():gmm-align-compiled.cc:127) BAC009S0252W0483
LOG (gmm-align-compiled[5.5.1008~1-0be61]:main():gmm-align-compiled.cc:127) BAC009S0252W0484
LOG (gmm-align-compiled[5.5.1008~1-0be61]:main():gmm-align-compiled.cc:127) BAC009S0252W0485
LOG (gmm-align-compiled[5.5.1008~1-0be61]:main():gmm-align-compiled.cc:127) BAC009S0252W0486
LOG (gmm-align-compiled[5.5.1008~1-0be61]:main():gmm-align-compiled.cc:127) BAC009S0252W0487
LOG (gmm-align-compiled[5.5.1008~1-0be61]:main():gmm-align-compiled.cc:127) BAC009S0252W0488
LOG (gmm-align-compiled[5.5.1008~1-0be61]:main():gmm-align-compiled.cc:127) BAC009S0252W0489
LOG (gmm-align-compiled[5.5.1008~1-0be61]:main():gmm-align-compiled.cc:127) BAC009S0252W0490
LOG (gmm-align-compiled[5.5.1008~1-0be61]:main():gmm-align-compiled.cc:127) BAC009S0252W0491
LOG (gmm-align-compiled[5.5.1008~1-0be61]:main():gmm-align-compiled.cc:127) BAC009S0252W0492
LOG (gmm-align-compiled[5.5.1008~1-0be61]:main():gmm-align-compiled.cc:127) BAC009S0252W0493
LOG (apply-cmvn[5.5.1008~1-0be61]:main():apply-cmvn.cc:162) Applied cepstral mean normalization to 1000 utterances, errors on 0
LOG (gmm-align-compiled[5.5.1008~1-0be61]:main():gmm-align-compiled.cc:127) BAC009S0252W0494
LOG (gmm-align-compiled[5.5.1008~1-0be61]:main():gmm-align-compiled.cc:127) BAC009S0252W0495
LOG (gmm-align-compiled[5.5.1008~1-0be61]:main():gmm-align-compiled.cc:127) BAC009S0252W0496
LOG (gmm-align-compiled[5.5.1008~1-0be61]:main():gmm-align-compiled.cc:127) BAC009S0252W0497
LOG (gmm-align-compiled[5.5.1008~1-0be61]:main():gmm-align-compiled.cc:127) BAC009S0252W0498
LOG (gmm-align-compiled[5.5.1008~1-0be61]:main():gmm-align-compiled.cc:127) BAC009S0252W0499
LOG (gmm-align-compiled[5.5.1008~1-0be61]:main():gmm-align-compiled.cc:127) BAC009S0252W0500
LOG (gmm-align-compiled[5.5.1008~1-0be61]:main():gmm-align-compiled.cc:135) Overall log-likelihood per frame is -91.9059 over 434641 frames.
LOG (gmm-align-compiled[5.5.1008~1-0be61]:main():gmm-align-compiled.cc:137) Retried 8 out of 1000 utterances.
LOG (gmm-align-compiled[5.5.1008~1-0be61]:main():gmm-align-compiled.cc:139) Done 1000, errors on 0
# Accounting: time=8 threads=1
# Ended (code 0) at Fri Feb 25 15:27:02 CST 2022, elapsed time 8 seconds
