# gunzip -c /root/data/mys/data/exp/tri/decode/depth_tmp.*.gz | steps/diagnostic/analyze_lattice_depth_stats.py /root/data/mys/data/exp/tri/graph /root/data/mys/data/exp/tri/decode/ali_frame_tmp.gz 
# Started at Fri Mar  4 17:06:02 CST 2022
#
The total amount of data analyzed assuming 100 frames per second is 1.2 hours
Overall, lattice depth (10,50,90-percentile)=(1,1,3) and mean=1.7
Nonsilence phones as a group account for 74.0% of frames, with lattice depth (10,50,90-percentile)=(1,1,2) and mean=1.7
Phone SIL accounts for 26.0% of frames, with lattice depth (10,50,90-percentile)=(1,1,3) and mean=1.8
Phone j_B accounts for 1.8% of frames, with lattice depth (10,50,90-percentile)=(1,1,3) and mean=1.8
Phone sh_B accounts for 1.8% of frames, with lattice depth (10,50,90-percentile)=(1,1,4) and mean=1.9
Phone x_B accounts for 1.6% of frames, with lattice depth (10,50,90-percentile)=(1,1,3) and mean=1.8
Phone sh_I accounts for 1.4% of frames, with lattice depth (10,50,90-percentile)=(1,1,2) and mean=1.2
Phone d_B accounts for 1.4% of frames, with lattice depth (10,50,90-percentile)=(1,1,4) and mean=2.2
Phone q_B accounts for 1.2% of frames, with lattice depth (10,50,90-percentile)=(1,1,3) and mean=1.8
Phone s_B accounts for 1.2% of frames, with lattice depth (10,50,90-percentile)=(1,1,3) and mean=1.9
Phone j_I accounts for 1.2% of frames, with lattice depth (10,50,90-percentile)=(1,1,1) and mean=1.2
Phone zh_B accounts for 1.2% of frames, with lattice depth (10,50,90-percentile)=(1,1,3) and mean=1.9
Phone x_I accounts for 1.0% of frames, with lattice depth (10,50,90-percentile)=(1,1,2) and mean=1.7
Phone h_B accounts for 0.9% of frames, with lattice depth (10,50,90-percentile)=(1,1,5) and mean=2.0
Phone e5_E accounts for 0.9% of frames, with lattice depth (10,50,90-percentile)=(1,1,3) and mean=2.0
Phone q_I accounts for 0.9% of frames, with lattice depth (10,50,90-percentile)=(1,1,2) and mean=1.4
Phone u4_E accounts for 0.9% of frames, with lattice depth (10,50,90-percentile)=(1,1,2) and mean=1.7
Phone g_B accounts for 0.8% of frames, with lattice depth (10,50,90-percentile)=(1,1,6) and mean=2.3
Phone ch_B accounts for 0.8% of frames, with lattice depth (10,50,90-percentile)=(1,1,2) and mean=1.4
Phone b_B accounts for 0.7% of frames, with lattice depth (10,50,90-percentile)=(1,1,4) and mean=2.1
Phone ch_I accounts for 0.7% of frames, with lattice depth (10,50,90-percentile)=(1,1,1) and mean=1.2
Phone l_B accounts for 0.7% of frames, with lattice depth (10,50,90-percentile)=(1,1,4) and mean=2.2
Phone t_B accounts for 0.7% of frames, with lattice depth (10,50,90-percentile)=(1,1,6) and mean=2.4
Phone ix4_E accounts for 0.7% of frames, with lattice depth (10,50,90-percentile)=(1,1,4) and mean=2.0
Phone d_I accounts for 0.7% of frames, with lattice depth (10,50,90-percentile)=(1,1,2) and mean=1.2
Phone h_I accounts for 0.7% of frames, with lattice depth (10,50,90-percentile)=(1,1,1) and mean=1.2
Phone ing2_E accounts for 0.7% of frames, with lattice depth (10,50,90-percentile)=(1,1,5) and mean=2.3
Phone ai4_E accounts for 0.7% of frames, with lattice depth (10,50,90-percentile)=(1,1,2) and mean=1.4
Phone z_B accounts for 0.6% of frames, with lattice depth (10,50,90-percentile)=(1,1,3) and mean=1.9
Phone f_B accounts for 0.6% of frames, with lattice depth (10,50,90-percentile)=(1,1,2) and mean=1.6
Phone i4_E accounts for 0.6% of frames, with lattice depth (10,50,90-percentile)=(1,1,4) and mean=1.7
Phone zh_I accounts for 0.6% of frames, with lattice depth (10,50,90-percentile)=(1,1,2) and mean=1.2
Phone ui4_E accounts for 0.6% of frames, with lattice depth (10,50,90-percentile)=(1,1,2) and mean=1.6
Phone g_I accounts for 0.6% of frames, with lattice depth (10,50,90-percentile)=(1,1,2) and mean=1.6
Phone i3_E accounts for 0.5% of frames, with lattice depth (10,50,90-percentile)=(1,1,10) and mean=3.7
Phone f_I accounts for 0.5% of frames, with lattice depth (10,50,90-percentile)=(1,1,1) and mean=1.2
# Accounting: time=1 threads=1
# Ended (code 0) at Fri Mar  4 17:06:03 CST 2022, elapsed time 1 seconds
