# gmm-acc-stats-ali /root/data/mys/data/exp/tri/31.mdl "ark,s,cs:apply-cmvn  --utt2spk=ark:/root/data/mys/data/kaldi_file/split1/1/utt2spk scp:/root/data/mys/data/kaldi_file/split1/1/cmvn.scp scp:/root/data/mys/data/kaldi_file/split1/1/feats.scp ark:- | add-deltas  ark:- ark:- |" "ark,s,cs:gunzip -c /root/data/mys/data/exp/tri/ali.1.gz|" /root/data/mys/data/exp/tri/31.1.acc 
# Started at Fri Mar  4 16:42:20 CST 2022
#
gmm-acc-stats-ali /root/data/mys/data/exp/tri/31.mdl 'ark,s,cs:apply-cmvn  --utt2spk=ark:/root/data/mys/data/kaldi_file/split1/1/utt2spk scp:/root/data/mys/data/kaldi_file/split1/1/cmvn.scp scp:/root/data/mys/data/kaldi_file/split1/1/feats.scp ark:- | add-deltas  ark:- ark:- |' 'ark,s,cs:gunzip -c /root/data/mys/data/exp/tri/ali.1.gz|' /root/data/mys/data/exp/tri/31.1.acc 
add-deltas ark:- ark:- 
apply-cmvn --utt2spk=ark:/root/data/mys/data/kaldi_file/split1/1/utt2spk scp:/root/data/mys/data/kaldi_file/split1/1/cmvn.scp scp:/root/data/mys/data/kaldi_file/split1/1/feats.scp ark:- 
LOG (gmm-acc-stats-ali[5.5.1008~1-0be61]:main():gmm-acc-stats-ali.cc:105) Processed 50 utterances; for utterance BAC009S0150W0050 avg. like is -79.9306 over 436 frames.
LOG (gmm-acc-stats-ali[5.5.1008~1-0be61]:main():gmm-acc-stats-ali.cc:105) Processed 100 utterances; for utterance BAC009S0150W0100 avg. like is -77.5668 over 441 frames.
LOG (gmm-acc-stats-ali[5.5.1008~1-0be61]:main():gmm-acc-stats-ali.cc:105) Processed 150 utterances; for utterance BAC009S0150W0150 avg. like is -80.8266 over 407 frames.
LOG (gmm-acc-stats-ali[5.5.1008~1-0be61]:main():gmm-acc-stats-ali.cc:105) Processed 200 utterances; for utterance BAC009S0150W0200 avg. like is -81.7685 over 753 frames.
LOG (gmm-acc-stats-ali[5.5.1008~1-0be61]:main():gmm-acc-stats-ali.cc:105) Processed 250 utterances; for utterance BAC009S0150W0250 avg. like is -81.5412 over 386 frames.
LOG (gmm-acc-stats-ali[5.5.1008~1-0be61]:main():gmm-acc-stats-ali.cc:105) Processed 300 utterances; for utterance BAC009S0150W0300 avg. like is -82.1243 over 863 frames.
LOG (gmm-acc-stats-ali[5.5.1008~1-0be61]:main():gmm-acc-stats-ali.cc:105) Processed 350 utterances; for utterance BAC009S0150W0350 avg. like is -81.2223 over 709 frames.
LOG (gmm-acc-stats-ali[5.5.1008~1-0be61]:main():gmm-acc-stats-ali.cc:105) Processed 400 utterances; for utterance BAC009S0150W0400 avg. like is -80.8421 over 714 frames.
LOG (gmm-acc-stats-ali[5.5.1008~1-0be61]:main():gmm-acc-stats-ali.cc:105) Processed 450 utterances; for utterance BAC009S0150W0450 avg. like is -84.8943 over 644 frames.
LOG (gmm-acc-stats-ali[5.5.1008~1-0be61]:main():gmm-acc-stats-ali.cc:105) Processed 500 utterances; for utterance BAC009S0150W0500 avg. like is -80.613 over 242 frames.
LOG (gmm-acc-stats-ali[5.5.1008~1-0be61]:main():gmm-acc-stats-ali.cc:105) Processed 550 utterances; for utterance BAC009S0252W0050 avg. like is -86.9252 over 307 frames.
LOG (gmm-acc-stats-ali[5.5.1008~1-0be61]:main():gmm-acc-stats-ali.cc:105) Processed 600 utterances; for utterance BAC009S0252W0100 avg. like is -81.4647 over 368 frames.
LOG (gmm-acc-stats-ali[5.5.1008~1-0be61]:main():gmm-acc-stats-ali.cc:105) Processed 650 utterances; for utterance BAC009S0252W0150 avg. like is -86.3588 over 555 frames.
LOG (gmm-acc-stats-ali[5.5.1008~1-0be61]:main():gmm-acc-stats-ali.cc:105) Processed 700 utterances; for utterance BAC009S0252W0200 avg. like is -83.3925 over 640 frames.
LOG (gmm-acc-stats-ali[5.5.1008~1-0be61]:main():gmm-acc-stats-ali.cc:105) Processed 750 utterances; for utterance BAC009S0252W0250 avg. like is -84.6293 over 447 frames.
LOG (gmm-acc-stats-ali[5.5.1008~1-0be61]:main():gmm-acc-stats-ali.cc:105) Processed 800 utterances; for utterance BAC009S0252W0300 avg. like is -83.1727 over 534 frames.
LOG (gmm-acc-stats-ali[5.5.1008~1-0be61]:main():gmm-acc-stats-ali.cc:105) Processed 850 utterances; for utterance BAC009S0252W0350 avg. like is -85.3726 over 426 frames.
LOG (gmm-acc-stats-ali[5.5.1008~1-0be61]:main():gmm-acc-stats-ali.cc:105) Processed 900 utterances; for utterance BAC009S0252W0400 avg. like is -84.1952 over 517 frames.
LOG (gmm-acc-stats-ali[5.5.1008~1-0be61]:main():gmm-acc-stats-ali.cc:105) Processed 950 utterances; for utterance BAC009S0252W0450 avg. like is -81.9838 over 414 frames.
LOG (apply-cmvn[5.5.1008~1-0be61]:main():apply-cmvn.cc:162) Applied cepstral mean normalization to 1000 utterances, errors on 0
LOG (gmm-acc-stats-ali[5.5.1008~1-0be61]:main():gmm-acc-stats-ali.cc:105) Processed 1000 utterances; for utterance BAC009S0252W0500 avg. like is -84.1475 over 179 frames.
LOG (gmm-acc-stats-ali[5.5.1008~1-0be61]:main():gmm-acc-stats-ali.cc:112) Done 1000 files, 0 with errors.
LOG (gmm-acc-stats-ali[5.5.1008~1-0be61]:main():gmm-acc-stats-ali.cc:115) Overall avg like per frame (Gaussian only) = -82.0202 over 434641 frames.
LOG (gmm-acc-stats-ali[5.5.1008~1-0be61]:main():gmm-acc-stats-ali.cc:123) Written accs.
# Accounting: time=23 threads=1
# Ended (code 0) at Fri Mar  4 16:42:43 CST 2022, elapsed time 23 seconds
