# build-tree --verbose=1 --max-leaves=2500 --cluster-thresh=-1 /root/data/mys/data/exp/tri/treeacc /root/data/mys/data/G/normal/lang/phones/roots.int /root/data/mys/data/exp/tri/questions.qst /root/data/mys/data/G/normal/lang/topo /root/data/mys/data/exp/tri/tree 
# Started at Fri Mar  4 16:37:12 CST 2022
#
build-tree --verbose=1 --max-leaves=2500 --cluster-thresh=-1 /root/data/mys/data/exp/tri/treeacc /root/data/mys/data/G/normal/lang/phones/roots.int /root/data/mys/data/exp/tri/questions.qst /root/data/mys/data/G/normal/lang/topo /root/data/mys/data/exp/tri/tree 
LOG (build-tree[5.5.1008~1-0be61]:main():build-tree.cc:104) Number of separate statistics is 36928
LOG (build-tree[5.5.1008~1-0be61]:BuildTree():build-tree.cc:161) BuildTree: before building trees, map has 227 leaves.
LOG (build-tree[5.5.1008~1-0be61]:SplitDecisionTree():build-tree-utils.cc:577) DoDecisionTreeSplit: split 1522 times, #leaves now 1749
LOG (build-tree[5.5.1008~1-0be61]:BuildTree():build-tree.cc:187) Setting clustering threshold to smallest split 300.012
VLOG[1] (build-tree[5.5.1008~1-0be61]:BuildTree():build-tree.cc:196) After decision tree split, num-leaves = 1749, like-impr = 6.09626 per frame over 434641 frames.
VLOG[1] (build-tree[5.5.1008~1-0be61]:BuildTree():build-tree.cc:200) Including just phones that were split, improvement is 6.09626 per frame over 434641 frames.
LOG (build-tree[5.5.1008~1-0be61]:BuildTree():build-tree.cc:215) BuildTree: removed 299 leaves.
VLOG[1] (build-tree[5.5.1008~1-0be61]:ClusterEventMapToNClustersRestrictedByMap():build-tree-utils.cc:914) Number of non-empty clusters in map = 191
VLOG[1] (build-tree[5.5.1008~1-0be61]:ClusterEventMapToNClustersRestrictedByMap():build-tree-utils.cc:915) Number of non-empty clusters = 1414
LOG (build-tree[5.5.1008~1-0be61]:BuildTree():build-tree.cc:231) BuildTree: Rounded num leaves to multiple of 8 by removing 2 leaves.
VLOG[1] (build-tree[5.5.1008~1-0be61]:BuildTree():build-tree.cc:256) Objf change due to clustering -0.148076 per frame.
VLOG[1] (build-tree[5.5.1008~1-0be61]:BuildTree():build-tree.cc:259) Normalizing over only split phones, this is: -0.148076 per frame.
VLOG[1] (build-tree[5.5.1008~1-0be61]:BuildTree():build-tree.cc:262) Num-leaves is now 1448
VLOG[1] (build-tree[5.5.1008~1-0be61]:main():build-tree.cc:143) For pdf-id 1, low count 0
VLOG[1] (build-tree[5.5.1008~1-0be61]:main():build-tree.cc:143) For pdf-id 2, low count 8
VLOG[1] (build-tree[5.5.1008~1-0be61]:main():build-tree.cc:143) For pdf-id 3, low count 0
VLOG[1] (build-tree[5.5.1008~1-0be61]:main():build-tree.cc:143) For pdf-id 4, low count 0
VLOG[1] (build-tree[5.5.1008~1-0be61]:main():build-tree.cc:143) For pdf-id 5, low count 0
VLOG[1] (build-tree[5.5.1008~1-0be61]:main():build-tree.cc:143) For pdf-id 6, low count 0
VLOG[1] (build-tree[5.5.1008~1-0be61]:main():build-tree.cc:143) For pdf-id 7, low count 0
VLOG[1] (build-tree[5.5.1008~1-0be61]:main():build-tree.cc:143) For pdf-id 8, low count 0
VLOG[1] (build-tree[5.5.1008~1-0be61]:main():build-tree.cc:143) For pdf-id 11, low count 0
VLOG[1] (build-tree[5.5.1008~1-0be61]:main():build-tree.cc:143) For pdf-id 13, low count 27
VLOG[1] (build-tree[5.5.1008~1-0be61]:main():build-tree.cc:143) For pdf-id 14, low count 0
VLOG[1] (build-tree[5.5.1008~1-0be61]:main():build-tree.cc:143) For pdf-id 15, low count 0
VLOG[1] (build-tree[5.5.1008~1-0be61]:main():build-tree.cc:143) For pdf-id 16, low count 0
VLOG[1] (build-tree[5.5.1008~1-0be61]:main():build-tree.cc:143) For pdf-id 17, low count 0
VLOG[1] (build-tree[5.5.1008~1-0be61]:main():build-tree.cc:143) For pdf-id 18, low count 0
VLOG[1] (build-tree[5.5.1008~1-0be61]:main():build-tree.cc:143) For pdf-id 19, low count 71
VLOG[1] (build-tree[5.5.1008~1-0be61]:main():build-tree.cc:143) For pdf-id 20, low count 0
VLOG[1] (build-tree[5.5.1008~1-0be61]:main():build-tree.cc:143) For pdf-id 21, low count 25
VLOG[1] (build-tree[5.5.1008~1-0be61]:main():build-tree.cc:143) For pdf-id 22, low count 0
VLOG[1] (build-tree[5.5.1008~1-0be61]:main():build-tree.cc:143) For pdf-id 23, low count 0
VLOG[1] (build-tree[5.5.1008~1-0be61]:main():build-tree.cc:143) For pdf-id 25, low count 0
VLOG[1] (build-tree[5.5.1008~1-0be61]:main():build-tree.cc:143) For pdf-id 26, low count 0
VLOG[1] (build-tree[5.5.1008~1-0be61]:main():build-tree.cc:143) For pdf-id 27, low count 0
VLOG[1] (build-tree[5.5.1008~1-0be61]:main():build-tree.cc:143) For pdf-id 28, low count 0
VLOG[1] (build-tree[5.5.1008~1-0be61]:main():build-tree.cc:143) For pdf-id 29, low count 34
VLOG[1] (build-tree[5.5.1008~1-0be61]:main():build-tree.cc:143) For pdf-id 30, low count 12
VLOG[1] (build-tree[5.5.1008~1-0be61]:main():build-tree.cc:143) For pdf-id 31, low count 0
VLOG[1] (build-tree[5.5.1008~1-0be61]:main():build-tree.cc:143) For pdf-id 32, low count 15
VLOG[1] (build-tree[5.5.1008~1-0be61]:main():build-tree.cc:143) For pdf-id 33, low count 0
VLOG[1] (build-tree[5.5.1008~1-0be61]:main():build-tree.cc:143) For pdf-id 34, low count 0
VLOG[1] (build-tree[5.5.1008~1-0be61]:main():build-tree.cc:143) For pdf-id 36, low count 91
VLOG[1] (build-tree[5.5.1008~1-0be61]:main():build-tree.cc:143) For pdf-id 39, low count 98
VLOG[1] (build-tree[5.5.1008~1-0be61]:main():build-tree.cc:143) For pdf-id 41, low count 96
VLOG[1] (build-tree[5.5.1008~1-0be61]:main():build-tree.cc:143) For pdf-id 42, low count 27
VLOG[1] (build-tree[5.5.1008~1-0be61]:main():build-tree.cc:143) For pdf-id 44, low count 42
VLOG[1] (build-tree[5.5.1008~1-0be61]:main():build-tree.cc:143) For pdf-id 45, low count 39
VLOG[1] (build-tree[5.5.1008~1-0be61]:main():build-tree.cc:143) For pdf-id 49, low count 0
VLOG[1] (build-tree[5.5.1008~1-0be61]:main():build-tree.cc:143) For pdf-id 53, low count 47
VLOG[1] (build-tree[5.5.1008~1-0be61]:main():build-tree.cc:143) For pdf-id 54, low count 0
VLOG[1] (build-tree[5.5.1008~1-0be61]:main():build-tree.cc:143) For pdf-id 55, low count 33
VLOG[1] (build-tree[5.5.1008~1-0be61]:main():build-tree.cc:143) For pdf-id 56, low count 14
VLOG[1] (build-tree[5.5.1008~1-0be61]:main():build-tree.cc:143) For pdf-id 57, low count 59
VLOG[1] (build-tree[5.5.1008~1-0be61]:main():build-tree.cc:143) For pdf-id 59, low count 29
VLOG[1] (build-tree[5.5.1008~1-0be61]:main():build-tree.cc:143) For pdf-id 62, low count 69
VLOG[1] (build-tree[5.5.1008~1-0be61]:main():build-tree.cc:143) For pdf-id 66, low count 74
VLOG[1] (build-tree[5.5.1008~1-0be61]:main():build-tree.cc:143) For pdf-id 69, low count 57
VLOG[1] (build-tree[5.5.1008~1-0be61]:main():build-tree.cc:143) For pdf-id 70, low count 41
VLOG[1] (build-tree[5.5.1008~1-0be61]:main():build-tree.cc:143) For pdf-id 71, low count 72
VLOG[1] (build-tree[5.5.1008~1-0be61]:main():build-tree.cc:143) For pdf-id 73, low count 74
VLOG[1] (build-tree[5.5.1008~1-0be61]:main():build-tree.cc:143) For pdf-id 76, low count 26
VLOG[1] (build-tree[5.5.1008~1-0be61]:main():build-tree.cc:143) For pdf-id 78, low count 88
VLOG[1] (build-tree[5.5.1008~1-0be61]:main():build-tree.cc:143) For pdf-id 79, low count 74
VLOG[1] (build-tree[5.5.1008~1-0be61]:main():build-tree.cc:143) For pdf-id 83, low count 49
VLOG[1] (build-tree[5.5.1008~1-0be61]:main():build-tree.cc:143) For pdf-id 84, low count 75
VLOG[1] (build-tree[5.5.1008~1-0be61]:main():build-tree.cc:143) For pdf-id 85, low count 24
VLOG[1] (build-tree[5.5.1008~1-0be61]:main():build-tree.cc:143) For pdf-id 86, low count 57
VLOG[1] (build-tree[5.5.1008~1-0be61]:main():build-tree.cc:143) For pdf-id 89, low count 84
VLOG[1] (build-tree[5.5.1008~1-0be61]:main():build-tree.cc:143) For pdf-id 92, low count 96
VLOG[1] (build-tree[5.5.1008~1-0be61]:main():build-tree.cc:143) For pdf-id 94, low count 84
VLOG[1] (build-tree[5.5.1008~1-0be61]:main():build-tree.cc:143) For pdf-id 96, low count 46
VLOG[1] (build-tree[5.5.1008~1-0be61]:main():build-tree.cc:143) For pdf-id 97, low count 20
VLOG[1] (build-tree[5.5.1008~1-0be61]:main():build-tree.cc:143) For pdf-id 99, low count 17
VLOG[1] (build-tree[5.5.1008~1-0be61]:main():build-tree.cc:143) For pdf-id 104, low count 0
VLOG[1] (build-tree[5.5.1008~1-0be61]:main():build-tree.cc:143) For pdf-id 106, low count 74
VLOG[1] (build-tree[5.5.1008~1-0be61]:main():build-tree.cc:143) For pdf-id 107, low count 81
VLOG[1] (build-tree[5.5.1008~1-0be61]:main():build-tree.cc:143) For pdf-id 108, low count 75
VLOG[1] (build-tree[5.5.1008~1-0be61]:main():build-tree.cc:143) For pdf-id 109, low count 0
VLOG[1] (build-tree[5.5.1008~1-0be61]:main():build-tree.cc:143) For pdf-id 114, low count 44
VLOG[1] (build-tree[5.5.1008~1-0be61]:main():build-tree.cc:143) For pdf-id 117, low count 84
VLOG[1] (build-tree[5.5.1008~1-0be61]:main():build-tree.cc:143) For pdf-id 118, low count 87
VLOG[1] (build-tree[5.5.1008~1-0be61]:main():build-tree.cc:143) For pdf-id 119, low count 87
VLOG[1] (build-tree[5.5.1008~1-0be61]:main():build-tree.cc:143) For pdf-id 121, low count 67
VLOG[1] (build-tree[5.5.1008~1-0be61]:main():build-tree.cc:143) For pdf-id 122, low count 0
VLOG[1] (build-tree[5.5.1008~1-0be61]:main():build-tree.cc:143) For pdf-id 123, low count 63
VLOG[1] (build-tree[5.5.1008~1-0be61]:main():build-tree.cc:143) For pdf-id 127, low count 60
VLOG[1] (build-tree[5.5.1008~1-0be61]:main():build-tree.cc:143) For pdf-id 128, low count 86
VLOG[1] (build-tree[5.5.1008~1-0be61]:main():build-tree.cc:143) For pdf-id 129, low count 15
VLOG[1] (build-tree[5.5.1008~1-0be61]:main():build-tree.cc:143) For pdf-id 130, low count 26
VLOG[1] (build-tree[5.5.1008~1-0be61]:main():build-tree.cc:143) For pdf-id 132, low count 0
VLOG[1] (build-tree[5.5.1008~1-0be61]:main():build-tree.cc:143) For pdf-id 133, low count 90
VLOG[1] (build-tree[5.5.1008~1-0be61]:main():build-tree.cc:143) For pdf-id 136, low count 60
VLOG[1] (build-tree[5.5.1008~1-0be61]:main():build-tree.cc:143) For pdf-id 137, low count 15
VLOG[1] (build-tree[5.5.1008~1-0be61]:main():build-tree.cc:143) For pdf-id 142, low count 29
VLOG[1] (build-tree[5.5.1008~1-0be61]:main():build-tree.cc:143) For pdf-id 144, low count 29
VLOG[1] (build-tree[5.5.1008~1-0be61]:main():build-tree.cc:143) For pdf-id 147, low count 65
VLOG[1] (build-tree[5.5.1008~1-0be61]:main():build-tree.cc:143) For pdf-id 154, low count 6
VLOG[1] (build-tree[5.5.1008~1-0be61]:main():build-tree.cc:143) For pdf-id 155, low count 43
VLOG[1] (build-tree[5.5.1008~1-0be61]:main():build-tree.cc:143) For pdf-id 156, low count 34
VLOG[1] (build-tree[5.5.1008~1-0be61]:main():build-tree.cc:143) For pdf-id 157, low count 0
VLOG[1] (build-tree[5.5.1008~1-0be61]:main():build-tree.cc:143) For pdf-id 158, low count 40
VLOG[1] (build-tree[5.5.1008~1-0be61]:main():build-tree.cc:143) For pdf-id 159, low count 33
VLOG[1] (build-tree[5.5.1008~1-0be61]:main():build-tree.cc:143) For pdf-id 160, low count 89
VLOG[1] (build-tree[5.5.1008~1-0be61]:main():build-tree.cc:143) For pdf-id 164, low count 75
VLOG[1] (build-tree[5.5.1008~1-0be61]:main():build-tree.cc:143) For pdf-id 165, low count 70
VLOG[1] (build-tree[5.5.1008~1-0be61]:main():build-tree.cc:143) For pdf-id 166, low count 0
VLOG[1] (build-tree[5.5.1008~1-0be61]:main():build-tree.cc:143) For pdf-id 169, low count 95
VLOG[1] (build-tree[5.5.1008~1-0be61]:main():build-tree.cc:143) For pdf-id 175, low count 72
VLOG[1] (build-tree[5.5.1008~1-0be61]:main():build-tree.cc:143) For pdf-id 176, low count 51
VLOG[1] (build-tree[5.5.1008~1-0be61]:main():build-tree.cc:143) For pdf-id 177, low count 27
VLOG[1] (build-tree[5.5.1008~1-0be61]:main():build-tree.cc:143) For pdf-id 178, low count 80
VLOG[1] (build-tree[5.5.1008~1-0be61]:main():build-tree.cc:143) For pdf-id 179, low count 62
VLOG[1] (build-tree[5.5.1008~1-0be61]:main():build-tree.cc:143) For pdf-id 180, low count 72
VLOG[1] (build-tree[5.5.1008~1-0be61]:main():build-tree.cc:143) For pdf-id 181, low count 0
VLOG[1] (build-tree[5.5.1008~1-0be61]:main():build-tree.cc:143) For pdf-id 182, low count 23
VLOG[1] (build-tree[5.5.1008~1-0be61]:main():build-tree.cc:143) For pdf-id 184, low count 79
VLOG[1] (build-tree[5.5.1008~1-0be61]:main():build-tree.cc:143) For pdf-id 188, low count 87
VLOG[1] (build-tree[5.5.1008~1-0be61]:main():build-tree.cc:143) For pdf-id 189, low count 81
VLOG[1] (build-tree[5.5.1008~1-0be61]:main():build-tree.cc:143) For pdf-id 191, low count 78
VLOG[1] (build-tree[5.5.1008~1-0be61]:main():build-tree.cc:143) For pdf-id 192, low count 15
VLOG[1] (build-tree[5.5.1008~1-0be61]:main():build-tree.cc:143) For pdf-id 193, low count 62
VLOG[1] (build-tree[5.5.1008~1-0be61]:main():build-tree.cc:143) For pdf-id 197, low count 65
VLOG[1] (build-tree[5.5.1008~1-0be61]:main():build-tree.cc:143) For pdf-id 198, low count 87
VLOG[1] (build-tree[5.5.1008~1-0be61]:main():build-tree.cc:143) For pdf-id 199, low count 54
VLOG[1] (build-tree[5.5.1008~1-0be61]:main():build-tree.cc:143) For pdf-id 201, low count 0
VLOG[1] (build-tree[5.5.1008~1-0be61]:main():build-tree.cc:143) For pdf-id 202, low count 52
VLOG[1] (build-tree[5.5.1008~1-0be61]:main():build-tree.cc:143) For pdf-id 203, low count 20
VLOG[1] (build-tree[5.5.1008~1-0be61]:main():build-tree.cc:143) For pdf-id 204, low count 37
VLOG[1] (build-tree[5.5.1008~1-0be61]:main():build-tree.cc:143) For pdf-id 206, low count 0
VLOG[1] (build-tree[5.5.1008~1-0be61]:main():build-tree.cc:143) For pdf-id 208, low count 57
VLOG[1] (build-tree[5.5.1008~1-0be61]:main():build-tree.cc:143) For pdf-id 209, low count 79
VLOG[1] (build-tree[5.5.1008~1-0be61]:main():build-tree.cc:143) For pdf-id 211, low count 0
VLOG[1] (build-tree[5.5.1008~1-0be61]:main():build-tree.cc:143) For pdf-id 212, low count 89
VLOG[1] (build-tree[5.5.1008~1-0be61]:main():build-tree.cc:143) For pdf-id 213, low count 38
VLOG[1] (build-tree[5.5.1008~1-0be61]:main():build-tree.cc:143) For pdf-id 214, low count 87
VLOG[1] (build-tree[5.5.1008~1-0be61]:main():build-tree.cc:143) For pdf-id 215, low count 92
VLOG[1] (build-tree[5.5.1008~1-0be61]:main():build-tree.cc:143) For pdf-id 216, low count 98
VLOG[1] (build-tree[5.5.1008~1-0be61]:main():build-tree.cc:143) For pdf-id 217, low count 95
VLOG[1] (build-tree[5.5.1008~1-0be61]:main():build-tree.cc:143) For pdf-id 218, low count 12
VLOG[1] (build-tree[5.5.1008~1-0be61]:main():build-tree.cc:143) For pdf-id 219, low count 27
VLOG[1] (build-tree[5.5.1008~1-0be61]:main():build-tree.cc:143) For pdf-id 220, low count 49
VLOG[1] (build-tree[5.5.1008~1-0be61]:main():build-tree.cc:143) For pdf-id 221, low count 44
VLOG[1] (build-tree[5.5.1008~1-0be61]:main():build-tree.cc:143) For pdf-id 223, low count 0
VLOG[1] (build-tree[5.5.1008~1-0be61]:main():build-tree.cc:143) For pdf-id 234, low count 60
VLOG[1] (build-tree[5.5.1008~1-0be61]:main():build-tree.cc:143) For pdf-id 245, low count 40
VLOG[1] (build-tree[5.5.1008~1-0be61]:main():build-tree.cc:143) For pdf-id 249, low count 67
VLOG[1] (build-tree[5.5.1008~1-0be61]:main():build-tree.cc:143) For pdf-id 250, low count 51
VLOG[1] (build-tree[5.5.1008~1-0be61]:main():build-tree.cc:143) For pdf-id 252, low count 54
VLOG[1] (build-tree[5.5.1008~1-0be61]:main():build-tree.cc:143) For pdf-id 261, low count 73
VLOG[1] (build-tree[5.5.1008~1-0be61]:main():build-tree.cc:143) For pdf-id 265, low count 80
VLOG[1] (build-tree[5.5.1008~1-0be61]:main():build-tree.cc:143) For pdf-id 267, low count 45
VLOG[1] (build-tree[5.5.1008~1-0be61]:main():build-tree.cc:143) For pdf-id 269, low count 30
VLOG[1] (build-tree[5.5.1008~1-0be61]:main():build-tree.cc:143) For pdf-id 270, low count 83
VLOG[1] (build-tree[5.5.1008~1-0be61]:main():build-tree.cc:143) For pdf-id 272, low count 93
VLOG[1] (build-tree[5.5.1008~1-0be61]:main():build-tree.cc:143) For pdf-id 274, low count 38
VLOG[1] (build-tree[5.5.1008~1-0be61]:main():build-tree.cc:143) For pdf-id 275, low count 63
VLOG[1] (build-tree[5.5.1008~1-0be61]:main():build-tree.cc:143) For pdf-id 276, low count 37
VLOG[1] (build-tree[5.5.1008~1-0be61]:main():build-tree.cc:143) For pdf-id 277, low count 74
VLOG[1] (build-tree[5.5.1008~1-0be61]:main():build-tree.cc:143) For pdf-id 281, low count 93
VLOG[1] (build-tree[5.5.1008~1-0be61]:main():build-tree.cc:143) For pdf-id 284, low count 92
VLOG[1] (build-tree[5.5.1008~1-0be61]:main():build-tree.cc:143) For pdf-id 294, low count 89
VLOG[1] (build-tree[5.5.1008~1-0be61]:main():build-tree.cc:143) For pdf-id 296, low count 94
VLOG[1] (build-tree[5.5.1008~1-0be61]:main():build-tree.cc:143) For pdf-id 298, low count 81
VLOG[1] (build-tree[5.5.1008~1-0be61]:main():build-tree.cc:143) For pdf-id 299, low count 42
VLOG[1] (build-tree[5.5.1008~1-0be61]:main():build-tree.cc:143) For pdf-id 301, low count 84
VLOG[1] (build-tree[5.5.1008~1-0be61]:main():build-tree.cc:143) For pdf-id 304, low count 31
VLOG[1] (build-tree[5.5.1008~1-0be61]:main():build-tree.cc:143) For pdf-id 305, low count 91
VLOG[1] (build-tree[5.5.1008~1-0be61]:main():build-tree.cc:143) For pdf-id 306, low count 40
VLOG[1] (build-tree[5.5.1008~1-0be61]:main():build-tree.cc:143) For pdf-id 307, low count 29
VLOG[1] (build-tree[5.5.1008~1-0be61]:main():build-tree.cc:143) For pdf-id 311, low count 61
VLOG[1] (build-tree[5.5.1008~1-0be61]:main():build-tree.cc:143) For pdf-id 312, low count 55
VLOG[1] (build-tree[5.5.1008~1-0be61]:main():build-tree.cc:143) For pdf-id 315, low count 86
VLOG[1] (build-tree[5.5.1008~1-0be61]:main():build-tree.cc:143) For pdf-id 320, low count 39
VLOG[1] (build-tree[5.5.1008~1-0be61]:main():build-tree.cc:143) For pdf-id 322, low count 29
VLOG[1] (build-tree[5.5.1008~1-0be61]:main():build-tree.cc:143) For pdf-id 323, low count 63
VLOG[1] (build-tree[5.5.1008~1-0be61]:main():build-tree.cc:143) For pdf-id 325, low count 34
VLOG[1] (build-tree[5.5.1008~1-0be61]:main():build-tree.cc:143) For pdf-id 326, low count 33
VLOG[1] (build-tree[5.5.1008~1-0be61]:main():build-tree.cc:143) For pdf-id 332, low count 54
VLOG[1] (build-tree[5.5.1008~1-0be61]:main():build-tree.cc:143) For pdf-id 333, low count 77
VLOG[1] (build-tree[5.5.1008~1-0be61]:main():build-tree.cc:143) For pdf-id 336, low count 29
VLOG[1] (build-tree[5.5.1008~1-0be61]:main():build-tree.cc:143) For pdf-id 338, low count 79
VLOG[1] (build-tree[5.5.1008~1-0be61]:main():build-tree.cc:143) For pdf-id 341, low count 53
VLOG[1] (build-tree[5.5.1008~1-0be61]:main():build-tree.cc:143) For pdf-id 342, low count 40
VLOG[1] (build-tree[5.5.1008~1-0be61]:main():build-tree.cc:143) For pdf-id 344, low count 72
VLOG[1] (build-tree[5.5.1008~1-0be61]:main():build-tree.cc:143) For pdf-id 346, low count 44
VLOG[1] (build-tree[5.5.1008~1-0be61]:main():build-tree.cc:143) For pdf-id 348, low count 12
VLOG[1] (build-tree[5.5.1008~1-0be61]:main():build-tree.cc:143) For pdf-id 349, low count 24
VLOG[1] (build-tree[5.5.1008~1-0be61]:main():build-tree.cc:143) For pdf-id 351, low count 62
VLOG[1] (build-tree[5.5.1008~1-0be61]:main():build-tree.cc:143) For pdf-id 354, low count 79
VLOG[1] (build-tree[5.5.1008~1-0be61]:main():build-tree.cc:143) For pdf-id 355, low count 71
VLOG[1] (build-tree[5.5.1008~1-0be61]:main():build-tree.cc:143) For pdf-id 356, low count 34
VLOG[1] (build-tree[5.5.1008~1-0be61]:main():build-tree.cc:143) For pdf-id 361, low count 31
VLOG[1] (build-tree[5.5.1008~1-0be61]:main():build-tree.cc:143) For pdf-id 364, low count 20
VLOG[1] (build-tree[5.5.1008~1-0be61]:main():build-tree.cc:143) For pdf-id 368, low count 48
VLOG[1] (build-tree[5.5.1008~1-0be61]:main():build-tree.cc:143) For pdf-id 369, low count 37
VLOG[1] (build-tree[5.5.1008~1-0be61]:main():build-tree.cc:143) For pdf-id 370, low count 41
VLOG[1] (build-tree[5.5.1008~1-0be61]:main():build-tree.cc:143) For pdf-id 373, low count 74
VLOG[1] (build-tree[5.5.1008~1-0be61]:main():build-tree.cc:143) For pdf-id 374, low count 82
VLOG[1] (build-tree[5.5.1008~1-0be61]:main():build-tree.cc:143) For pdf-id 377, low count 50
VLOG[1] (build-tree[5.5.1008~1-0be61]:main():build-tree.cc:143) For pdf-id 378, low count 50
VLOG[1] (build-tree[5.5.1008~1-0be61]:main():build-tree.cc:143) For pdf-id 379, low count 58
VLOG[1] (build-tree[5.5.1008~1-0be61]:main():build-tree.cc:143) For pdf-id 382, low count 47
VLOG[1] (build-tree[5.5.1008~1-0be61]:main():build-tree.cc:143) For pdf-id 383, low count 79
VLOG[1] (build-tree[5.5.1008~1-0be61]:main():build-tree.cc:143) For pdf-id 385, low count 29
VLOG[1] (build-tree[5.5.1008~1-0be61]:main():build-tree.cc:143) For pdf-id 388, low count 64
VLOG[1] (build-tree[5.5.1008~1-0be61]:main():build-tree.cc:143) For pdf-id 389, low count 75
VLOG[1] (build-tree[5.5.1008~1-0be61]:main():build-tree.cc:143) For pdf-id 390, low count 34
VLOG[1] (build-tree[5.5.1008~1-0be61]:main():build-tree.cc:143) For pdf-id 394, low count 73
VLOG[1] (build-tree[5.5.1008~1-0be61]:main():build-tree.cc:143) For pdf-id 395, low count 77
VLOG[1] (build-tree[5.5.1008~1-0be61]:main():build-tree.cc:143) For pdf-id 399, low count 35
VLOG[1] (build-tree[5.5.1008~1-0be61]:main():build-tree.cc:143) For pdf-id 400, low count 81
VLOG[1] (build-tree[5.5.1008~1-0be61]:main():build-tree.cc:143) For pdf-id 401, low count 22
VLOG[1] (build-tree[5.5.1008~1-0be61]:main():build-tree.cc:143) For pdf-id 405, low count 62
VLOG[1] (build-tree[5.5.1008~1-0be61]:main():build-tree.cc:143) For pdf-id 409, low count 66
VLOG[1] (build-tree[5.5.1008~1-0be61]:main():build-tree.cc:143) For pdf-id 410, low count 55
VLOG[1] (build-tree[5.5.1008~1-0be61]:main():build-tree.cc:143) For pdf-id 411, low count 93
VLOG[1] (build-tree[5.5.1008~1-0be61]:main():build-tree.cc:143) For pdf-id 414, low count 70
VLOG[1] (build-tree[5.5.1008~1-0be61]:main():build-tree.cc:143) For pdf-id 417, low count 41
VLOG[1] (build-tree[5.5.1008~1-0be61]:main():build-tree.cc:143) For pdf-id 418, low count 41
VLOG[1] (build-tree[5.5.1008~1-0be61]:main():build-tree.cc:143) For pdf-id 419, low count 38
VLOG[1] (build-tree[5.5.1008~1-0be61]:main():build-tree.cc:143) For pdf-id 420, low count 31
VLOG[1] (build-tree[5.5.1008~1-0be61]:main():build-tree.cc:143) For pdf-id 424, low count 77
VLOG[1] (build-tree[5.5.1008~1-0be61]:main():build-tree.cc:143) For pdf-id 425, low count 51
VLOG[1] (build-tree[5.5.1008~1-0be61]:main():build-tree.cc:143) For pdf-id 426, low count 53
VLOG[1] (build-tree[5.5.1008~1-0be61]:main():build-tree.cc:143) For pdf-id 429, low count 43
VLOG[1] (build-tree[5.5.1008~1-0be61]:main():build-tree.cc:143) For pdf-id 436, low count 32
VLOG[1] (build-tree[5.5.1008~1-0be61]:main():build-tree.cc:143) For pdf-id 437, low count 92
VLOG[1] (build-tree[5.5.1008~1-0be61]:main():build-tree.cc:143) For pdf-id 442, low count 40
VLOG[1] (build-tree[5.5.1008~1-0be61]:main():build-tree.cc:143) For pdf-id 443, low count 30
VLOG[1] (build-tree[5.5.1008~1-0be61]:main():build-tree.cc:143) For pdf-id 445, low count 96
VLOG[1] (build-tree[5.5.1008~1-0be61]:main():build-tree.cc:143) For pdf-id 446, low count 69
VLOG[1] (build-tree[5.5.1008~1-0be61]:main():build-tree.cc:143) For pdf-id 448, low count 72
VLOG[1] (build-tree[5.5.1008~1-0be61]:main():build-tree.cc:143) For pdf-id 451, low count 99
VLOG[1] (build-tree[5.5.1008~1-0be61]:main():build-tree.cc:143) For pdf-id 457, low count 31
VLOG[1] (build-tree[5.5.1008~1-0be61]:main():build-tree.cc:143) For pdf-id 458, low count 40
VLOG[1] (build-tree[5.5.1008~1-0be61]:main():build-tree.cc:143) For pdf-id 460, low count 27
VLOG[1] (build-tree[5.5.1008~1-0be61]:main():build-tree.cc:143) For pdf-id 465, low count 98
VLOG[1] (build-tree[5.5.1008~1-0be61]:main():build-tree.cc:143) For pdf-id 466, low count 30
VLOG[1] (build-tree[5.5.1008~1-0be61]:main():build-tree.cc:143) For pdf-id 468, low count 76
VLOG[1] (build-tree[5.5.1008~1-0be61]:main():build-tree.cc:143) For pdf-id 472, low count 63
VLOG[1] (build-tree[5.5.1008~1-0be61]:main():build-tree.cc:143) For pdf-id 473, low count 32
VLOG[1] (build-tree[5.5.1008~1-0be61]:main():build-tree.cc:143) For pdf-id 477, low count 36
VLOG[1] (build-tree[5.5.1008~1-0be61]:main():build-tree.cc:143) For pdf-id 479, low count 76
VLOG[1] (build-tree[5.5.1008~1-0be61]:main():build-tree.cc:143) For pdf-id 481, low count 42
VLOG[1] (build-tree[5.5.1008~1-0be61]:main():build-tree.cc:143) For pdf-id 482, low count 64
VLOG[1] (build-tree[5.5.1008~1-0be61]:main():build-tree.cc:143) For pdf-id 483, low count 25
VLOG[1] (build-tree[5.5.1008~1-0be61]:main():build-tree.cc:143) For pdf-id 484, low count 32
VLOG[1] (build-tree[5.5.1008~1-0be61]:main():build-tree.cc:143) For pdf-id 487, low count 94
VLOG[1] (build-tree[5.5.1008~1-0be61]:main():build-tree.cc:143) For pdf-id 489, low count 53
VLOG[1] (build-tree[5.5.1008~1-0be61]:main():build-tree.cc:143) For pdf-id 492, low count 36
VLOG[1] (build-tree[5.5.1008~1-0be61]:main():build-tree.cc:143) For pdf-id 496, low count 95
VLOG[1] (build-tree[5.5.1008~1-0be61]:main():build-tree.cc:143) For pdf-id 498, low count 66
VLOG[1] (build-tree[5.5.1008~1-0be61]:main():build-tree.cc:143) For pdf-id 504, low count 66
VLOG[1] (build-tree[5.5.1008~1-0be61]:main():build-tree.cc:143) For pdf-id 507, low count 78
VLOG[1] (build-tree[5.5.1008~1-0be61]:main():build-tree.cc:143) For pdf-id 508, low count 51
VLOG[1] (build-tree[5.5.1008~1-0be61]:main():build-tree.cc:143) For pdf-id 509, low count 36
VLOG[1] (build-tree[5.5.1008~1-0be61]:main():build-tree.cc:143) For pdf-id 513, low count 46
VLOG[1] (build-tree[5.5.1008~1-0be61]:main():build-tree.cc:143) For pdf-id 515, low count 33
VLOG[1] (build-tree[5.5.1008~1-0be61]:main():build-tree.cc:143) For pdf-id 520, low count 37
VLOG[1] (build-tree[5.5.1008~1-0be61]:main():build-tree.cc:143) For pdf-id 522, low count 20
VLOG[1] (build-tree[5.5.1008~1-0be61]:main():build-tree.cc:143) For pdf-id 523, low count 56
VLOG[1] (build-tree[5.5.1008~1-0be61]:main():build-tree.cc:143) For pdf-id 524, low count 66
VLOG[1] (build-tree[5.5.1008~1-0be61]:main():build-tree.cc:143) For pdf-id 526, low count 23
VLOG[1] (build-tree[5.5.1008~1-0be61]:main():build-tree.cc:143) For pdf-id 527, low count 84
VLOG[1] (build-tree[5.5.1008~1-0be61]:main():build-tree.cc:143) For pdf-id 529, low count 49
VLOG[1] (build-tree[5.5.1008~1-0be61]:main():build-tree.cc:143) For pdf-id 532, low count 37
VLOG[1] (build-tree[5.5.1008~1-0be61]:main():build-tree.cc:143) For pdf-id 533, low count 14
VLOG[1] (build-tree[5.5.1008~1-0be61]:main():build-tree.cc:143) For pdf-id 536, low count 70
VLOG[1] (build-tree[5.5.1008~1-0be61]:main():build-tree.cc:143) For pdf-id 537, low count 46
VLOG[1] (build-tree[5.5.1008~1-0be61]:main():build-tree.cc:143) For pdf-id 541, low count 88
VLOG[1] (build-tree[5.5.1008~1-0be61]:main():build-tree.cc:143) For pdf-id 543, low count 51
VLOG[1] (build-tree[5.5.1008~1-0be61]:main():build-tree.cc:143) For pdf-id 544, low count 87
VLOG[1] (build-tree[5.5.1008~1-0be61]:main():build-tree.cc:143) For pdf-id 545, low count 55
VLOG[1] (build-tree[5.5.1008~1-0be61]:main():build-tree.cc:143) For pdf-id 548, low count 87
VLOG[1] (build-tree[5.5.1008~1-0be61]:main():build-tree.cc:143) For pdf-id 551, low count 99
VLOG[1] (build-tree[5.5.1008~1-0be61]:main():build-tree.cc:143) For pdf-id 555, low count 92
VLOG[1] (build-tree[5.5.1008~1-0be61]:main():build-tree.cc:143) For pdf-id 560, low count 69
VLOG[1] (build-tree[5.5.1008~1-0be61]:main():build-tree.cc:143) For pdf-id 573, low count 95
VLOG[1] (build-tree[5.5.1008~1-0be61]:main():build-tree.cc:143) For pdf-id 575, low count 91
VLOG[1] (build-tree[5.5.1008~1-0be61]:main():build-tree.cc:143) For pdf-id 579, low count 92
VLOG[1] (build-tree[5.5.1008~1-0be61]:main():build-tree.cc:143) For pdf-id 580, low count 70
VLOG[1] (build-tree[5.5.1008~1-0be61]:main():build-tree.cc:143) For pdf-id 584, low count 81
VLOG[1] (build-tree[5.5.1008~1-0be61]:main():build-tree.cc:143) For pdf-id 588, low count 76
VLOG[1] (build-tree[5.5.1008~1-0be61]:main():build-tree.cc:143) For pdf-id 589, low count 96
VLOG[1] (build-tree[5.5.1008~1-0be61]:main():build-tree.cc:143) For pdf-id 591, low count 45
VLOG[1] (build-tree[5.5.1008~1-0be61]:main():build-tree.cc:143) For pdf-id 592, low count 85
VLOG[1] (build-tree[5.5.1008~1-0be61]:main():build-tree.cc:143) For pdf-id 595, low count 48
VLOG[1] (build-tree[5.5.1008~1-0be61]:main():build-tree.cc:143) For pdf-id 602, low count 52
VLOG[1] (build-tree[5.5.1008~1-0be61]:main():build-tree.cc:143) For pdf-id 605, low count 35
VLOG[1] (build-tree[5.5.1008~1-0be61]:main():build-tree.cc:143) For pdf-id 612, low count 30
VLOG[1] (build-tree[5.5.1008~1-0be61]:main():build-tree.cc:143) For pdf-id 614, low count 99
VLOG[1] (build-tree[5.5.1008~1-0be61]:main():build-tree.cc:143) For pdf-id 615, low count 32
VLOG[1] (build-tree[5.5.1008~1-0be61]:main():build-tree.cc:143) For pdf-id 617, low count 22
VLOG[1] (build-tree[5.5.1008~1-0be61]:main():build-tree.cc:143) For pdf-id 619, low count 72
VLOG[1] (build-tree[5.5.1008~1-0be61]:main():build-tree.cc:143) For pdf-id 622, low count 90
VLOG[1] (build-tree[5.5.1008~1-0be61]:main():build-tree.cc:143) For pdf-id 623, low count 89
VLOG[1] (build-tree[5.5.1008~1-0be61]:main():build-tree.cc:143) For pdf-id 625, low count 58
VLOG[1] (build-tree[5.5.1008~1-0be61]:main():build-tree.cc:143) For pdf-id 627, low count 89
VLOG[1] (build-tree[5.5.1008~1-0be61]:main():build-tree.cc:143) For pdf-id 632, low count 25
VLOG[1] (build-tree[5.5.1008~1-0be61]:main():build-tree.cc:143) For pdf-id 633, low count 89
VLOG[1] (build-tree[5.5.1008~1-0be61]:main():build-tree.cc:143) For pdf-id 634, low count 97
VLOG[1] (build-tree[5.5.1008~1-0be61]:main():build-tree.cc:143) For pdf-id 641, low count 93
VLOG[1] (build-tree[5.5.1008~1-0be61]:main():build-tree.cc:143) For pdf-id 644, low count 36
VLOG[1] (build-tree[5.5.1008~1-0be61]:main():build-tree.cc:143) For pdf-id 650, low count 73
VLOG[1] (build-tree[5.5.1008~1-0be61]:main():build-tree.cc:143) For pdf-id 651, low count 30
VLOG[1] (build-tree[5.5.1008~1-0be61]:main():build-tree.cc:143) For pdf-id 654, low count 85
VLOG[1] (build-tree[5.5.1008~1-0be61]:main():build-tree.cc:143) For pdf-id 655, low count 82
VLOG[1] (build-tree[5.5.1008~1-0be61]:main():build-tree.cc:143) For pdf-id 660, low count 21
VLOG[1] (build-tree[5.5.1008~1-0be61]:main():build-tree.cc:143) For pdf-id 665, low count 73
VLOG[1] (build-tree[5.5.1008~1-0be61]:main():build-tree.cc:143) For pdf-id 670, low count 66
VLOG[1] (build-tree[5.5.1008~1-0be61]:main():build-tree.cc:143) For pdf-id 673, low count 72
VLOG[1] (build-tree[5.5.1008~1-0be61]:main():build-tree.cc:143) For pdf-id 674, low count 94
VLOG[1] (build-tree[5.5.1008~1-0be61]:main():build-tree.cc:143) For pdf-id 680, low count 48
VLOG[1] (build-tree[5.5.1008~1-0be61]:main():build-tree.cc:143) For pdf-id 682, low count 43
VLOG[1] (build-tree[5.5.1008~1-0be61]:main():build-tree.cc:143) For pdf-id 685, low count 89
VLOG[1] (build-tree[5.5.1008~1-0be61]:main():build-tree.cc:143) For pdf-id 690, low count 70
VLOG[1] (build-tree[5.5.1008~1-0be61]:main():build-tree.cc:143) For pdf-id 695, low count 86
VLOG[1] (build-tree[5.5.1008~1-0be61]:main():build-tree.cc:143) For pdf-id 696, low count 57
VLOG[1] (build-tree[5.5.1008~1-0be61]:main():build-tree.cc:143) For pdf-id 698, low count 76
VLOG[1] (build-tree[5.5.1008~1-0be61]:main():build-tree.cc:143) For pdf-id 700, low count 63
VLOG[1] (build-tree[5.5.1008~1-0be61]:main():build-tree.cc:143) For pdf-id 702, low count 51
VLOG[1] (build-tree[5.5.1008~1-0be61]:main():build-tree.cc:143) For pdf-id 706, low count 77
VLOG[1] (build-tree[5.5.1008~1-0be61]:main():build-tree.cc:143) For pdf-id 710, low count 46
VLOG[1] (build-tree[5.5.1008~1-0be61]:main():build-tree.cc:143) For pdf-id 715, low count 95
VLOG[1] (build-tree[5.5.1008~1-0be61]:main():build-tree.cc:143) For pdf-id 717, low count 30
VLOG[1] (build-tree[5.5.1008~1-0be61]:main():build-tree.cc:143) For pdf-id 725, low count 68
VLOG[1] (build-tree[5.5.1008~1-0be61]:main():build-tree.cc:143) For pdf-id 727, low count 49
VLOG[1] (build-tree[5.5.1008~1-0be61]:main():build-tree.cc:143) For pdf-id 734, low count 92
VLOG[1] (build-tree[5.5.1008~1-0be61]:main():build-tree.cc:143) For pdf-id 735, low count 17
VLOG[1] (build-tree[5.5.1008~1-0be61]:main():build-tree.cc:143) For pdf-id 736, low count 80
VLOG[1] (build-tree[5.5.1008~1-0be61]:main():build-tree.cc:143) For pdf-id 737, low count 51
VLOG[1] (build-tree[5.5.1008~1-0be61]:main():build-tree.cc:143) For pdf-id 739, low count 14
VLOG[1] (build-tree[5.5.1008~1-0be61]:main():build-tree.cc:143) For pdf-id 740, low count 92
VLOG[1] (build-tree[5.5.1008~1-0be61]:main():build-tree.cc:143) For pdf-id 742, low count 94
VLOG[1] (build-tree[5.5.1008~1-0be61]:main():build-tree.cc:143) For pdf-id 744, low count 66
VLOG[1] (build-tree[5.5.1008~1-0be61]:main():build-tree.cc:143) For pdf-id 749, low count 86
VLOG[1] (build-tree[5.5.1008~1-0be61]:main():build-tree.cc:143) For pdf-id 750, low count 21
VLOG[1] (build-tree[5.5.1008~1-0be61]:main():build-tree.cc:143) For pdf-id 752, low count 90
VLOG[1] (build-tree[5.5.1008~1-0be61]:main():build-tree.cc:143) For pdf-id 753, low count 74
VLOG[1] (build-tree[5.5.1008~1-0be61]:main():build-tree.cc:143) For pdf-id 756, low count 45
VLOG[1] (build-tree[5.5.1008~1-0be61]:main():build-tree.cc:143) For pdf-id 759, low count 65
VLOG[1] (build-tree[5.5.1008~1-0be61]:main():build-tree.cc:143) For pdf-id 764, low count 51
VLOG[1] (build-tree[5.5.1008~1-0be61]:main():build-tree.cc:143) For pdf-id 766, low count 41
VLOG[1] (build-tree[5.5.1008~1-0be61]:main():build-tree.cc:143) For pdf-id 767, low count 74
VLOG[1] (build-tree[5.5.1008~1-0be61]:main():build-tree.cc:143) For pdf-id 769, low count 59
VLOG[1] (build-tree[5.5.1008~1-0be61]:main():build-tree.cc:143) For pdf-id 770, low count 59
VLOG[1] (build-tree[5.5.1008~1-0be61]:main():build-tree.cc:143) For pdf-id 771, low count 93
VLOG[1] (build-tree[5.5.1008~1-0be61]:main():build-tree.cc:143) For pdf-id 772, low count 46
VLOG[1] (build-tree[5.5.1008~1-0be61]:main():build-tree.cc:143) For pdf-id 777, low count 99
VLOG[1] (build-tree[5.5.1008~1-0be61]:main():build-tree.cc:143) For pdf-id 779, low count 81
VLOG[1] (build-tree[5.5.1008~1-0be61]:main():build-tree.cc:143) For pdf-id 781, low count 16
VLOG[1] (build-tree[5.5.1008~1-0be61]:main():build-tree.cc:143) For pdf-id 783, low count 40
VLOG[1] (build-tree[5.5.1008~1-0be61]:main():build-tree.cc:143) For pdf-id 785, low count 49
VLOG[1] (build-tree[5.5.1008~1-0be61]:main():build-tree.cc:143) For pdf-id 790, low count 57
VLOG[1] (build-tree[5.5.1008~1-0be61]:main():build-tree.cc:143) For pdf-id 793, low count 82
VLOG[1] (build-tree[5.5.1008~1-0be61]:main():build-tree.cc:143) For pdf-id 794, low count 81
VLOG[1] (build-tree[5.5.1008~1-0be61]:main():build-tree.cc:143) For pdf-id 796, low count 53
VLOG[1] (build-tree[5.5.1008~1-0be61]:main():build-tree.cc:143) For pdf-id 797, low count 57
VLOG[1] (build-tree[5.5.1008~1-0be61]:main():build-tree.cc:143) For pdf-id 809, low count 22
VLOG[1] (build-tree[5.5.1008~1-0be61]:main():build-tree.cc:143) For pdf-id 816, low count 63
VLOG[1] (build-tree[5.5.1008~1-0be61]:main():build-tree.cc:143) For pdf-id 817, low count 83
VLOG[1] (build-tree[5.5.1008~1-0be61]:main():build-tree.cc:143) For pdf-id 824, low count 90
VLOG[1] (build-tree[5.5.1008~1-0be61]:main():build-tree.cc:143) For pdf-id 827, low count 66
VLOG[1] (build-tree[5.5.1008~1-0be61]:main():build-tree.cc:143) For pdf-id 837, low count 67
VLOG[1] (build-tree[5.5.1008~1-0be61]:main():build-tree.cc:143) For pdf-id 842, low count 90
VLOG[1] (build-tree[5.5.1008~1-0be61]:main():build-tree.cc:143) For pdf-id 848, low count 77
VLOG[1] (build-tree[5.5.1008~1-0be61]:main():build-tree.cc:143) For pdf-id 851, low count 68
VLOG[1] (build-tree[5.5.1008~1-0be61]:main():build-tree.cc:143) For pdf-id 853, low count 35
VLOG[1] (build-tree[5.5.1008~1-0be61]:main():build-tree.cc:143) For pdf-id 855, low count 70
VLOG[1] (build-tree[5.5.1008~1-0be61]:main():build-tree.cc:143) For pdf-id 858, low count 75
VLOG[1] (build-tree[5.5.1008~1-0be61]:main():build-tree.cc:143) For pdf-id 859, low count 93
VLOG[1] (build-tree[5.5.1008~1-0be61]:main():build-tree.cc:143) For pdf-id 865, low count 95
VLOG[1] (build-tree[5.5.1008~1-0be61]:main():build-tree.cc:143) For pdf-id 866, low count 62
VLOG[1] (build-tree[5.5.1008~1-0be61]:main():build-tree.cc:143) For pdf-id 875, low count 86
VLOG[1] (build-tree[5.5.1008~1-0be61]:main():build-tree.cc:143) For pdf-id 876, low count 52
VLOG[1] (build-tree[5.5.1008~1-0be61]:main():build-tree.cc:143) For pdf-id 879, low count 46
VLOG[1] (build-tree[5.5.1008~1-0be61]:main():build-tree.cc:143) For pdf-id 880, low count 37
VLOG[1] (build-tree[5.5.1008~1-0be61]:main():build-tree.cc:143) For pdf-id 884, low count 59
VLOG[1] (build-tree[5.5.1008~1-0be61]:main():build-tree.cc:143) For pdf-id 885, low count 57
VLOG[1] (build-tree[5.5.1008~1-0be61]:main():build-tree.cc:143) For pdf-id 887, low count 59
VLOG[1] (build-tree[5.5.1008~1-0be61]:main():build-tree.cc:143) For pdf-id 888, low count 54
VLOG[1] (build-tree[5.5.1008~1-0be61]:main():build-tree.cc:143) For pdf-id 890, low count 71
VLOG[1] (build-tree[5.5.1008~1-0be61]:main():build-tree.cc:143) For pdf-id 895, low count 24
VLOG[1] (build-tree[5.5.1008~1-0be61]:main():build-tree.cc:143) For pdf-id 896, low count 28
VLOG[1] (build-tree[5.5.1008~1-0be61]:main():build-tree.cc:143) For pdf-id 903, low count 74
VLOG[1] (build-tree[5.5.1008~1-0be61]:main():build-tree.cc:143) For pdf-id 914, low count 79
VLOG[1] (build-tree[5.5.1008~1-0be61]:main():build-tree.cc:143) For pdf-id 916, low count 86
VLOG[1] (build-tree[5.5.1008~1-0be61]:main():build-tree.cc:143) For pdf-id 917, low count 53
VLOG[1] (build-tree[5.5.1008~1-0be61]:main():build-tree.cc:143) For pdf-id 921, low count 77
VLOG[1] (build-tree[5.5.1008~1-0be61]:main():build-tree.cc:143) For pdf-id 922, low count 69
VLOG[1] (build-tree[5.5.1008~1-0be61]:main():build-tree.cc:143) For pdf-id 923, low count 23
VLOG[1] (build-tree[5.5.1008~1-0be61]:main():build-tree.cc:143) For pdf-id 926, low count 40
VLOG[1] (build-tree[5.5.1008~1-0be61]:main():build-tree.cc:143) For pdf-id 927, low count 12
VLOG[1] (build-tree[5.5.1008~1-0be61]:main():build-tree.cc:143) For pdf-id 928, low count 99
VLOG[1] (build-tree[5.5.1008~1-0be61]:main():build-tree.cc:143) For pdf-id 930, low count 28
VLOG[1] (build-tree[5.5.1008~1-0be61]:main():build-tree.cc:143) For pdf-id 933, low count 34
VLOG[1] (build-tree[5.5.1008~1-0be61]:main():build-tree.cc:143) For pdf-id 941, low count 28
VLOG[1] (build-tree[5.5.1008~1-0be61]:main():build-tree.cc:143) For pdf-id 949, low count 76
VLOG[1] (build-tree[5.5.1008~1-0be61]:main():build-tree.cc:143) For pdf-id 950, low count 23
VLOG[1] (build-tree[5.5.1008~1-0be61]:main():build-tree.cc:143) For pdf-id 958, low count 24
VLOG[1] (build-tree[5.5.1008~1-0be61]:main():build-tree.cc:143) For pdf-id 960, low count 16
VLOG[1] (build-tree[5.5.1008~1-0be61]:main():build-tree.cc:143) For pdf-id 963, low count 89
VLOG[1] (build-tree[5.5.1008~1-0be61]:main():build-tree.cc:143) For pdf-id 972, low count 57
VLOG[1] (build-tree[5.5.1008~1-0be61]:main():build-tree.cc:143) For pdf-id 973, low count 88
VLOG[1] (build-tree[5.5.1008~1-0be61]:main():build-tree.cc:143) For pdf-id 976, low count 50
VLOG[1] (build-tree[5.5.1008~1-0be61]:main():build-tree.cc:143) For pdf-id 978, low count 89
VLOG[1] (build-tree[5.5.1008~1-0be61]:main():build-tree.cc:143) For pdf-id 982, low count 97
VLOG[1] (build-tree[5.5.1008~1-0be61]:main():build-tree.cc:143) For pdf-id 991, low count 72
VLOG[1] (build-tree[5.5.1008~1-0be61]:main():build-tree.cc:143) For pdf-id 998, low count 97
VLOG[1] (build-tree[5.5.1008~1-0be61]:main():build-tree.cc:143) For pdf-id 999, low count 39
VLOG[1] (build-tree[5.5.1008~1-0be61]:main():build-tree.cc:143) For pdf-id 1004, low count 50
VLOG[1] (build-tree[5.5.1008~1-0be61]:main():build-tree.cc:143) For pdf-id 1007, low count 79
VLOG[1] (build-tree[5.5.1008~1-0be61]:main():build-tree.cc:143) For pdf-id 1009, low count 79
VLOG[1] (build-tree[5.5.1008~1-0be61]:main():build-tree.cc:143) For pdf-id 1018, low count 63
VLOG[1] (build-tree[5.5.1008~1-0be61]:main():build-tree.cc:143) For pdf-id 1019, low count 23
VLOG[1] (build-tree[5.5.1008~1-0be61]:main():build-tree.cc:143) For pdf-id 1021, low count 63
VLOG[1] (build-tree[5.5.1008~1-0be61]:main():build-tree.cc:143) For pdf-id 1027, low count 81
VLOG[1] (build-tree[5.5.1008~1-0be61]:main():build-tree.cc:143) For pdf-id 1029, low count 86
VLOG[1] (build-tree[5.5.1008~1-0be61]:main():build-tree.cc:143) For pdf-id 1038, low count 66
VLOG[1] (build-tree[5.5.1008~1-0be61]:main():build-tree.cc:143) For pdf-id 1044, low count 79
VLOG[1] (build-tree[5.5.1008~1-0be61]:main():build-tree.cc:143) For pdf-id 1045, low count 65
VLOG[1] (build-tree[5.5.1008~1-0be61]:main():build-tree.cc:143) For pdf-id 1046, low count 66
VLOG[1] (build-tree[5.5.1008~1-0be61]:main():build-tree.cc:143) For pdf-id 1047, low count 64
VLOG[1] (build-tree[5.5.1008~1-0be61]:main():build-tree.cc:143) For pdf-id 1049, low count 67
VLOG[1] (build-tree[5.5.1008~1-0be61]:main():build-tree.cc:143) For pdf-id 1053, low count 91
VLOG[1] (build-tree[5.5.1008~1-0be61]:main():build-tree.cc:143) For pdf-id 1058, low count 75
VLOG[1] (build-tree[5.5.1008~1-0be61]:main():build-tree.cc:143) For pdf-id 1059, low count 62
VLOG[1] (build-tree[5.5.1008~1-0be61]:main():build-tree.cc:143) For pdf-id 1064, low count 85
VLOG[1] (build-tree[5.5.1008~1-0be61]:main():build-tree.cc:143) For pdf-id 1073, low count 59
VLOG[1] (build-tree[5.5.1008~1-0be61]:main():build-tree.cc:143) For pdf-id 1078, low count 41
VLOG[1] (build-tree[5.5.1008~1-0be61]:main():build-tree.cc:143) For pdf-id 1080, low count 56
VLOG[1] (build-tree[5.5.1008~1-0be61]:main():build-tree.cc:143) For pdf-id 1085, low count 85
VLOG[1] (build-tree[5.5.1008~1-0be61]:main():build-tree.cc:143) For pdf-id 1087, low count 78
VLOG[1] (build-tree[5.5.1008~1-0be61]:main():build-tree.cc:143) For pdf-id 1089, low count 77
VLOG[1] (build-tree[5.5.1008~1-0be61]:main():build-tree.cc:143) For pdf-id 1095, low count 53
VLOG[1] (build-tree[5.5.1008~1-0be61]:main():build-tree.cc:143) For pdf-id 1100, low count 27
VLOG[1] (build-tree[5.5.1008~1-0be61]:main():build-tree.cc:143) For pdf-id 1102, low count 33
VLOG[1] (build-tree[5.5.1008~1-0be61]:main():build-tree.cc:143) For pdf-id 1104, low count 97
VLOG[1] (build-tree[5.5.1008~1-0be61]:main():build-tree.cc:143) For pdf-id 1105, low count 24
VLOG[1] (build-tree[5.5.1008~1-0be61]:main():build-tree.cc:143) For pdf-id 1125, low count 71
VLOG[1] (build-tree[5.5.1008~1-0be61]:main():build-tree.cc:143) For pdf-id 1127, low count 27
VLOG[1] (build-tree[5.5.1008~1-0be61]:main():build-tree.cc:143) For pdf-id 1129, low count 84
VLOG[1] (build-tree[5.5.1008~1-0be61]:main():build-tree.cc:143) For pdf-id 1132, low count 97
VLOG[1] (build-tree[5.5.1008~1-0be61]:main():build-tree.cc:143) For pdf-id 1135, low count 87
VLOG[1] (build-tree[5.5.1008~1-0be61]:main():build-tree.cc:143) For pdf-id 1147, low count 26
VLOG[1] (build-tree[5.5.1008~1-0be61]:main():build-tree.cc:143) For pdf-id 1171, low count 60
VLOG[1] (build-tree[5.5.1008~1-0be61]:main():build-tree.cc:143) For pdf-id 1181, low count 45
VLOG[1] (build-tree[5.5.1008~1-0be61]:main():build-tree.cc:143) For pdf-id 1184, low count 24
VLOG[1] (build-tree[5.5.1008~1-0be61]:main():build-tree.cc:143) For pdf-id 1185, low count 38
VLOG[1] (build-tree[5.5.1008~1-0be61]:main():build-tree.cc:143) For pdf-id 1190, low count 43
VLOG[1] (build-tree[5.5.1008~1-0be61]:main():build-tree.cc:143) For pdf-id 1197, low count 96
VLOG[1] (build-tree[5.5.1008~1-0be61]:main():build-tree.cc:143) For pdf-id 1204, low count 74
VLOG[1] (build-tree[5.5.1008~1-0be61]:main():build-tree.cc:143) For pdf-id 1206, low count 56
VLOG[1] (build-tree[5.5.1008~1-0be61]:main():build-tree.cc:143) For pdf-id 1210, low count 63
VLOG[1] (build-tree[5.5.1008~1-0be61]:main():build-tree.cc:143) For pdf-id 1211, low count 93
VLOG[1] (build-tree[5.5.1008~1-0be61]:main():build-tree.cc:143) For pdf-id 1212, low count 20
VLOG[1] (build-tree[5.5.1008~1-0be61]:main():build-tree.cc:143) For pdf-id 1214, low count 31
VLOG[1] (build-tree[5.5.1008~1-0be61]:main():build-tree.cc:143) For pdf-id 1218, low count 59
VLOG[1] (build-tree[5.5.1008~1-0be61]:main():build-tree.cc:143) For pdf-id 1219, low count 35
VLOG[1] (build-tree[5.5.1008~1-0be61]:main():build-tree.cc:143) For pdf-id 1224, low count 70
VLOG[1] (build-tree[5.5.1008~1-0be61]:main():build-tree.cc:143) For pdf-id 1238, low count 44
VLOG[1] (build-tree[5.5.1008~1-0be61]:main():build-tree.cc:143) For pdf-id 1240, low count 47
VLOG[1] (build-tree[5.5.1008~1-0be61]:main():build-tree.cc:143) For pdf-id 1247, low count 49
VLOG[1] (build-tree[5.5.1008~1-0be61]:main():build-tree.cc:143) For pdf-id 1251, low count 54
VLOG[1] (build-tree[5.5.1008~1-0be61]:main():build-tree.cc:143) For pdf-id 1253, low count 89
VLOG[1] (build-tree[5.5.1008~1-0be61]:main():build-tree.cc:143) For pdf-id 1256, low count 50
VLOG[1] (build-tree[5.5.1008~1-0be61]:main():build-tree.cc:143) For pdf-id 1261, low count 46
VLOG[1] (build-tree[5.5.1008~1-0be61]:main():build-tree.cc:143) For pdf-id 1272, low count 59
VLOG[1] (build-tree[5.5.1008~1-0be61]:main():build-tree.cc:143) For pdf-id 1275, low count 64
VLOG[1] (build-tree[5.5.1008~1-0be61]:main():build-tree.cc:143) For pdf-id 1276, low count 83
VLOG[1] (build-tree[5.5.1008~1-0be61]:main():build-tree.cc:143) For pdf-id 1279, low count 36
VLOG[1] (build-tree[5.5.1008~1-0be61]:main():build-tree.cc:143) For pdf-id 1280, low count 67
VLOG[1] (build-tree[5.5.1008~1-0be61]:main():build-tree.cc:143) For pdf-id 1282, low count 61
VLOG[1] (build-tree[5.5.1008~1-0be61]:main():build-tree.cc:143) For pdf-id 1286, low count 91
VLOG[1] (build-tree[5.5.1008~1-0be61]:main():build-tree.cc:143) For pdf-id 1292, low count 46
VLOG[1] (build-tree[5.5.1008~1-0be61]:main():build-tree.cc:143) For pdf-id 1298, low count 74
VLOG[1] (build-tree[5.5.1008~1-0be61]:main():build-tree.cc:143) For pdf-id 1309, low count 51
VLOG[1] (build-tree[5.5.1008~1-0be61]:main():build-tree.cc:143) For pdf-id 1311, low count 42
VLOG[1] (build-tree[5.5.1008~1-0be61]:main():build-tree.cc:143) For pdf-id 1317, low count 49
VLOG[1] (build-tree[5.5.1008~1-0be61]:main():build-tree.cc:143) For pdf-id 1323, low count 61
VLOG[1] (build-tree[5.5.1008~1-0be61]:main():build-tree.cc:143) For pdf-id 1328, low count 42
VLOG[1] (build-tree[5.5.1008~1-0be61]:main():build-tree.cc:143) For pdf-id 1330, low count 79
VLOG[1] (build-tree[5.5.1008~1-0be61]:main():build-tree.cc:143) For pdf-id 1333, low count 56
VLOG[1] (build-tree[5.5.1008~1-0be61]:main():build-tree.cc:143) For pdf-id 1336, low count 60
VLOG[1] (build-tree[5.5.1008~1-0be61]:main():build-tree.cc:143) For pdf-id 1343, low count 86
VLOG[1] (build-tree[5.5.1008~1-0be61]:main():build-tree.cc:143) For pdf-id 1347, low count 60
VLOG[1] (build-tree[5.5.1008~1-0be61]:main():build-tree.cc:143) For pdf-id 1353, low count 74
VLOG[1] (build-tree[5.5.1008~1-0be61]:main():build-tree.cc:143) For pdf-id 1370, low count 88
VLOG[1] (build-tree[5.5.1008~1-0be61]:main():build-tree.cc:143) For pdf-id 1372, low count 32
VLOG[1] (build-tree[5.5.1008~1-0be61]:main():build-tree.cc:143) For pdf-id 1373, low count 68
VLOG[1] (build-tree[5.5.1008~1-0be61]:main():build-tree.cc:143) For pdf-id 1382, low count 92
VLOG[1] (build-tree[5.5.1008~1-0be61]:main():build-tree.cc:143) For pdf-id 1384, low count 21
VLOG[1] (build-tree[5.5.1008~1-0be61]:main():build-tree.cc:143) For pdf-id 1391, low count 38
VLOG[1] (build-tree[5.5.1008~1-0be61]:main():build-tree.cc:143) For pdf-id 1392, low count 73
VLOG[1] (build-tree[5.5.1008~1-0be61]:main():build-tree.cc:143) For pdf-id 1393, low count 82
VLOG[1] (build-tree[5.5.1008~1-0be61]:main():build-tree.cc:143) For pdf-id 1396, low count 19
VLOG[1] (build-tree[5.5.1008~1-0be61]:main():build-tree.cc:143) For pdf-id 1399, low count 42
VLOG[1] (build-tree[5.5.1008~1-0be61]:main():build-tree.cc:143) For pdf-id 1400, low count 16
VLOG[1] (build-tree[5.5.1008~1-0be61]:main():build-tree.cc:143) For pdf-id 1401, low count 41
VLOG[1] (build-tree[5.5.1008~1-0be61]:main():build-tree.cc:143) For pdf-id 1402, low count 73
VLOG[1] (build-tree[5.5.1008~1-0be61]:main():build-tree.cc:143) For pdf-id 1406, low count 19
VLOG[1] (build-tree[5.5.1008~1-0be61]:main():build-tree.cc:143) For pdf-id 1407, low count 38
VLOG[1] (build-tree[5.5.1008~1-0be61]:main():build-tree.cc:143) For pdf-id 1411, low count 80
VLOG[1] (build-tree[5.5.1008~1-0be61]:main():build-tree.cc:143) For pdf-id 1415, low count 14
VLOG[1] (build-tree[5.5.1008~1-0be61]:main():build-tree.cc:143) For pdf-id 1421, low count 12
VLOG[1] (build-tree[5.5.1008~1-0be61]:main():build-tree.cc:143) For pdf-id 1423, low count 48
VLOG[1] (build-tree[5.5.1008~1-0be61]:main():build-tree.cc:143) For pdf-id 1428, low count 23
VLOG[1] (build-tree[5.5.1008~1-0be61]:main():build-tree.cc:143) For pdf-id 1429, low count 13
VLOG[1] (build-tree[5.5.1008~1-0be61]:main():build-tree.cc:143) For pdf-id 1430, low count 84
VLOG[1] (build-tree[5.5.1008~1-0be61]:main():build-tree.cc:143) For pdf-id 1433, low count 95
VLOG[1] (build-tree[5.5.1008~1-0be61]:main():build-tree.cc:143) For pdf-id 1442, low count 63
VLOG[1] (build-tree[5.5.1008~1-0be61]:main():build-tree.cc:143) For pdf-id 1444, low count 60
VLOG[1] (build-tree[5.5.1008~1-0be61]:main():build-tree.cc:143) For pdf-id 1447, low count 83
WARNING (build-tree[5.5.1008~1-0be61]:main():build-tree.cc:185) Saw no stats for following phones: 2 3 4 6 7 8 9 11 12 13 14 15 16 17 18 19 20 21 22 23 24 25 26 27 28 29 30 31 32 33 34 35 36 37 39 40 41 43 44 45 46 47 48 49 50 51 52 54 56 57 58 59 60 61 62 63 64 65 66 67 68 69 70 71 72 73 74 75 76 77 78 81 82 83 84 85 86 87 89 90 91 92 93 94 95 96 97 98 100 101 102 103 104 105 106 107 108 109 110 111 112 113 114 115 116 117 118 120 121 123 124 125 126 127 128 129 131 132 133 134 135 136 137 138 139 140 141 142 146 149 150 153 154 157 158 160 161 162 165 166 169 170 173 178 180 181 185 186 189 190 193 197 198 199 200 201 202 205 206 209 210 213 214 217 218 219 220 221 222 225 226 229 230 233 238 240 241 243 245 247 249 251 253 255 257 258 261 262 265 266 269 270 274 277 278 281 282 285 286 289 290 293 294 296 297 298 301 302 305 306 309 310 313 314 316 317 318 322 325 326 330 333 334 336 337 345 351 353 355 357 359 361 369 378 381 385 386 389 390 392 393 397 398 400 401 402 405 414 417 418 419 420 421 422 425 429 430 433 434 437 438 439 440 441 446 449 453 458 461 462 465 466 473 481 485 489 490 491 492 493 497 501 505 510 512 513 515 517 519 520 521 524 525 530 531 532 533 537 546 550 552 553 554 557 558 561 562 565 566 569 570 572 573 574 577 578 580 581 582 585 586 589 590 592 593 594 597 599 601 603 605 607 609 611 613 615 617 618 620 621 622 625 626 629 630 631 632 633 634 637 638 641 642 645 646 649 653 654 657 662 665 666 667 668 669 671 673 675 677 679 681 683 685 687 689 691 693 694 697 710 712 713 714 715 717 718 721 722 725 726 727 728 729 730 733 737 738 741 745 753 754 757 769 770 772 773 777 785 793 798 801 805 806 807 808 809 810 813 814 817 825 826 827 828 829 830 833 846 847 848 849 850 853 861 862 870 873 874 875 877 882 884 885 886 889 893 894 895 896 897 899 901 903 905 907 909 
LOG (build-tree[5.5.1008~1-0be61]:main():build-tree.cc:189) Wrote tree
# Accounting: time=29 threads=1
# Ended (code 0) at Fri Mar  4 16:37:41 CST 2022, elapsed time 29 seconds
