# gmm-init-model --write-occs=/root/data/mys/data/exp/tri/1.occs /root/data/mys/data/exp/tri/tree /root/data/mys/data/exp/tri/treeacc /root/data/mys/data/G/normal/lang/topo /root/data/mys/data/exp/tri/1.mdl 
# Started at Fri Mar  4 16:37:41 CST 2022
#
gmm-init-model --write-occs=/root/data/mys/data/exp/tri/1.occs /root/data/mys/data/exp/tri/tree /root/data/mys/data/exp/tri/treeacc /root/data/mys/data/G/normal/lang/topo /root/data/mys/data/exp/tri/1.mdl 
LOG (gmm-init-model[5.5.1008~1-0be61]:main():gmm-init-model.cc:271) Number of separate statistics is 36928
WARNING (gmm-init-model[5.5.1008~1-0be61]:InitAmGmm():gmm-init-model.cc:55) Tree has pdf-id 1 with no stats; corresponding phone list: 6 7 8 9 
WARNING (gmm-init-model[5.5.1008~1-0be61]:InitAmGmm():gmm-init-model.cc:55) Tree has pdf-id 3 with no stats; corresponding phone list: 14 15 16 17 
WARNING (gmm-init-model[5.5.1008~1-0be61]:InitAmGmm():gmm-init-model.cc:55) Tree has pdf-id 4 with no stats; corresponding phone list: 18 19 20 21 
WARNING (gmm-init-model[5.5.1008~1-0be61]:InitAmGmm():gmm-init-model.cc:55) Tree has pdf-id 5 with no stats; corresponding phone list: 22 23 24 25 
WARNING (gmm-init-model[5.5.1008~1-0be61]:InitAmGmm():gmm-init-model.cc:55) Tree has pdf-id 6 with no stats; corresponding phone list: 26 27 28 29 
WARNING (gmm-init-model[5.5.1008~1-0be61]:InitAmGmm():gmm-init-model.cc:55) Tree has pdf-id 7 with no stats; corresponding phone list: 30 31 32 33 
WARNING (gmm-init-model[5.5.1008~1-0be61]:InitAmGmm():gmm-init-model.cc:55) Tree has pdf-id 8 with no stats; corresponding phone list: 34 35 36 37 
WARNING (gmm-init-model[5.5.1008~1-0be61]:InitAmGmm():gmm-init-model.cc:55) Tree has pdf-id 11 with no stats; corresponding phone list: 46 47 48 49 
WARNING (gmm-init-model[5.5.1008~1-0be61]:InitAmGmm():gmm-init-model.cc:55) Tree has pdf-id 14 with no stats; corresponding phone list: 58 59 60 61 
WARNING (gmm-init-model[5.5.1008~1-0be61]:InitAmGmm():gmm-init-model.cc:55) Tree has pdf-id 15 with no stats; corresponding phone list: 62 63 64 65 
WARNING (gmm-init-model[5.5.1008~1-0be61]:InitAmGmm():gmm-init-model.cc:55) Tree has pdf-id 16 with no stats; corresponding phone list: 66 67 68 69 
WARNING (gmm-init-model[5.5.1008~1-0be61]:InitAmGmm():gmm-init-model.cc:55) Tree has pdf-id 17 with no stats; corresponding phone list: 70 71 72 73 
WARNING (gmm-init-model[5.5.1008~1-0be61]:InitAmGmm():gmm-init-model.cc:55) Tree has pdf-id 18 with no stats; corresponding phone list: 74 75 76 77 
WARNING (gmm-init-model[5.5.1008~1-0be61]:InitAmGmm():gmm-init-model.cc:55) Tree has pdf-id 20 with no stats; corresponding phone list: 82 83 84 85 
WARNING (gmm-init-model[5.5.1008~1-0be61]:InitAmGmm():gmm-init-model.cc:55) Tree has pdf-id 22 with no stats; corresponding phone list: 90 91 92 93 
WARNING (gmm-init-model[5.5.1008~1-0be61]:InitAmGmm():gmm-init-model.cc:55) Tree has pdf-id 23 with no stats; corresponding phone list: 94 95 96 97 
WARNING (gmm-init-model[5.5.1008~1-0be61]:InitAmGmm():gmm-init-model.cc:55) Tree has pdf-id 25 with no stats; corresponding phone list: 102 103 104 105 
WARNING (gmm-init-model[5.5.1008~1-0be61]:InitAmGmm():gmm-init-model.cc:55) Tree has pdf-id 26 with no stats; corresponding phone list: 106 107 108 109 
WARNING (gmm-init-model[5.5.1008~1-0be61]:InitAmGmm():gmm-init-model.cc:55) Tree has pdf-id 27 with no stats; corresponding phone list: 110 111 112 113 
WARNING (gmm-init-model[5.5.1008~1-0be61]:InitAmGmm():gmm-init-model.cc:55) Tree has pdf-id 28 with no stats; corresponding phone list: 114 115 116 117 
WARNING (gmm-init-model[5.5.1008~1-0be61]:InitAmGmm():gmm-init-model.cc:55) Tree has pdf-id 31 with no stats; corresponding phone list: 126 127 128 129 
WARNING (gmm-init-model[5.5.1008~1-0be61]:InitAmGmm():gmm-init-model.cc:55) Tree has pdf-id 33 with no stats; corresponding phone list: 134 135 136 137 
WARNING (gmm-init-model[5.5.1008~1-0be61]:InitAmGmm():gmm-init-model.cc:55) Tree has pdf-id 34 with no stats; corresponding phone list: 138 139 140 141 
WARNING (gmm-init-model[5.5.1008~1-0be61]:InitAmGmm():gmm-init-model.cc:55) Tree has pdf-id 49 with no stats; corresponding phone list: 198 199 200 201 
WARNING (gmm-init-model[5.5.1008~1-0be61]:InitAmGmm():gmm-init-model.cc:55) Tree has pdf-id 54 with no stats; corresponding phone list: 218 219 220 221 
WARNING (gmm-init-model[5.5.1008~1-0be61]:InitAmGmm():gmm-init-model.cc:55) Tree has pdf-id 104 with no stats; corresponding phone list: 418 419 420 421 
WARNING (gmm-init-model[5.5.1008~1-0be61]:InitAmGmm():gmm-init-model.cc:55) Tree has pdf-id 109 with no stats; corresponding phone list: 438 439 440 441 
WARNING (gmm-init-model[5.5.1008~1-0be61]:InitAmGmm():gmm-init-model.cc:55) Tree has pdf-id 122 with no stats; corresponding phone list: 490 491 492 493 
WARNING (gmm-init-model[5.5.1008~1-0be61]:InitAmGmm():gmm-init-model.cc:55) Tree has pdf-id 132 with no stats; corresponding phone list: 530 531 532 533 
WARNING (gmm-init-model[5.5.1008~1-0be61]:InitAmGmm():gmm-init-model.cc:55) Tree has pdf-id 157 with no stats; corresponding phone list: 630 631 632 633 
WARNING (gmm-init-model[5.5.1008~1-0be61]:InitAmGmm():gmm-init-model.cc:55) Tree has pdf-id 166 with no stats; corresponding phone list: 666 667 668 669 
WARNING (gmm-init-model[5.5.1008~1-0be61]:InitAmGmm():gmm-init-model.cc:55) Tree has pdf-id 181 with no stats; corresponding phone list: 726 727 728 729 
WARNING (gmm-init-model[5.5.1008~1-0be61]:InitAmGmm():gmm-init-model.cc:55) Tree has pdf-id 201 with no stats; corresponding phone list: 806 807 808 809 
WARNING (gmm-init-model[5.5.1008~1-0be61]:InitAmGmm():gmm-init-model.cc:55) Tree has pdf-id 206 with no stats; corresponding phone list: 826 827 828 829 
WARNING (gmm-init-model[5.5.1008~1-0be61]:InitAmGmm():gmm-init-model.cc:55) Tree has pdf-id 211 with no stats; corresponding phone list: 846 847 848 849 
WARNING (gmm-init-model[5.5.1008~1-0be61]:InitAmGmm():gmm-init-model.cc:55) Tree has pdf-id 223 with no stats; corresponding phone list: 894 895 896 897 
WARNING (gmm-init-model[5.5.1008~1-0be61]:InitAmGmm():gmm-init-model.cc:83) Very small count for state 2: 8; corresponding phone list: 10 11 12 13 
WARNING (gmm-init-model[5.5.1008~1-0be61]:InitAmGmm():gmm-init-model.cc:83) Very small count for state 13: 27; corresponding phone list: 54 55 56 57 
WARNING (gmm-init-model[5.5.1008~1-0be61]:InitAmGmm():gmm-init-model.cc:83) Very small count for state 19: 71; corresponding phone list: 78 79 80 81 
WARNING (gmm-init-model[5.5.1008~1-0be61]:InitAmGmm():gmm-init-model.cc:83) Very small count for state 21: 25; corresponding phone list: 86 87 88 89 
WARNING (gmm-init-model[5.5.1008~1-0be61]:InitAmGmm():gmm-init-model.cc:83) Very small count for state 29: 34; corresponding phone list: 118 119 120 121 
WARNING (gmm-init-model[5.5.1008~1-0be61]:InitAmGmm():gmm-init-model.cc:83) Very small count for state 30: 12; corresponding phone list: 122 123 124 125 
WARNING (gmm-init-model[5.5.1008~1-0be61]:InitAmGmm():gmm-init-model.cc:83) Very small count for state 32: 15; corresponding phone list: 130 131 132 133 
WARNING (gmm-init-model[5.5.1008~1-0be61]:InitAmGmm():gmm-init-model.cc:83) Very small count for state 36: 91; corresponding phone list: 146 147 148 149 
WARNING (gmm-init-model[5.5.1008~1-0be61]:InitAmGmm():gmm-init-model.cc:83) Very small count for state 39: 98; corresponding phone list: 158 159 160 161 
WARNING (gmm-init-model[5.5.1008~1-0be61]:InitAmGmm():gmm-init-model.cc:83) Very small count for state 41: 96; corresponding phone list: 166 167 168 169 
WARNING (gmm-init-model[5.5.1008~1-0be61]:InitAmGmm():gmm-init-model.cc:83) Very small count for state 42: 27; corresponding phone list: 170 171 172 173 
WARNING (gmm-init-model[5.5.1008~1-0be61]:InitAmGmm():gmm-init-model.cc:83) Very small count for state 44: 42; corresponding phone list: 178 179 180 181 
WARNING (gmm-init-model[5.5.1008~1-0be61]:InitAmGmm():gmm-init-model.cc:83) Very small count for state 45: 39; corresponding phone list: 182 183 184 185 
WARNING (gmm-init-model[5.5.1008~1-0be61]:InitAmGmm():gmm-init-model.cc:83) Very small count for state 53: 47; corresponding phone list: 214 215 216 217 
WARNING (gmm-init-model[5.5.1008~1-0be61]:InitAmGmm():gmm-init-model.cc:83) Very small count for state 55: 33; corresponding phone list: 222 223 224 225 
WARNING (gmm-init-model[5.5.1008~1-0be61]:InitAmGmm():gmm-init-model.cc:83) Very small count for state 56: 14; corresponding phone list: 226 227 228 229 
WARNING (gmm-init-model[5.5.1008~1-0be61]:InitAmGmm():gmm-init-model.cc:83) Very small count for state 57: 59; corresponding phone list: 230 231 232 233 
WARNING (gmm-init-model[5.5.1008~1-0be61]:InitAmGmm():gmm-init-model.cc:83) Very small count for state 59: 29; corresponding phone list: 238 239 240 241 
WARNING (gmm-init-model[5.5.1008~1-0be61]:InitAmGmm():gmm-init-model.cc:83) Very small count for state 62: 69; corresponding phone list: 250 251 252 253 
WARNING (gmm-init-model[5.5.1008~1-0be61]:InitAmGmm():gmm-init-model.cc:83) Very small count for state 66: 74; corresponding phone list: 266 267 268 269 
WARNING (gmm-init-model[5.5.1008~1-0be61]:InitAmGmm():gmm-init-model.cc:83) Very small count for state 69: 57; corresponding phone list: 278 279 280 281 
WARNING (gmm-init-model[5.5.1008~1-0be61]:InitAmGmm():gmm-init-model.cc:83) Very small count for state 70: 41; corresponding phone list: 282 283 284 285 
WARNING (gmm-init-model[5.5.1008~1-0be61]:InitAmGmm():gmm-init-model.cc:83) Very small count for state 71: 72; corresponding phone list: 286 287 288 289 
WARNING (gmm-init-model[5.5.1008~1-0be61]:InitAmGmm():gmm-init-model.cc:83) Very small count for state 73: 74; corresponding phone list: 294 295 296 297 
WARNING (gmm-init-model[5.5.1008~1-0be61]:InitAmGmm():gmm-init-model.cc:83) Very small count for state 76: 26; corresponding phone list: 306 307 308 309 
WARNING (gmm-init-model[5.5.1008~1-0be61]:InitAmGmm():gmm-init-model.cc:83) Very small count for state 78: 88; corresponding phone list: 314 315 316 317 
WARNING (gmm-init-model[5.5.1008~1-0be61]:InitAmGmm():gmm-init-model.cc:83) Very small count for state 79: 74; corresponding phone list: 318 319 320 321 
WARNING (gmm-init-model[5.5.1008~1-0be61]:InitAmGmm():gmm-init-model.cc:83) Very small count for state 83: 49; corresponding phone list: 334 335 336 337 
WARNING (gmm-init-model[5.5.1008~1-0be61]:InitAmGmm():gmm-init-model.cc:83) Very small count for state 84: 75; corresponding phone list: 338 339 340 341 
WARNING (gmm-init-model[5.5.1008~1-0be61]:InitAmGmm():gmm-init-model.cc:83) Very small count for state 85: 24; corresponding phone list: 342 343 344 345 
WARNING (gmm-init-model[5.5.1008~1-0be61]:InitAmGmm():gmm-init-model.cc:83) Very small count for state 86: 57; corresponding phone list: 346 347 348 349 
WARNING (gmm-init-model[5.5.1008~1-0be61]:InitAmGmm():gmm-init-model.cc:83) Very small count for state 89: 84; corresponding phone list: 358 359 360 361 
WARNING (gmm-init-model[5.5.1008~1-0be61]:InitAmGmm():gmm-init-model.cc:83) Very small count for state 92: 96; corresponding phone list: 370 371 372 373 
WARNING (gmm-init-model[5.5.1008~1-0be61]:InitAmGmm():gmm-init-model.cc:83) Very small count for state 94: 84; corresponding phone list: 378 379 380 381 
WARNING (gmm-init-model[5.5.1008~1-0be61]:InitAmGmm():gmm-init-model.cc:83) Very small count for state 96: 46; corresponding phone list: 386 387 388 389 
WARNING (gmm-init-model[5.5.1008~1-0be61]:InitAmGmm():gmm-init-model.cc:83) Very small count for state 97: 20; corresponding phone list: 390 391 392 393 
WARNING (gmm-init-model[5.5.1008~1-0be61]:InitAmGmm():gmm-init-model.cc:83) Very small count for state 99: 17; corresponding phone list: 398 399 400 401 
WARNING (gmm-init-model[5.5.1008~1-0be61]:InitAmGmm():gmm-init-model.cc:83) Very small count for state 106: 74; corresponding phone list: 426 427 428 429 
WARNING (gmm-init-model[5.5.1008~1-0be61]:InitAmGmm():gmm-init-model.cc:83) Very small count for state 107: 81; corresponding phone list: 430 431 432 433 
WARNING (gmm-init-model[5.5.1008~1-0be61]:InitAmGmm():gmm-init-model.cc:83) Very small count for state 108: 75; corresponding phone list: 434 435 436 437 
WARNING (gmm-init-model[5.5.1008~1-0be61]:InitAmGmm():gmm-init-model.cc:83) Very small count for state 114: 44; corresponding phone list: 458 459 460 461 
WARNING (gmm-init-model[5.5.1008~1-0be61]:InitAmGmm():gmm-init-model.cc:83) Very small count for state 117: 84; corresponding phone list: 470 471 472 473 
WARNING (gmm-init-model[5.5.1008~1-0be61]:InitAmGmm():gmm-init-model.cc:83) Very small count for state 118: 87; corresponding phone list: 474 475 476 477 
WARNING (gmm-init-model[5.5.1008~1-0be61]:InitAmGmm():gmm-init-model.cc:83) Very small count for state 119: 87; corresponding phone list: 478 479 480 481 
WARNING (gmm-init-model[5.5.1008~1-0be61]:InitAmGmm():gmm-init-model.cc:83) Very small count for state 121: 67; corresponding phone list: 486 487 488 489 
WARNING (gmm-init-model[5.5.1008~1-0be61]:InitAmGmm():gmm-init-model.cc:83) Very small count for state 123: 63; corresponding phone list: 494 495 496 497 
WARNING (gmm-init-model[5.5.1008~1-0be61]:InitAmGmm():gmm-init-model.cc:83) Very small count for state 127: 60; corresponding phone list: 510 511 512 513 
WARNING (gmm-init-model[5.5.1008~1-0be61]:InitAmGmm():gmm-init-model.cc:83) Very small count for state 128: 86; corresponding phone list: 514 515 516 517 
WARNING (gmm-init-model[5.5.1008~1-0be61]:InitAmGmm():gmm-init-model.cc:83) Very small count for state 129: 15; corresponding phone list: 518 519 520 521 
WARNING (gmm-init-model[5.5.1008~1-0be61]:InitAmGmm():gmm-init-model.cc:83) Very small count for state 130: 26; corresponding phone list: 522 523 524 525 
WARNING (gmm-init-model[5.5.1008~1-0be61]:InitAmGmm():gmm-init-model.cc:83) Very small count for state 133: 90; corresponding phone list: 534 535 536 537 
WARNING (gmm-init-model[5.5.1008~1-0be61]:InitAmGmm():gmm-init-model.cc:83) Very small count for state 136: 60; corresponding phone list: 546 547 548 549 
WARNING (gmm-init-model[5.5.1008~1-0be61]:InitAmGmm():gmm-init-model.cc:83) Very small count for state 137: 15; corresponding phone list: 550 551 552 553 
WARNING (gmm-init-model[5.5.1008~1-0be61]:InitAmGmm():gmm-init-model.cc:83) Very small count for state 142: 29; corresponding phone list: 570 571 572 573 
WARNING (gmm-init-model[5.5.1008~1-0be61]:InitAmGmm():gmm-init-model.cc:83) Very small count for state 144: 29; corresponding phone list: 578 579 580 581 
WARNING (gmm-init-model[5.5.1008~1-0be61]:InitAmGmm():gmm-init-model.cc:83) Very small count for state 147: 65; corresponding phone list: 590 591 592 593 
WARNING (gmm-init-model[5.5.1008~1-0be61]:InitAmGmm():gmm-init-model.cc:83) Very small count for state 154: 6; corresponding phone list: 618 619 620 621 
WARNING (gmm-init-model[5.5.1008~1-0be61]:InitAmGmm():gmm-init-model.cc:83) Very small count for state 155: 43; corresponding phone list: 622 623 624 625 
WARNING (gmm-init-model[5.5.1008~1-0be61]:InitAmGmm():gmm-init-model.cc:83) Very small count for state 156: 34; corresponding phone list: 626 627 628 629 
WARNING (gmm-init-model[5.5.1008~1-0be61]:InitAmGmm():gmm-init-model.cc:83) Very small count for state 158: 40; corresponding phone list: 634 635 636 637 
WARNING (gmm-init-model[5.5.1008~1-0be61]:InitAmGmm():gmm-init-model.cc:83) Very small count for state 159: 33; corresponding phone list: 638 639 640 641 
WARNING (gmm-init-model[5.5.1008~1-0be61]:InitAmGmm():gmm-init-model.cc:83) Very small count for state 160: 89; corresponding phone list: 642 643 644 645 
WARNING (gmm-init-model[5.5.1008~1-0be61]:InitAmGmm():gmm-init-model.cc:83) Very small count for state 164: 75; corresponding phone list: 658 659 660 661 
WARNING (gmm-init-model[5.5.1008~1-0be61]:InitAmGmm():gmm-init-model.cc:83) Very small count for state 165: 70; corresponding phone list: 662 663 664 665 
WARNING (gmm-init-model[5.5.1008~1-0be61]:InitAmGmm():gmm-init-model.cc:83) Very small count for state 169: 95; corresponding phone list: 678 679 680 681 
WARNING (gmm-init-model[5.5.1008~1-0be61]:InitAmGmm():gmm-init-model.cc:83) Very small count for state 175: 72; corresponding phone list: 702 703 704 705 
WARNING (gmm-init-model[5.5.1008~1-0be61]:InitAmGmm():gmm-init-model.cc:83) Very small count for state 176: 51; corresponding phone list: 706 707 708 709 
WARNING (gmm-init-model[5.5.1008~1-0be61]:InitAmGmm():gmm-init-model.cc:83) Very small count for state 177: 27; corresponding phone list: 710 711 712 713 
WARNING (gmm-init-model[5.5.1008~1-0be61]:InitAmGmm():gmm-init-model.cc:83) Very small count for state 178: 80; corresponding phone list: 714 715 716 717 
WARNING (gmm-init-model[5.5.1008~1-0be61]:InitAmGmm():gmm-init-model.cc:83) Very small count for state 179: 62; corresponding phone list: 718 719 720 721 
WARNING (gmm-init-model[5.5.1008~1-0be61]:InitAmGmm():gmm-init-model.cc:83) Very small count for state 180: 72; corresponding phone list: 722 723 724 725 
WARNING (gmm-init-model[5.5.1008~1-0be61]:InitAmGmm():gmm-init-model.cc:83) Very small count for state 182: 23; corresponding phone list: 730 731 732 733 
WARNING (gmm-init-model[5.5.1008~1-0be61]:InitAmGmm():gmm-init-model.cc:83) Very small count for state 184: 79; corresponding phone list: 738 739 740 741 
WARNING (gmm-init-model[5.5.1008~1-0be61]:InitAmGmm():gmm-init-model.cc:83) Very small count for state 188: 87; corresponding phone list: 754 755 756 757 
WARNING (gmm-init-model[5.5.1008~1-0be61]:InitAmGmm():gmm-init-model.cc:83) Very small count for state 189: 81; corresponding phone list: 758 759 760 761 
WARNING (gmm-init-model[5.5.1008~1-0be61]:InitAmGmm():gmm-init-model.cc:83) Very small count for state 191: 78; corresponding phone list: 766 767 768 769 
WARNING (gmm-init-model[5.5.1008~1-0be61]:InitAmGmm():gmm-init-model.cc:83) Very small count for state 192: 15; corresponding phone list: 770 771 772 773 
WARNING (gmm-init-model[5.5.1008~1-0be61]:InitAmGmm():gmm-init-model.cc:83) Very small count for state 193: 62; corresponding phone list: 774 775 776 777 
WARNING (gmm-init-model[5.5.1008~1-0be61]:InitAmGmm():gmm-init-model.cc:83) Very small count for state 197: 65; corresponding phone list: 790 791 792 793 
WARNING (gmm-init-model[5.5.1008~1-0be61]:InitAmGmm():gmm-init-model.cc:83) Very small count for state 198: 87; corresponding phone list: 794 795 796 797 
WARNING (gmm-init-model[5.5.1008~1-0be61]:InitAmGmm():gmm-init-model.cc:83) Very small count for state 199: 54; corresponding phone list: 798 799 800 801 
WARNING (gmm-init-model[5.5.1008~1-0be61]:InitAmGmm():gmm-init-model.cc:83) Very small count for state 202: 52; corresponding phone list: 810 811 812 813 
WARNING (gmm-init-model[5.5.1008~1-0be61]:InitAmGmm():gmm-init-model.cc:83) Very small count for state 203: 20; corresponding phone list: 814 815 816 817 
WARNING (gmm-init-model[5.5.1008~1-0be61]:InitAmGmm():gmm-init-model.cc:83) Very small count for state 204: 37; corresponding phone list: 818 819 820 821 
WARNING (gmm-init-model[5.5.1008~1-0be61]:InitAmGmm():gmm-init-model.cc:83) Very small count for state 208: 57; corresponding phone list: 834 835 836 837 
WARNING (gmm-init-model[5.5.1008~1-0be61]:InitAmGmm():gmm-init-model.cc:83) Very small count for state 209: 79; corresponding phone list: 838 839 840 841 
WARNING (gmm-init-model[5.5.1008~1-0be61]:InitAmGmm():gmm-init-model.cc:83) Very small count for state 212: 89; corresponding phone list: 850 851 852 853 
WARNING (gmm-init-model[5.5.1008~1-0be61]:InitAmGmm():gmm-init-model.cc:83) Very small count for state 213: 38; corresponding phone list: 854 855 856 857 
WARNING (gmm-init-model[5.5.1008~1-0be61]:InitAmGmm():gmm-init-model.cc:83) Very small count for state 214: 87; corresponding phone list: 858 859 860 861 
WARNING (gmm-init-model[5.5.1008~1-0be61]:InitAmGmm():gmm-init-model.cc:83) Very small count for state 215: 92; corresponding phone list: 862 863 864 865 
WARNING (gmm-init-model[5.5.1008~1-0be61]:InitAmGmm():gmm-init-model.cc:83) Very small count for state 216: 98; corresponding phone list: 866 867 868 869 
WARNING (gmm-init-model[5.5.1008~1-0be61]:InitAmGmm():gmm-init-model.cc:83) Very small count for state 217: 95; corresponding phone list: 870 871 872 873 
WARNING (gmm-init-model[5.5.1008~1-0be61]:InitAmGmm():gmm-init-model.cc:83) Very small count for state 218: 12; corresponding phone list: 874 875 876 877 
WARNING (gmm-init-model[5.5.1008~1-0be61]:InitAmGmm():gmm-init-model.cc:83) Very small count for state 219: 27; corresponding phone list: 878 879 880 881 
WARNING (gmm-init-model[5.5.1008~1-0be61]:InitAmGmm():gmm-init-model.cc:83) Very small count for state 220: 49; corresponding phone list: 882 883 884 885 
WARNING (gmm-init-model[5.5.1008~1-0be61]:InitAmGmm():gmm-init-model.cc:83) Very small count for state 221: 44; corresponding phone list: 886 887 888 889 
WARNING (gmm-init-model[5.5.1008~1-0be61]:InitAmGmm():gmm-init-model.cc:83) Very small count for state 234: 60; corresponding phone list: 898 899 900 901 
WARNING (gmm-init-model[5.5.1008~1-0be61]:InitAmGmm():gmm-init-model.cc:83) Very small count for state 245: 40; corresponding phone list: 686 687 688 689 
WARNING (gmm-init-model[5.5.1008~1-0be61]:InitAmGmm():gmm-init-model.cc:83) Very small count for state 249: 67; corresponding phone list: 674 675 676 677 
WARNING (gmm-init-model[5.5.1008~1-0be61]:InitAmGmm():gmm-init-model.cc:83) Very small count for state 250: 51; corresponding phone list: 902 903 904 905 
WARNING (gmm-init-model[5.5.1008~1-0be61]:InitAmGmm():gmm-init-model.cc:83) Very small count for state 252: 54; corresponding phone list: 354 355 356 357 
WARNING (gmm-init-model[5.5.1008~1-0be61]:InitAmGmm():gmm-init-model.cc:83) Very small count for state 261: 73; corresponding phone list: 442 443 444 445 
WARNING (gmm-init-model[5.5.1008~1-0be61]:InitAmGmm():gmm-init-model.cc:83) Very small count for state 265: 80; corresponding phone list: 358 359 360 361 
WARNING (gmm-init-model[5.5.1008~1-0be61]:InitAmGmm():gmm-init-model.cc:83) Very small count for state 267: 45; corresponding phone list: 350 351 352 353 
WARNING (gmm-init-model[5.5.1008~1-0be61]:InitAmGmm():gmm-init-model.cc:83) Very small count for state 269: 30; corresponding phone list: 706 707 708 709 
WARNING (gmm-init-model[5.5.1008~1-0be61]:InitAmGmm():gmm-init-model.cc:83) Very small count for state 270: 83; corresponding phone list: 558 559 560 561 
WARNING (gmm-init-model[5.5.1008~1-0be61]:InitAmGmm():gmm-init-model.cc:83) Very small count for state 272: 93; corresponding phone list: 182 184 185 
WARNING (gmm-init-model[5.5.1008~1-0be61]:InitAmGmm():gmm-init-model.cc:83) Very small count for state 274: 38; corresponding phone list: 690 691 692 693 
WARNING (gmm-init-model[5.5.1008~1-0be61]:InitAmGmm():gmm-init-model.cc:83) Very small count for state 275: 63; corresponding phone list: 494 495 496 497 
WARNING (gmm-init-model[5.5.1008~1-0be61]:InitAmGmm():gmm-init-model.cc:83) Very small count for state 276: 37; corresponding phone list: 358 359 360 361 
WARNING (gmm-init-model[5.5.1008~1-0be61]:InitAmGmm():gmm-init-model.cc:83) Very small count for state 277: 74; corresponding phone list: 365 
WARNING (gmm-init-model[5.5.1008~1-0be61]:InitAmGmm():gmm-init-model.cc:83) Very small count for state 281: 93; corresponding phone list: 346 347 348 349 
WARNING (gmm-init-model[5.5.1008~1-0be61]:InitAmGmm():gmm-init-model.cc:83) Very small count for state 284: 92; corresponding phone list: 234 235 236 237 
WARNING (gmm-init-model[5.5.1008~1-0be61]:InitAmGmm():gmm-init-model.cc:83) Very small count for state 294: 89; corresponding phone list: 442 443 444 445 
WARNING (gmm-init-model[5.5.1008~1-0be61]:InitAmGmm():gmm-init-model.cc:83) Very small count for state 296: 94; corresponding phone list: 902 903 904 905 
WARNING (gmm-init-model[5.5.1008~1-0be61]:InitAmGmm():gmm-init-model.cc:83) Very small count for state 298: 81; corresponding phone list: 474 475 476 477 
WARNING (gmm-init-model[5.5.1008~1-0be61]:InitAmGmm():gmm-init-model.cc:83) Very small count for state 299: 42; corresponding phone list: 670 671 672 673 
WARNING (gmm-init-model[5.5.1008~1-0be61]:InitAmGmm():gmm-init-model.cc:83) Very small count for state 301: 84; corresponding phone list: 422 423 424 425 
WARNING (gmm-init-model[5.5.1008~1-0be61]:InitAmGmm():gmm-init-model.cc:83) Very small count for state 304: 31; corresponding phone list: 694 695 696 697 
WARNING (gmm-init-model[5.5.1008~1-0be61]:InitAmGmm():gmm-init-model.cc:83) Very small count for state 305: 91; corresponding phone list: 270 271 272 273 
WARNING (gmm-init-model[5.5.1008~1-0be61]:InitAmGmm():gmm-init-model.cc:83) Very small count for state 306: 40; corresponding phone list: 434 435 436 437 
WARNING (gmm-init-model[5.5.1008~1-0be61]:InitAmGmm():gmm-init-model.cc:83) Very small count for state 307: 29; corresponding phone list: 382 383 384 385 
WARNING (gmm-init-model[5.5.1008~1-0be61]:InitAmGmm():gmm-init-model.cc:83) Very small count for state 311: 61; corresponding phone list: 202 203 204 205 
WARNING (gmm-init-model[5.5.1008~1-0be61]:InitAmGmm():gmm-init-model.cc:83) Very small count for state 312: 55; corresponding phone list: 470 471 472 473 
WARNING (gmm-init-model[5.5.1008~1-0be61]:InitAmGmm():gmm-init-model.cc:83) Very small count for state 315: 86; corresponding phone list: 162 163 164 165 
WARNING (gmm-init-model[5.5.1008~1-0be61]:InitAmGmm():gmm-init-model.cc:83) Very small count for state 320: 39; corresponding phone list: 366 367 368 369 
WARNING (gmm-init-model[5.5.1008~1-0be61]:InitAmGmm():gmm-init-model.cc:83) Very small count for state 322: 29; corresponding phone list: 402 403 404 405 
WARNING (gmm-init-model[5.5.1008~1-0be61]:InitAmGmm():gmm-init-model.cc:83) Very small count for state 323: 63; corresponding phone list: 822 823 824 825 
WARNING (gmm-init-model[5.5.1008~1-0be61]:InitAmGmm():gmm-init-model.cc:83) Very small count for state 325: 34; corresponding phone list: 142 143 144 145 
WARNING (gmm-init-model[5.5.1008~1-0be61]:InitAmGmm():gmm-init-model.cc:83) Very small count for state 326: 33; corresponding phone list: 450 451 452 453 
WARNING (gmm-init-model[5.5.1008~1-0be61]:InitAmGmm():gmm-init-model.cc:83) Very small count for state 332: 54; corresponding phone list: 290 291 292 293 
WARNING (gmm-init-model[5.5.1008~1-0be61]:InitAmGmm():gmm-init-model.cc:83) Very small count for state 333: 77; corresponding phone list: 898 899 900 901 
WARNING (gmm-init-model[5.5.1008~1-0be61]:InitAmGmm():gmm-init-model.cc:83) Very small count for state 336: 29; corresponding phone list: 154 155 156 157 
WARNING (gmm-init-model[5.5.1008~1-0be61]:InitAmGmm():gmm-init-model.cc:83) Very small count for state 338: 79; corresponding phone list: 166 167 168 169 
WARNING (gmm-init-model[5.5.1008~1-0be61]:InitAmGmm():gmm-init-model.cc:83) Very small count for state 341: 53; corresponding phone list: 406 407 408 409 
WARNING (gmm-init-model[5.5.1008~1-0be61]:InitAmGmm():gmm-init-model.cc:83) Very small count for state 342: 40; corresponding phone list: 614 615 616 617 
WARNING (gmm-init-model[5.5.1008~1-0be61]:InitAmGmm():gmm-init-model.cc:83) Very small count for state 344: 72; corresponding phone list: 686 687 688 689 
WARNING (gmm-init-model[5.5.1008~1-0be61]:InitAmGmm():gmm-init-model.cc:83) Very small count for state 346: 44; corresponding phone list: 494 495 496 497 
WARNING (gmm-init-model[5.5.1008~1-0be61]:InitAmGmm():gmm-init-model.cc:83) Very small count for state 348: 12; corresponding phone list: 814 815 816 817 
WARNING (gmm-init-model[5.5.1008~1-0be61]:InitAmGmm():gmm-init-model.cc:83) Very small count for state 349: 24; corresponding phone list: 778 779 780 781 
WARNING (gmm-init-model[5.5.1008~1-0be61]:InitAmGmm():gmm-init-model.cc:83) Very small count for state 351: 62; corresponding phone list: 674 675 676 677 
WARNING (gmm-init-model[5.5.1008~1-0be61]:InitAmGmm():gmm-init-model.cc:83) Very small count for state 354: 79; corresponding phone list: 774 775 776 777 
WARNING (gmm-init-model[5.5.1008~1-0be61]:InitAmGmm():gmm-init-model.cc:83) Very small count for state 355: 71; corresponding phone list: 854 855 856 857 
WARNING (gmm-init-model[5.5.1008~1-0be61]:InitAmGmm():gmm-init-model.cc:83) Very small count for state 356: 34; corresponding phone list: 470 471 472 473 
WARNING (gmm-init-model[5.5.1008~1-0be61]:InitAmGmm():gmm-init-model.cc:83) Very small count for state 361: 31; corresponding phone list: 190 191 192 193 
WARNING (gmm-init-model[5.5.1008~1-0be61]:InitAmGmm():gmm-init-model.cc:83) Very small count for state 364: 20; corresponding phone list: 702 703 704 
WARNING (gmm-init-model[5.5.1008~1-0be61]:InitAmGmm():gmm-init-model.cc:83) Very small count for state 368: 48; corresponding phone list: 818 819 820 821 
WARNING (gmm-init-model[5.5.1008~1-0be61]:InitAmGmm():gmm-init-model.cc:83) Very small count for state 369: 37; corresponding phone list: 410 411 412 413 
WARNING (gmm-init-model[5.5.1008~1-0be61]:InitAmGmm():gmm-init-model.cc:83) Very small count for state 370: 41; corresponding phone list: 322 323 324 325 
WARNING (gmm-init-model[5.5.1008~1-0be61]:InitAmGmm():gmm-init-model.cc:83) Very small count for state 373: 74; corresponding phone list: 674 675 676 677 
WARNING (gmm-init-model[5.5.1008~1-0be61]:InitAmGmm():gmm-init-model.cc:83) Very small count for state 374: 82; corresponding phone list: 738 739 740 741 
WARNING (gmm-init-model[5.5.1008~1-0be61]:InitAmGmm():gmm-init-model.cc:83) Very small count for state 377: 50; corresponding phone list: 574 575 576 577 
WARNING (gmm-init-model[5.5.1008~1-0be61]:InitAmGmm():gmm-init-model.cc:83) Very small count for state 378: 50; corresponding phone list: 258 259 260 261 
WARNING (gmm-init-model[5.5.1008~1-0be61]:InitAmGmm():gmm-init-model.cc:83) Very small count for state 379: 58; corresponding phone list: 330 331 332 333 
WARNING (gmm-init-model[5.5.1008~1-0be61]:InitAmGmm():gmm-init-model.cc:83) Very small count for state 382: 47; corresponding phone list: 370 371 372 373 
WARNING (gmm-init-model[5.5.1008~1-0be61]:InitAmGmm():gmm-init-model.cc:83) Very small count for state 383: 79; corresponding phone list: 562 563 564 565 
WARNING (gmm-init-model[5.5.1008~1-0be61]:InitAmGmm():gmm-init-model.cc:83) Very small count for state 385: 29; corresponding phone list: 650 651 652 653 
WARNING (gmm-init-model[5.5.1008~1-0be61]:InitAmGmm():gmm-init-model.cc:83) Very small count for state 388: 64; corresponding phone list: 818 819 820 821 
WARNING (gmm-init-model[5.5.1008~1-0be61]:InitAmGmm():gmm-init-model.cc:83) Very small count for state 389: 75; corresponding phone list: 810 811 812 813 
WARNING (gmm-init-model[5.5.1008~1-0be61]:InitAmGmm():gmm-init-model.cc:83) Very small count for state 390: 34; corresponding phone list: 586 587 588 589 
WARNING (gmm-init-model[5.5.1008~1-0be61]:InitAmGmm():gmm-init-model.cc:83) Very small count for state 394: 73; corresponding phone list: 902 903 904 905 
WARNING (gmm-init-model[5.5.1008~1-0be61]:InitAmGmm():gmm-init-model.cc:83) Very small count for state 395: 77; corresponding phone list: 538 539 540 541 
WARNING (gmm-init-model[5.5.1008~1-0be61]:InitAmGmm():gmm-init-model.cc:83) Very small count for state 399: 35; corresponding phone list: 610 611 612 613 
WARNING (gmm-init-model[5.5.1008~1-0be61]:InitAmGmm():gmm-init-model.cc:83) Very small count for state 400: 81; corresponding phone list: 542 543 544 545 
WARNING (gmm-init-model[5.5.1008~1-0be61]:InitAmGmm():gmm-init-model.cc:83) Very small count for state 401: 22; corresponding phone list: 230 231 232 233 
WARNING (gmm-init-model[5.5.1008~1-0be61]:InitAmGmm():gmm-init-model.cc:83) Very small count for state 405: 62; corresponding phone list: 526 527 528 529 
WARNING (gmm-init-model[5.5.1008~1-0be61]:InitAmGmm():gmm-init-model.cc:83) Very small count for state 409: 66; corresponding phone list: 206 207 208 209 
WARNING (gmm-init-model[5.5.1008~1-0be61]:InitAmGmm():gmm-init-model.cc:83) Very small count for state 410: 55; corresponding phone list: 646 647 648 649 
WARNING (gmm-init-model[5.5.1008~1-0be61]:InitAmGmm():gmm-init-model.cc:83) Very small count for state 411: 93; corresponding phone list: 186 187 188 189 
WARNING (gmm-init-model[5.5.1008~1-0be61]:InitAmGmm():gmm-init-model.cc:83) Very small count for state 414: 70; corresponding phone list: 242 243 244 245 
WARNING (gmm-init-model[5.5.1008~1-0be61]:InitAmGmm():gmm-init-model.cc:83) Very small count for state 417: 41; corresponding phone list: 694 695 696 697 
WARNING (gmm-init-model[5.5.1008~1-0be61]:InitAmGmm():gmm-init-model.cc:83) Very small count for state 418: 41; corresponding phone list: 598 599 600 601 
WARNING (gmm-init-model[5.5.1008~1-0be61]:InitAmGmm():gmm-init-model.cc:83) Very small count for state 419: 38; corresponding phone list: 774 775 776 777 
WARNING (gmm-init-model[5.5.1008~1-0be61]:InitAmGmm():gmm-init-model.cc:83) Very small count for state 420: 31; corresponding phone list: 466 467 468 469 
WARNING (gmm-init-model[5.5.1008~1-0be61]:InitAmGmm():gmm-init-model.cc:83) Very small count for state 424: 77; corresponding phone list: 606 607 608 609 
WARNING (gmm-init-model[5.5.1008~1-0be61]:InitAmGmm():gmm-init-model.cc:83) Very small count for state 425: 51; corresponding phone list: 358 359 360 361 
WARNING (gmm-init-model[5.5.1008~1-0be61]:InitAmGmm():gmm-init-model.cc:83) Very small count for state 426: 53; corresponding phone list: 318 319 320 321 
WARNING (gmm-init-model[5.5.1008~1-0be61]:InitAmGmm():gmm-init-model.cc:83) Very small count for state 429: 43; corresponding phone list: 678 679 680 681 
WARNING (gmm-init-model[5.5.1008~1-0be61]:InitAmGmm():gmm-init-model.cc:83) Very small count for state 436: 32; corresponding phone list: 682 683 684 685 
WARNING (gmm-init-model[5.5.1008~1-0be61]:InitAmGmm():gmm-init-model.cc:83) Very small count for state 437: 92; corresponding phone list: 254 255 256 257 
WARNING (gmm-init-model[5.5.1008~1-0be61]:InitAmGmm():gmm-init-model.cc:83) Very small count for state 442: 40; corresponding phone list: 614 615 616 617 
WARNING (gmm-init-model[5.5.1008~1-0be61]:InitAmGmm():gmm-init-model.cc:83) Very small count for state 443: 30; corresponding phone list: 306 307 308 309 
WARNING (gmm-init-model[5.5.1008~1-0be61]:InitAmGmm():gmm-init-model.cc:83) Very small count for state 445: 96; corresponding phone list: 242 243 244 245 
WARNING (gmm-init-model[5.5.1008~1-0be61]:InitAmGmm():gmm-init-model.cc:83) Very small count for state 446: 69; corresponding phone list: 598 599 600 601 
WARNING (gmm-init-model[5.5.1008~1-0be61]:InitAmGmm():gmm-init-model.cc:83) Very small count for state 448: 72; corresponding phone list: 254 255 256 257 
WARNING (gmm-init-model[5.5.1008~1-0be61]:InitAmGmm():gmm-init-model.cc:83) Very small count for state 451: 99; corresponding phone list: 302 303 304 305 
WARNING (gmm-init-model[5.5.1008~1-0be61]:InitAmGmm():gmm-init-model.cc:83) Very small count for state 457: 31; corresponding phone list: 746 747 748 749 
WARNING (gmm-init-model[5.5.1008~1-0be61]:InitAmGmm():gmm-init-model.cc:83) Very small count for state 458: 40; corresponding phone list: 842 843 844 845 
WARNING (gmm-init-model[5.5.1008~1-0be61]:InitAmGmm():gmm-init-model.cc:83) Very small count for state 460: 27; corresponding phone list: 402 403 404 405 
WARNING (gmm-init-model[5.5.1008~1-0be61]:InitAmGmm():gmm-init-model.cc:83) Very small count for state 465: 98; corresponding phone list: 602 603 604 605 
WARNING (gmm-init-model[5.5.1008~1-0be61]:InitAmGmm():gmm-init-model.cc:83) Very small count for state 466: 30; corresponding phone list: 146 147 148 149 
WARNING (gmm-init-model[5.5.1008~1-0be61]:InitAmGmm():gmm-init-model.cc:83) Very small count for state 468: 76; corresponding phone list: 782 783 784 785 
WARNING (gmm-init-model[5.5.1008~1-0be61]:InitAmGmm():gmm-init-model.cc:83) Very small count for state 472: 63; corresponding phone list: 602 603 604 605 
WARNING (gmm-init-model[5.5.1008~1-0be61]:InitAmGmm():gmm-init-model.cc:83) Very small count for state 473: 32; corresponding phone list: 246 247 248 249 
WARNING (gmm-init-model[5.5.1008~1-0be61]:InitAmGmm():gmm-init-model.cc:83) Very small count for state 477: 36; corresponding phone list: 322 323 324 325 
WARNING (gmm-init-model[5.5.1008~1-0be61]:InitAmGmm():gmm-init-model.cc:83) Very small count for state 479: 76; corresponding phone list: 690 691 692 693 
WARNING (gmm-init-model[5.5.1008~1-0be61]:InitAmGmm():gmm-init-model.cc:83) Very small count for state 481: 42; corresponding phone list: 446 447 448 449 
WARNING (gmm-init-model[5.5.1008~1-0be61]:InitAmGmm():gmm-init-model.cc:83) Very small count for state 482: 64; corresponding phone list: 670 671 672 673 
WARNING (gmm-init-model[5.5.1008~1-0be61]:InitAmGmm():gmm-init-model.cc:83) Very small count for state 483: 25; corresponding phone list: 222 223 224 225 
WARNING (gmm-init-model[5.5.1008~1-0be61]:InitAmGmm():gmm-init-model.cc:83) Very small count for state 484: 32; corresponding phone list: 242 243 244 245 
WARNING (gmm-init-model[5.5.1008~1-0be61]:InitAmGmm():gmm-init-model.cc:83) Very small count for state 487: 94; corresponding phone list: 430 431 432 433 
WARNING (gmm-init-model[5.5.1008~1-0be61]:InitAmGmm():gmm-init-model.cc:83) Very small count for state 489: 53; corresponding phone list: 362 363 364 365 
WARNING (gmm-init-model[5.5.1008~1-0be61]:InitAmGmm():gmm-init-model.cc:83) Very small count for state 492: 36; corresponding phone list: 794 795 796 797 
WARNING (gmm-init-model[5.5.1008~1-0be61]:InitAmGmm():gmm-init-model.cc:83) Very small count for state 496: 95; corresponding phone list: 410 411 412 413 
WARNING (gmm-init-model[5.5.1008~1-0be61]:InitAmGmm():gmm-init-model.cc:83) Very small count for state 498: 66; corresponding phone list: 266 267 268 269 
WARNING (gmm-init-model[5.5.1008~1-0be61]:InitAmGmm():gmm-init-model.cc:83) Very small count for state 504: 66; corresponding phone list: 354 355 356 357 
WARNING (gmm-init-model[5.5.1008~1-0be61]:InitAmGmm():gmm-init-model.cc:83) Very small count for state 507: 78; corresponding phone list: 250 251 252 253 
WARNING (gmm-init-model[5.5.1008~1-0be61]:InitAmGmm():gmm-init-model.cc:83) Very small count for state 508: 51; corresponding phone list: 830 831 832 833 
WARNING (gmm-init-model[5.5.1008~1-0be61]:InitAmGmm():gmm-init-model.cc:83) Very small count for state 509: 36; corresponding phone list: 678 679 680 681 
WARNING (gmm-init-model[5.5.1008~1-0be61]:InitAmGmm():gmm-init-model.cc:83) Very small count for state 513: 46; corresponding phone list: 638 639 640 641 
WARNING (gmm-init-model[5.5.1008~1-0be61]:InitAmGmm():gmm-init-model.cc:83) Very small count for state 515: 33; corresponding phone list: 462 463 464 465 
WARNING (gmm-init-model[5.5.1008~1-0be61]:InitAmGmm():gmm-init-model.cc:83) Very small count for state 520: 37; corresponding phone list: 190 191 192 193 
WARNING (gmm-init-model[5.5.1008~1-0be61]:InitAmGmm():gmm-init-model.cc:83) Very small count for state 522: 20; corresponding phone list: 362 363 364 
WARNING (gmm-init-model[5.5.1008~1-0be61]:InitAmGmm():gmm-init-model.cc:83) Very small count for state 523: 56; corresponding phone list: 38 39 40 41 
WARNING (gmm-init-model[5.5.1008~1-0be61]:InitAmGmm():gmm-init-model.cc:83) Very small count for state 524: 66; corresponding phone list: 346 347 348 349 
WARNING (gmm-init-model[5.5.1008~1-0be61]:InitAmGmm():gmm-init-model.cc:83) Very small count for state 526: 23; corresponding phone list: 614 615 616 617 
WARNING (gmm-init-model[5.5.1008~1-0be61]:InitAmGmm():gmm-init-model.cc:83) Very small count for state 527: 84; corresponding phone list: 686 687 688 689 
WARNING (gmm-init-model[5.5.1008~1-0be61]:InitAmGmm():gmm-init-model.cc:83) Very small count for state 529: 49; corresponding phone list: 326 327 328 329 
WARNING (gmm-init-model[5.5.1008~1-0be61]:InitAmGmm():gmm-init-model.cc:83) Very small count for state 532: 37; corresponding phone list: 598 599 600 601 
WARNING (gmm-init-model[5.5.1008~1-0be61]:InitAmGmm():gmm-init-model.cc:83) Very small count for state 533: 14; corresponding phone list: 162 163 164 165 
WARNING (gmm-init-model[5.5.1008~1-0be61]:InitAmGmm():gmm-init-model.cc:83) Very small count for state 536: 70; corresponding phone list: 702 703 704 705 
WARNING (gmm-init-model[5.5.1008~1-0be61]:InitAmGmm():gmm-init-model.cc:83) Very small count for state 537: 46; corresponding phone list: 790 791 792 793 
WARNING (gmm-init-model[5.5.1008~1-0be61]:InitAmGmm():gmm-init-model.cc:83) Very small count for state 541: 88; corresponding phone list: 674 675 676 677 
WARNING (gmm-init-model[5.5.1008~1-0be61]:InitAmGmm():gmm-init-model.cc:83) Very small count for state 543: 51; corresponding phone list: 374 375 376 377 
WARNING (gmm-init-model[5.5.1008~1-0be61]:InitAmGmm():gmm-init-model.cc:83) Very small count for state 544: 87; corresponding phone list: 182 183 184 185 
WARNING (gmm-init-model[5.5.1008~1-0be61]:InitAmGmm():gmm-init-model.cc:83) Very small count for state 545: 55; corresponding phone list: 242 243 244 245 
WARNING (gmm-init-model[5.5.1008~1-0be61]:InitAmGmm():gmm-init-model.cc:83) Very small count for state 548: 87; corresponding phone list: 554 555 556 557 
WARNING (gmm-init-model[5.5.1008~1-0be61]:InitAmGmm():gmm-init-model.cc:83) Very small count for state 551: 99; corresponding phone list: 174 175 176 177 
WARNING (gmm-init-model[5.5.1008~1-0be61]:InitAmGmm():gmm-init-model.cc:83) Very small count for state 555: 92; corresponding phone list: 642 643 644 645 
WARNING (gmm-init-model[5.5.1008~1-0be61]:InitAmGmm():gmm-init-model.cc:83) Very small count for state 560: 69; corresponding phone list: 254 255 256 257 
WARNING (gmm-init-model[5.5.1008~1-0be61]:InitAmGmm():gmm-init-model.cc:83) Very small count for state 573: 95; corresponding phone list: 898 899 900 901 
WARNING (gmm-init-model[5.5.1008~1-0be61]:InitAmGmm():gmm-init-model.cc:83) Very small count for state 575: 91; corresponding phone list: 282 283 284 285 
WARNING (gmm-init-model[5.5.1008~1-0be61]:InitAmGmm():gmm-init-model.cc:83) Very small count for state 579: 92; corresponding phone list: 602 603 604 605 
WARNING (gmm-init-model[5.5.1008~1-0be61]:InitAmGmm():gmm-init-model.cc:83) Very small count for state 580: 70; corresponding phone list: 690 691 692 693 
WARNING (gmm-init-model[5.5.1008~1-0be61]:InitAmGmm():gmm-init-model.cc:83) Very small count for state 584: 81; corresponding phone list: 250 251 252 253 
WARNING (gmm-init-model[5.5.1008~1-0be61]:InitAmGmm():gmm-init-model.cc:83) Very small count for state 588: 76; corresponding phone list: 318 319 320 321 
WARNING (gmm-init-model[5.5.1008~1-0be61]:InitAmGmm():gmm-init-model.cc:83) Very small count for state 589: 96; corresponding phone list: 902 903 904 905 
WARNING (gmm-init-model[5.5.1008~1-0be61]:InitAmGmm():gmm-init-model.cc:83) Very small count for state 591: 45; corresponding phone list: 374 375 376 377 
WARNING (gmm-init-model[5.5.1008~1-0be61]:InitAmGmm():gmm-init-model.cc:83) Very small count for state 592: 85; corresponding phone list: 690 691 692 693 
WARNING (gmm-init-model[5.5.1008~1-0be61]:InitAmGmm():gmm-init-model.cc:83) Very small count for state 595: 48; corresponding phone list: 78 79 80 81 
WARNING (gmm-init-model[5.5.1008~1-0be61]:InitAmGmm():gmm-init-model.cc:83) Very small count for state 602: 52; corresponding phone list: 766 767 768 769 
WARNING (gmm-init-model[5.5.1008~1-0be61]:InitAmGmm():gmm-init-model.cc:83) Very small count for state 605: 35; corresponding phone list: 466 467 468 469 
WARNING (gmm-init-model[5.5.1008~1-0be61]:InitAmGmm():gmm-init-model.cc:83) Very small count for state 612: 30; corresponding phone list: 50 51 52 53 
WARNING (gmm-init-model[5.5.1008~1-0be61]:InitAmGmm():gmm-init-model.cc:83) Very small count for state 614: 99; corresponding phone list: 354 355 356 357 
WARNING (gmm-init-model[5.5.1008~1-0be61]:InitAmGmm():gmm-init-model.cc:83) Very small count for state 615: 32; corresponding phone list: 542 543 544 545 
WARNING (gmm-init-model[5.5.1008~1-0be61]:InitAmGmm():gmm-init-model.cc:83) Very small count for state 617: 22; corresponding phone list: 558 559 560 561 
WARNING (gmm-init-model[5.5.1008~1-0be61]:InitAmGmm():gmm-init-model.cc:83) Very small count for state 619: 72; corresponding phone list: 406 407 408 409 
WARNING (gmm-init-model[5.5.1008~1-0be61]:InitAmGmm():gmm-init-model.cc:83) Very small count for state 622: 90; corresponding phone list: 250 251 252 253 
WARNING (gmm-init-model[5.5.1008~1-0be61]:InitAmGmm():gmm-init-model.cc:83) Very small count for state 623: 89; corresponding phone list: 546 547 548 549 
WARNING (gmm-init-model[5.5.1008~1-0be61]:InitAmGmm():gmm-init-model.cc:83) Very small count for state 625: 58; corresponding phone list: 354 355 356 357 
WARNING (gmm-init-model[5.5.1008~1-0be61]:InitAmGmm():gmm-init-model.cc:83) Very small count for state 627: 89; corresponding phone list: 682 683 684 685 
WARNING (gmm-init-model[5.5.1008~1-0be61]:InitAmGmm():gmm-init-model.cc:83) Very small count for state 632: 25; corresponding phone list: 678 679 680 681 
WARNING (gmm-init-model[5.5.1008~1-0be61]:InitAmGmm():gmm-init-model.cc:83) Very small count for state 633: 89; corresponding phone list: 414 415 416 417 
WARNING (gmm-init-model[5.5.1008~1-0be61]:InitAmGmm():gmm-init-model.cc:83) Very small count for state 634: 97; corresponding phone list: 542 543 544 545 
WARNING (gmm-init-model[5.5.1008~1-0be61]:InitAmGmm():gmm-init-model.cc:83) Very small count for state 641: 93; corresponding phone list: 898 899 900 901 
WARNING (gmm-init-model[5.5.1008~1-0be61]:InitAmGmm():gmm-init-model.cc:83) Very small count for state 644: 36; corresponding phone list: 762 763 764 765 
WARNING (gmm-init-model[5.5.1008~1-0be61]:InitAmGmm():gmm-init-model.cc:83) Very small count for state 650: 73; corresponding phone list: 370 371 372 373 
WARNING (gmm-init-model[5.5.1008~1-0be61]:InitAmGmm():gmm-init-model.cc:83) Very small count for state 651: 30; corresponding phone list: 374 375 376 377 
WARNING (gmm-init-model[5.5.1008~1-0be61]:InitAmGmm():gmm-init-model.cc:83) Very small count for state 654: 85; corresponding phone list: 266 267 268 269 
WARNING (gmm-init-model[5.5.1008~1-0be61]:InitAmGmm():gmm-init-model.cc:83) Very small count for state 655: 82; corresponding phone list: 254 255 256 257 
WARNING (gmm-init-model[5.5.1008~1-0be61]:InitAmGmm():gmm-init-model.cc:83) Very small count for state 660: 21; corresponding phone list: 694 695 696 697 
WARNING (gmm-init-model[5.5.1008~1-0be61]:InitAmGmm():gmm-init-model.cc:83) Very small count for state 665: 73; corresponding phone list: 426 427 428 429 
WARNING (gmm-init-model[5.5.1008~1-0be61]:InitAmGmm():gmm-init-model.cc:83) Very small count for state 670: 66; corresponding phone list: 270 271 272 273 
WARNING (gmm-init-model[5.5.1008~1-0be61]:InitAmGmm():gmm-init-model.cc:83) Very small count for state 673: 72; corresponding phone list: 38 39 40 41 
WARNING (gmm-init-model[5.5.1008~1-0be61]:InitAmGmm():gmm-init-model.cc:83) Very small count for state 674: 94; corresponding phone list: 602 603 604 605 
WARNING (gmm-init-model[5.5.1008~1-0be61]:InitAmGmm():gmm-init-model.cc:83) Very small count for state 680: 48; corresponding phone list: 318 319 320 321 
WARNING (gmm-init-model[5.5.1008~1-0be61]:InitAmGmm():gmm-init-model.cc:83) Very small count for state 682: 43; corresponding phone list: 622 623 624 625 
WARNING (gmm-init-model[5.5.1008~1-0be61]:InitAmGmm():gmm-init-model.cc:83) Very small count for state 685: 89; corresponding phone list: 862 863 864 865 
WARNING (gmm-init-model[5.5.1008~1-0be61]:InitAmGmm():gmm-init-model.cc:83) Very small count for state 690: 70; corresponding phone list: 146 147 148 149 
WARNING (gmm-init-model[5.5.1008~1-0be61]:InitAmGmm():gmm-init-model.cc:83) Very small count for state 695: 86; corresponding phone list: 766 767 768 769 
WARNING (gmm-init-model[5.5.1008~1-0be61]:InitAmGmm():gmm-init-model.cc:83) Very small count for state 696: 57; corresponding phone list: 570 571 572 573 
WARNING (gmm-init-model[5.5.1008~1-0be61]:InitAmGmm():gmm-init-model.cc:83) Very small count for state 698: 76; corresponding phone list: 250 251 252 253 
WARNING (gmm-init-model[5.5.1008~1-0be61]:InitAmGmm():gmm-init-model.cc:83) Very small count for state 700: 63; corresponding phone list: 606 607 608 609 
WARNING (gmm-init-model[5.5.1008~1-0be61]:InitAmGmm():gmm-init-model.cc:83) Very small count for state 702: 51; corresponding phone list: 690 691 692 693 
WARNING (gmm-init-model[5.5.1008~1-0be61]:InitAmGmm():gmm-init-model.cc:83) Very small count for state 706: 77; corresponding phone list: 430 431 432 433 
WARNING (gmm-init-model[5.5.1008~1-0be61]:InitAmGmm():gmm-init-model.cc:83) Very small count for state 710: 46; corresponding phone list: 358 359 360 361 
WARNING (gmm-init-model[5.5.1008~1-0be61]:InitAmGmm():gmm-init-model.cc:83) Very small count for state 715: 95; corresponding phone list: 362 363 364 365 
WARNING (gmm-init-model[5.5.1008~1-0be61]:InitAmGmm():gmm-init-model.cc:83) Very small count for state 717: 30; corresponding phone list: 414 415 416 417 
WARNING (gmm-init-model[5.5.1008~1-0be61]:InitAmGmm():gmm-init-model.cc:83) Very small count for state 725: 68; corresponding phone list: 750 751 752 753 
WARNING (gmm-init-model[5.5.1008~1-0be61]:InitAmGmm():gmm-init-model.cc:83) Very small count for state 727: 49; corresponding phone list: 602 603 604 605 
WARNING (gmm-init-model[5.5.1008~1-0be61]:InitAmGmm():gmm-init-model.cc:83) Very small count for state 734: 92; corresponding phone list: 150 151 152 153 
WARNING (gmm-init-model[5.5.1008~1-0be61]:InitAmGmm():gmm-init-model.cc:83) Very small count for state 735: 17; corresponding phone list: 854 855 856 857 
WARNING (gmm-init-model[5.5.1008~1-0be61]:InitAmGmm():gmm-init-model.cc:83) Very small count for state 736: 80; corresponding phone list: 858 859 860 861 
WARNING (gmm-init-model[5.5.1008~1-0be61]:InitAmGmm():gmm-init-model.cc:83) Very small count for state 737: 51; corresponding phone list: 430 431 432 433 
WARNING (gmm-init-model[5.5.1008~1-0be61]:InitAmGmm():gmm-init-model.cc:83) Very small count for state 739: 14; corresponding phone list: 362 363 364 
WARNING (gmm-init-model[5.5.1008~1-0be61]:InitAmGmm():gmm-init-model.cc:83) Very small count for state 740: 92; corresponding phone list: 362 363 364 
WARNING (gmm-init-model[5.5.1008~1-0be61]:InitAmGmm():gmm-init-model.cc:83) Very small count for state 742: 94; corresponding phone list: 718 719 720 721 
WARNING (gmm-init-model[5.5.1008~1-0be61]:InitAmGmm():gmm-init-model.cc:83) Very small count for state 744: 66; corresponding phone list: 810 811 812 813 
WARNING (gmm-init-model[5.5.1008~1-0be61]:InitAmGmm():gmm-init-model.cc:83) Very small count for state 749: 86; corresponding phone list: 602 603 604 605 
WARNING (gmm-init-model[5.5.1008~1-0be61]:InitAmGmm():gmm-init-model.cc:83) Very small count for state 750: 21; corresponding phone list: 654 655 656 657 
WARNING (gmm-init-model[5.5.1008~1-0be61]:InitAmGmm():gmm-init-model.cc:83) Very small count for state 752: 90; corresponding phone list: 42 43 44 45 
WARNING (gmm-init-model[5.5.1008~1-0be61]:InitAmGmm():gmm-init-model.cc:83) Very small count for state 753: 74; corresponding phone list: 862 863 864 865 
WARNING (gmm-init-model[5.5.1008~1-0be61]:InitAmGmm():gmm-init-model.cc:83) Very small count for state 756: 45; corresponding phone list: 370 371 372 373 
WARNING (gmm-init-model[5.5.1008~1-0be61]:InitAmGmm():gmm-init-model.cc:83) Very small count for state 759: 65; corresponding phone list: 250 251 252 253 
WARNING (gmm-init-model[5.5.1008~1-0be61]:InitAmGmm():gmm-init-model.cc:83) Very small count for state 764: 51; corresponding phone list: 158 159 160 161 
WARNING (gmm-init-model[5.5.1008~1-0be61]:InitAmGmm():gmm-init-model.cc:83) Very small count for state 766: 41; corresponding phone list: 462 463 464 465 
WARNING (gmm-init-model[5.5.1008~1-0be61]:InitAmGmm():gmm-init-model.cc:83) Very small count for state 767: 74; corresponding phone list: 706 707 708 709 
WARNING (gmm-init-model[5.5.1008~1-0be61]:InitAmGmm():gmm-init-model.cc:83) Very small count for state 769: 59; corresponding phone list: 442 443 444 
WARNING (gmm-init-model[5.5.1008~1-0be61]:InitAmGmm():gmm-init-model.cc:83) Very small count for state 770: 59; corresponding phone list: 850 851 852 853 
WARNING (gmm-init-model[5.5.1008~1-0be61]:InitAmGmm():gmm-init-model.cc:83) Very small count for state 771: 93; corresponding phone list: 626 627 628 629 
WARNING (gmm-init-model[5.5.1008~1-0be61]:InitAmGmm():gmm-init-model.cc:83) Very small count for state 772: 46; corresponding phone list: 642 643 644 645 
WARNING (gmm-init-model[5.5.1008~1-0be61]:InitAmGmm():gmm-init-model.cc:83) Very small count for state 777: 99; corresponding phone list: 538 539 540 541 
WARNING (gmm-init-model[5.5.1008~1-0be61]:InitAmGmm():gmm-init-model.cc:83) Very small count for state 779: 81; corresponding phone list: 262 263 264 265 
WARNING (gmm-init-model[5.5.1008~1-0be61]:InitAmGmm():gmm-init-model.cc:83) Very small count for state 781: 16; corresponding phone list: 738 739 740 741 
WARNING (gmm-init-model[5.5.1008~1-0be61]:InitAmGmm():gmm-init-model.cc:83) Very small count for state 783: 40; corresponding phone list: 494 495 496 497 
WARNING (gmm-init-model[5.5.1008~1-0be61]:InitAmGmm():gmm-init-model.cc:83) Very small count for state 785: 49; corresponding phone list: 774 775 776 777 
WARNING (gmm-init-model[5.5.1008~1-0be61]:InitAmGmm():gmm-init-model.cc:83) Very small count for state 790: 57; corresponding phone list: 162 163 164 165 
WARNING (gmm-init-model[5.5.1008~1-0be61]:InitAmGmm():gmm-init-model.cc:83) Very small count for state 793: 82; corresponding phone list: 254 255 256 257 
WARNING (gmm-init-model[5.5.1008~1-0be61]:InitAmGmm():gmm-init-model.cc:83) Very small count for state 794: 81; corresponding phone list: 358 359 360 361 
WARNING (gmm-init-model[5.5.1008~1-0be61]:InitAmGmm():gmm-init-model.cc:83) Very small count for state 796: 53; corresponding phone list: 362 363 364 
WARNING (gmm-init-model[5.5.1008~1-0be61]:InitAmGmm():gmm-init-model.cc:83) Very small count for state 797: 57; corresponding phone list: 598 599 600 601 
WARNING (gmm-init-model[5.5.1008~1-0be61]:InitAmGmm():gmm-init-model.cc:83) Very small count for state 809: 22; corresponding phone list: 778 779 780 781 
WARNING (gmm-init-model[5.5.1008~1-0be61]:InitAmGmm():gmm-init-model.cc:83) Very small count for state 816: 63; corresponding phone list: 670 671 672 673 
WARNING (gmm-init-model[5.5.1008~1-0be61]:InitAmGmm():gmm-init-model.cc:83) Very small count for state 817: 83; corresponding phone list: 270 271 272 273 
WARNING (gmm-init-model[5.5.1008~1-0be61]:InitAmGmm():gmm-init-model.cc:83) Very small count for state 824: 90; corresponding phone list: 150 151 152 153 
WARNING (gmm-init-model[5.5.1008~1-0be61]:InitAmGmm():gmm-init-model.cc:83) Very small count for state 827: 66; corresponding phone list: 674 675 676 677 
WARNING (gmm-init-model[5.5.1008~1-0be61]:InitAmGmm():gmm-init-model.cc:83) Very small count for state 837: 67; corresponding phone list: 558 559 560 561 
WARNING (gmm-init-model[5.5.1008~1-0be61]:InitAmGmm():gmm-init-model.cc:83) Very small count for state 842: 90; corresponding phone list: 242 243 244 245 
WARNING (gmm-init-model[5.5.1008~1-0be61]:InitAmGmm():gmm-init-model.cc:83) Very small count for state 848: 77; corresponding phone list: 238 239 240 241 
WARNING (gmm-init-model[5.5.1008~1-0be61]:InitAmGmm():gmm-init-model.cc:83) Very small count for state 851: 68; corresponding phone list: 610 611 612 613 
WARNING (gmm-init-model[5.5.1008~1-0be61]:InitAmGmm():gmm-init-model.cc:83) Very small count for state 853: 35; corresponding phone list: 866 
WARNING (gmm-init-model[5.5.1008~1-0be61]:InitAmGmm():gmm-init-model.cc:83) Very small count for state 855: 70; corresponding phone list: 262 263 264 265 
WARNING (gmm-init-model[5.5.1008~1-0be61]:InitAmGmm():gmm-init-model.cc:83) Very small count for state 858: 75; corresponding phone list: 318 319 320 321 
WARNING (gmm-init-model[5.5.1008~1-0be61]:InitAmGmm():gmm-init-model.cc:83) Very small count for state 859: 93; corresponding phone list: 614 615 616 617 
WARNING (gmm-init-model[5.5.1008~1-0be61]:InitAmGmm():gmm-init-model.cc:83) Very small count for state 865: 95; corresponding phone list: 358 359 360 361 
WARNING (gmm-init-model[5.5.1008~1-0be61]:InitAmGmm():gmm-init-model.cc:83) Very small count for state 866: 62; corresponding phone list: 870 871 872 873 
WARNING (gmm-init-model[5.5.1008~1-0be61]:InitAmGmm():gmm-init-model.cc:83) Very small count for state 875: 86; corresponding phone list: 834 835 836 837 
WARNING (gmm-init-model[5.5.1008~1-0be61]:InitAmGmm():gmm-init-model.cc:83) Very small count for state 876: 52; corresponding phone list: 702 703 704 705 
WARNING (gmm-init-model[5.5.1008~1-0be61]:InitAmGmm():gmm-init-model.cc:83) Very small count for state 879: 46; corresponding phone list: 174 175 176 177 
WARNING (gmm-init-model[5.5.1008~1-0be61]:InitAmGmm():gmm-init-model.cc:83) Very small count for state 880: 37; corresponding phone list: 842 843 844 845 
WARNING (gmm-init-model[5.5.1008~1-0be61]:InitAmGmm():gmm-init-model.cc:83) Very small count for state 884: 59; corresponding phone list: 906 907 908 909 
WARNING (gmm-init-model[5.5.1008~1-0be61]:InitAmGmm():gmm-init-model.cc:83) Very small count for state 885: 57; corresponding phone list: 774 775 776 777 
WARNING (gmm-init-model[5.5.1008~1-0be61]:InitAmGmm():gmm-init-model.cc:83) Very small count for state 887: 59; corresponding phone list: 450 451 452 453 
WARNING (gmm-init-model[5.5.1008~1-0be61]:InitAmGmm():gmm-init-model.cc:83) Very small count for state 888: 54; corresponding phone list: 706 707 708 709 
WARNING (gmm-init-model[5.5.1008~1-0be61]:InitAmGmm():gmm-init-model.cc:83) Very small count for state 890: 71; corresponding phone list: 610 611 612 613 
WARNING (gmm-init-model[5.5.1008~1-0be61]:InitAmGmm():gmm-init-model.cc:83) Very small count for state 895: 24; corresponding phone list: 738 739 740 741 
WARNING (gmm-init-model[5.5.1008~1-0be61]:InitAmGmm():gmm-init-model.cc:83) Very small count for state 896: 28; corresponding phone list: 610 611 612 613 
WARNING (gmm-init-model[5.5.1008~1-0be61]:InitAmGmm():gmm-init-model.cc:83) Very small count for state 903: 74; corresponding phone list: 842 843 844 845 
WARNING (gmm-init-model[5.5.1008~1-0be61]:InitAmGmm():gmm-init-model.cc:83) Very small count for state 914: 79; corresponding phone list: 182 183 184 185 
WARNING (gmm-init-model[5.5.1008~1-0be61]:InitAmGmm():gmm-init-model.cc:83) Very small count for state 916: 86; corresponding phone list: 702 703 704 705 
WARNING (gmm-init-model[5.5.1008~1-0be61]:InitAmGmm():gmm-init-model.cc:83) Very small count for state 917: 53; corresponding phone list: 474 475 476 477 
WARNING (gmm-init-model[5.5.1008~1-0be61]:InitAmGmm():gmm-init-model.cc:83) Very small count for state 921: 77; corresponding phone list: 322 323 324 325 
WARNING (gmm-init-model[5.5.1008~1-0be61]:InitAmGmm():gmm-init-model.cc:83) Very small count for state 922: 69; corresponding phone list: 690 691 692 693 
WARNING (gmm-init-model[5.5.1008~1-0be61]:InitAmGmm():gmm-init-model.cc:83) Very small count for state 923: 23; corresponding phone list: 410 411 412 413 
WARNING (gmm-init-model[5.5.1008~1-0be61]:InitAmGmm():gmm-init-model.cc:83) Very small count for state 926: 40; corresponding phone list: 594 595 596 597 
WARNING (gmm-init-model[5.5.1008~1-0be61]:InitAmGmm():gmm-init-model.cc:83) Very small count for state 927: 12; corresponding phone list: 414 415 416 417 
WARNING (gmm-init-model[5.5.1008~1-0be61]:InitAmGmm():gmm-init-model.cc:83) Very small count for state 928: 99; corresponding phone list: 682 683 684 685 
WARNING (gmm-init-model[5.5.1008~1-0be61]:InitAmGmm():gmm-init-model.cc:83) Very small count for state 930: 28; corresponding phone list: 182 184 185 
WARNING (gmm-init-model[5.5.1008~1-0be61]:InitAmGmm():gmm-init-model.cc:83) Very small count for state 933: 34; corresponding phone list: 634 635 636 637 
WARNING (gmm-init-model[5.5.1008~1-0be61]:InitAmGmm():gmm-init-model.cc:83) Very small count for state 941: 28; corresponding phone list: 370 371 372 373 
WARNING (gmm-init-model[5.5.1008~1-0be61]:InitAmGmm():gmm-init-model.cc:83) Very small count for state 949: 76; corresponding phone list: 234 235 236 237 
WARNING (gmm-init-model[5.5.1008~1-0be61]:InitAmGmm():gmm-init-model.cc:83) Very small count for state 950: 23; corresponding phone list: 130 131 132 133 
WARNING (gmm-init-model[5.5.1008~1-0be61]:InitAmGmm():gmm-init-model.cc:83) Very small count for state 958: 24; corresponding phone list: 466 467 468 469 
WARNING (gmm-init-model[5.5.1008~1-0be61]:InitAmGmm():gmm-init-model.cc:83) Very small count for state 960: 16; corresponding phone list: 830 831 832 833 
WARNING (gmm-init-model[5.5.1008~1-0be61]:InitAmGmm():gmm-init-model.cc:83) Very small count for state 963: 89; corresponding phone list: 754 755 756 757 
WARNING (gmm-init-model[5.5.1008~1-0be61]:InitAmGmm():gmm-init-model.cc:83) Very small count for state 972: 57; corresponding phone list: 322 323 324 325 
WARNING (gmm-init-model[5.5.1008~1-0be61]:InitAmGmm():gmm-init-model.cc:83) Very small count for state 973: 88; corresponding phone list: 738 739 740 741 
WARNING (gmm-init-model[5.5.1008~1-0be61]:InitAmGmm():gmm-init-model.cc:83) Very small count for state 976: 50; corresponding phone list: 294 295 296 297 
WARNING (gmm-init-model[5.5.1008~1-0be61]:InitAmGmm():gmm-init-model.cc:83) Very small count for state 978: 89; corresponding phone list: 470 471 472 473 
WARNING (gmm-init-model[5.5.1008~1-0be61]:InitAmGmm():gmm-init-model.cc:83) Very small count for state 982: 97; corresponding phone list: 674 675 676 677 
WARNING (gmm-init-model[5.5.1008~1-0be61]:InitAmGmm():gmm-init-model.cc:83) Very small count for state 991: 72; corresponding phone list: 334 335 336 337 
WARNING (gmm-init-model[5.5.1008~1-0be61]:InitAmGmm():gmm-init-model.cc:83) Very small count for state 998: 97; corresponding phone list: 382 383 384 385 
WARNING (gmm-init-model[5.5.1008~1-0be61]:InitAmGmm():gmm-init-model.cc:83) Very small count for state 999: 39; corresponding phone list: 362 363 364 365 
WARNING (gmm-init-model[5.5.1008~1-0be61]:InitAmGmm():gmm-init-model.cc:83) Very small count for state 1004: 50; corresponding phone list: 798 799 800 801 
WARNING (gmm-init-model[5.5.1008~1-0be61]:InitAmGmm():gmm-init-model.cc:83) Very small count for state 1007: 79; corresponding phone list: 646 647 648 649 
WARNING (gmm-init-model[5.5.1008~1-0be61]:InitAmGmm():gmm-init-model.cc:83) Very small count for state 1009: 79; corresponding phone list: 514 515 516 517 
WARNING (gmm-init-model[5.5.1008~1-0be61]:InitAmGmm():gmm-init-model.cc:83) Very small count for state 1018: 63; corresponding phone list: 282 283 284 285 
WARNING (gmm-init-model[5.5.1008~1-0be61]:InitAmGmm():gmm-init-model.cc:83) Very small count for state 1019: 23; corresponding phone list: 838 839 840 841 
WARNING (gmm-init-model[5.5.1008~1-0be61]:InitAmGmm():gmm-init-model.cc:83) Very small count for state 1021: 63; corresponding phone list: 694 695 696 697 
WARNING (gmm-init-model[5.5.1008~1-0be61]:InitAmGmm():gmm-init-model.cc:83) Very small count for state 1027: 81; corresponding phone list: 602 603 604 605 
WARNING (gmm-init-model[5.5.1008~1-0be61]:InitAmGmm():gmm-init-model.cc:83) Very small count for state 1029: 86; corresponding phone list: 362 363 364 
WARNING (gmm-init-model[5.5.1008~1-0be61]:InitAmGmm():gmm-init-model.cc:83) Very small count for state 1038: 66; corresponding phone list: 694 695 696 697 
WARNING (gmm-init-model[5.5.1008~1-0be61]:InitAmGmm():gmm-init-model.cc:83) Very small count for state 1044: 79; corresponding phone list: 626 627 628 629 
WARNING (gmm-init-model[5.5.1008~1-0be61]:InitAmGmm():gmm-init-model.cc:83) Very small count for state 1045: 65; corresponding phone list: 810 811 812 813 
WARNING (gmm-init-model[5.5.1008~1-0be61]:InitAmGmm():gmm-init-model.cc:83) Very small count for state 1046: 66; corresponding phone list: 370 371 372 373 
WARNING (gmm-init-model[5.5.1008~1-0be61]:InitAmGmm():gmm-init-model.cc:83) Very small count for state 1047: 64; corresponding phone list: 782 783 784 785 
WARNING (gmm-init-model[5.5.1008~1-0be61]:InitAmGmm():gmm-init-model.cc:83) Very small count for state 1049: 67; corresponding phone list: 886 887 888 889 
WARNING (gmm-init-model[5.5.1008~1-0be61]:InitAmGmm():gmm-init-model.cc:83) Very small count for state 1053: 91; corresponding phone list: 226 227 228 229 
WARNING (gmm-init-model[5.5.1008~1-0be61]:InitAmGmm():gmm-init-model.cc:83) Very small count for state 1058: 75; corresponding phone list: 174 175 176 177 
WARNING (gmm-init-model[5.5.1008~1-0be61]:InitAmGmm():gmm-init-model.cc:83) Very small count for state 1059: 62; corresponding phone list: 758 759 760 761 
WARNING (gmm-init-model[5.5.1008~1-0be61]:InitAmGmm():gmm-init-model.cc:83) Very small count for state 1064: 85; corresponding phone list: 522 523 524 525 
WARNING (gmm-init-model[5.5.1008~1-0be61]:InitAmGmm():gmm-init-model.cc:83) Very small count for state 1073: 59; corresponding phone list: 746 747 748 749 
WARNING (gmm-init-model[5.5.1008~1-0be61]:InitAmGmm():gmm-init-model.cc:83) Very small count for state 1078: 41; corresponding phone list: 286 287 288 289 
WARNING (gmm-init-model[5.5.1008~1-0be61]:InitAmGmm():gmm-init-model.cc:83) Very small count for state 1080: 56; corresponding phone list: 622 623 624 625 
WARNING (gmm-init-model[5.5.1008~1-0be61]:InitAmGmm():gmm-init-model.cc:83) Very small count for state 1085: 85; corresponding phone list: 470 471 472 473 
WARNING (gmm-init-model[5.5.1008~1-0be61]:InitAmGmm():gmm-init-model.cc:83) Very small count for state 1087: 78; corresponding phone list: 206 207 208 209 
WARNING (gmm-init-model[5.5.1008~1-0be61]:InitAmGmm():gmm-init-model.cc:83) Very small count for state 1089: 77; corresponding phone list: 362 363 364 
WARNING (gmm-init-model[5.5.1008~1-0be61]:InitAmGmm():gmm-init-model.cc:83) Very small count for state 1095: 53; corresponding phone list: 242 243 244 245 
WARNING (gmm-init-model[5.5.1008~1-0be61]:InitAmGmm():gmm-init-model.cc:83) Very small count for state 1100: 27; corresponding phone list: 586 587 588 589 
WARNING (gmm-init-model[5.5.1008~1-0be61]:InitAmGmm():gmm-init-model.cc:83) Very small count for state 1102: 33; corresponding phone list: 322 323 324 325 
WARNING (gmm-init-model[5.5.1008~1-0be61]:InitAmGmm():gmm-init-model.cc:83) Very small count for state 1104: 97; corresponding phone list: 406 407 408 409 
WARNING (gmm-init-model[5.5.1008~1-0be61]:InitAmGmm():gmm-init-model.cc:83) Very small count for state 1105: 24; corresponding phone list: 778 779 780 781 
WARNING (gmm-init-model[5.5.1008~1-0be61]:InitAmGmm():gmm-init-model.cc:83) Very small count for state 1125: 71; corresponding phone list: 166 167 168 169 
WARNING (gmm-init-model[5.5.1008~1-0be61]:InitAmGmm():gmm-init-model.cc:83) Very small count for state 1127: 27; corresponding phone list: 598 599 600 601 
WARNING (gmm-init-model[5.5.1008~1-0be61]:InitAmGmm():gmm-init-model.cc:83) Very small count for state 1129: 84; corresponding phone list: 354 355 356 357 
WARNING (gmm-init-model[5.5.1008~1-0be61]:InitAmGmm():gmm-init-model.cc:83) Very small count for state 1132: 97; corresponding phone list: 494 495 496 497 
WARNING (gmm-init-model[5.5.1008~1-0be61]:InitAmGmm():gmm-init-model.cc:83) Very small count for state 1135: 87; corresponding phone list: 366 367 368 369 
WARNING (gmm-init-model[5.5.1008~1-0be61]:InitAmGmm():gmm-init-model.cc:83) Very small count for state 1147: 26; corresponding phone list: 614 615 616 617 
WARNING (gmm-init-model[5.5.1008~1-0be61]:InitAmGmm():gmm-init-model.cc:83) Very small count for state 1171: 60; corresponding phone list: 235 236 237 
WARNING (gmm-init-model[5.5.1008~1-0be61]:InitAmGmm():gmm-init-model.cc:83) Very small count for state 1181: 45; corresponding phone list: 362 363 364 365 
WARNING (gmm-init-model[5.5.1008~1-0be61]:InitAmGmm():gmm-init-model.cc:83) Very small count for state 1184: 24; corresponding phone list: 706 707 708 709 
WARNING (gmm-init-model[5.5.1008~1-0be61]:InitAmGmm():gmm-init-model.cc:83) Very small count for state 1185: 38; corresponding phone list: 238 239 240 241 
WARNING (gmm-init-model[5.5.1008~1-0be61]:InitAmGmm():gmm-init-model.cc:83) Very small count for state 1190: 43; corresponding phone list: 678 679 680 681 
WARNING (gmm-init-model[5.5.1008~1-0be61]:InitAmGmm():gmm-init-model.cc:83) Very small count for state 1197: 96; corresponding phone list: 774 775 776 777 
WARNING (gmm-init-model[5.5.1008~1-0be61]:InitAmGmm():gmm-init-model.cc:83) Very small count for state 1204: 74; corresponding phone list: 470 471 472 473 
WARNING (gmm-init-model[5.5.1008~1-0be61]:InitAmGmm():gmm-init-model.cc:83) Very small count for state 1206: 56; corresponding phone list: 378 379 380 381 
WARNING (gmm-init-model[5.5.1008~1-0be61]:InitAmGmm():gmm-init-model.cc:83) Very small count for state 1210: 63; corresponding phone list: 558 559 560 561 
WARNING (gmm-init-model[5.5.1008~1-0be61]:InitAmGmm():gmm-init-model.cc:83) Very small count for state 1211: 93; corresponding phone list: 142 143 144 145 
WARNING (gmm-init-model[5.5.1008~1-0be61]:InitAmGmm():gmm-init-model.cc:83) Very small count for state 1212: 20; corresponding phone list: 142 143 144 145 
WARNING (gmm-init-model[5.5.1008~1-0be61]:InitAmGmm():gmm-init-model.cc:83) Very small count for state 1214: 31; corresponding phone list: 170 171 172 173 
WARNING (gmm-init-model[5.5.1008~1-0be61]:InitAmGmm():gmm-init-model.cc:83) Very small count for state 1218: 59; corresponding phone list: 242 243 244 245 
WARNING (gmm-init-model[5.5.1008~1-0be61]:InitAmGmm():gmm-init-model.cc:83) Very small count for state 1219: 35; corresponding phone list: 142 143 144 145 
WARNING (gmm-init-model[5.5.1008~1-0be61]:InitAmGmm():gmm-init-model.cc:83) Very small count for state 1224: 70; corresponding phone list: 290 291 292 293 
WARNING (gmm-init-model[5.5.1008~1-0be61]:InitAmGmm():gmm-init-model.cc:83) Very small count for state 1238: 44; corresponding phone list: 534 535 536 537 
WARNING (gmm-init-model[5.5.1008~1-0be61]:InitAmGmm():gmm-init-model.cc:83) Very small count for state 1240: 47; corresponding phone list: 482 483 484 485 
WARNING (gmm-init-model[5.5.1008~1-0be61]:InitAmGmm():gmm-init-model.cc:83) Very small count for state 1247: 49; corresponding phone list: 642 643 644 645 
WARNING (gmm-init-model[5.5.1008~1-0be61]:InitAmGmm():gmm-init-model.cc:83) Very small count for state 1251: 54; corresponding phone list: 370 371 372 373 
WARNING (gmm-init-model[5.5.1008~1-0be61]:InitAmGmm():gmm-init-model.cc:83) Very small count for state 1253: 89; corresponding phone list: 466 467 468 469 
WARNING (gmm-init-model[5.5.1008~1-0be61]:InitAmGmm():gmm-init-model.cc:83) Very small count for state 1256: 50; corresponding phone list: 142 143 144 145 
WARNING (gmm-init-model[5.5.1008~1-0be61]:InitAmGmm():gmm-init-model.cc:83) Very small count for state 1261: 46; corresponding phone list: 646 647 648 649 
WARNING (gmm-init-model[5.5.1008~1-0be61]:InitAmGmm():gmm-init-model.cc:83) Very small count for state 1272: 59; corresponding phone list: 466 467 468 469 
WARNING (gmm-init-model[5.5.1008~1-0be61]:InitAmGmm():gmm-init-model.cc:83) Very small count for state 1275: 64; corresponding phone list: 458 459 460 461 
WARNING (gmm-init-model[5.5.1008~1-0be61]:InitAmGmm():gmm-init-model.cc:83) Very small count for state 1276: 83; corresponding phone list: 614 615 616 617 
WARNING (gmm-init-model[5.5.1008~1-0be61]:InitAmGmm():gmm-init-model.cc:83) Very small count for state 1279: 36; corresponding phone list: 386 387 388 389 
WARNING (gmm-init-model[5.5.1008~1-0be61]:InitAmGmm():gmm-init-model.cc:83) Very small count for state 1280: 67; corresponding phone list: 270 271 272 273 
WARNING (gmm-init-model[5.5.1008~1-0be61]:InitAmGmm():gmm-init-model.cc:83) Very small count for state 1282: 61; corresponding phone list: 558 559 560 561 
WARNING (gmm-init-model[5.5.1008~1-0be61]:InitAmGmm():gmm-init-model.cc:83) Very small count for state 1286: 91; corresponding phone list: 590 591 592 593 
WARNING (gmm-init-model[5.5.1008~1-0be61]:InitAmGmm():gmm-init-model.cc:83) Very small count for state 1292: 46; corresponding phone list: 342 343 344 345 
WARNING (gmm-init-model[5.5.1008~1-0be61]:InitAmGmm():gmm-init-model.cc:83) Very small count for state 1298: 74; corresponding phone list: 166 167 168 169 
WARNING (gmm-init-model[5.5.1008~1-0be61]:InitAmGmm():gmm-init-model.cc:83) Very small count for state 1309: 51; corresponding phone list: 798 799 800 801 
WARNING (gmm-init-model[5.5.1008~1-0be61]:InitAmGmm():gmm-init-model.cc:83) Very small count for state 1311: 42; corresponding phone list: 810 811 812 813 
WARNING (gmm-init-model[5.5.1008~1-0be61]:InitAmGmm():gmm-init-model.cc:83) Very small count for state 1317: 49; corresponding phone list: 650 652 653 
WARNING (gmm-init-model[5.5.1008~1-0be61]:InitAmGmm():gmm-init-model.cc:83) Very small count for state 1323: 61; corresponding phone list: 498 499 500 501 
WARNING (gmm-init-model[5.5.1008~1-0be61]:InitAmGmm():gmm-init-model.cc:83) Very small count for state 1328: 42; corresponding phone list: 374 375 376 377 
WARNING (gmm-init-model[5.5.1008~1-0be61]:InitAmGmm():gmm-init-model.cc:83) Very small count for state 1330: 79; corresponding phone list: 222 223 224 225 
WARNING (gmm-init-model[5.5.1008~1-0be61]:InitAmGmm():gmm-init-model.cc:83) Very small count for state 1333: 56; corresponding phone list: 370 371 372 373 
WARNING (gmm-init-model[5.5.1008~1-0be61]:InitAmGmm():gmm-init-model.cc:83) Very small count for state 1336: 60; corresponding phone list: 158 159 160 161 
WARNING (gmm-init-model[5.5.1008~1-0be61]:InitAmGmm():gmm-init-model.cc:83) Very small count for state 1343: 86; corresponding phone list: 142 143 144 145 
WARNING (gmm-init-model[5.5.1008~1-0be61]:InitAmGmm():gmm-init-model.cc:83) Very small count for state 1347: 60; corresponding phone list: 78 79 80 81 
WARNING (gmm-init-model[5.5.1008~1-0be61]:InitAmGmm():gmm-init-model.cc:83) Very small count for state 1353: 74; corresponding phone list: 306 307 308 309 
WARNING (gmm-init-model[5.5.1008~1-0be61]:InitAmGmm():gmm-init-model.cc:83) Very small count for state 1370: 88; corresponding phone list: 774 775 776 777 
WARNING (gmm-init-model[5.5.1008~1-0be61]:InitAmGmm():gmm-init-model.cc:83) Very small count for state 1372: 32; corresponding phone list: 50 51 52 53 
WARNING (gmm-init-model[5.5.1008~1-0be61]:InitAmGmm():gmm-init-model.cc:83) Very small count for state 1373: 68; corresponding phone list: 50 51 52 53 
WARNING (gmm-init-model[5.5.1008~1-0be61]:InitAmGmm():gmm-init-model.cc:83) Very small count for state 1382: 92; corresponding phone list: 766 767 768 769 
WARNING (gmm-init-model[5.5.1008~1-0be61]:InitAmGmm():gmm-init-model.cc:83) Very small count for state 1384: 21; corresponding phone list: 282 283 284 285 
WARNING (gmm-init-model[5.5.1008~1-0be61]:InitAmGmm():gmm-init-model.cc:83) Very small count for state 1391: 38; corresponding phone list: 867 868 869 
WARNING (gmm-init-model[5.5.1008~1-0be61]:InitAmGmm():gmm-init-model.cc:83) Very small count for state 1392: 73; corresponding phone list: 226 227 228 229 
WARNING (gmm-init-model[5.5.1008~1-0be61]:InitAmGmm():gmm-init-model.cc:83) Very small count for state 1393: 82; corresponding phone list: 318 319 320 321 
WARNING (gmm-init-model[5.5.1008~1-0be61]:InitAmGmm():gmm-init-model.cc:83) Very small count for state 1396: 19; corresponding phone list: 526 527 528 529 
WARNING (gmm-init-model[5.5.1008~1-0be61]:InitAmGmm():gmm-init-model.cc:83) Very small count for state 1399: 42; corresponding phone list: 258 259 260 261 
WARNING (gmm-init-model[5.5.1008~1-0be61]:InitAmGmm():gmm-init-model.cc:83) Very small count for state 1400: 16; corresponding phone list: 10 11 12 13 
WARNING (gmm-init-model[5.5.1008~1-0be61]:InitAmGmm():gmm-init-model.cc:83) Very small count for state 1401: 41; corresponding phone list: 166 167 168 169 
WARNING (gmm-init-model[5.5.1008~1-0be61]:InitAmGmm():gmm-init-model.cc:83) Very small count for state 1402: 73; corresponding phone list: 782 783 784 785 
WARNING (gmm-init-model[5.5.1008~1-0be61]:InitAmGmm():gmm-init-model.cc:83) Very small count for state 1406: 19; corresponding phone list: 210 211 212 213 
WARNING (gmm-init-model[5.5.1008~1-0be61]:InitAmGmm():gmm-init-model.cc:83) Very small count for state 1407: 38; corresponding phone list: 202 203 204 205 
WARNING (gmm-init-model[5.5.1008~1-0be61]:InitAmGmm():gmm-init-model.cc:83) Very small count for state 1411: 80; corresponding phone list: 594 595 596 597 
WARNING (gmm-init-model[5.5.1008~1-0be61]:InitAmGmm():gmm-init-model.cc:83) Very small count for state 1415: 14; corresponding phone list: 622 623 624 625 
WARNING (gmm-init-model[5.5.1008~1-0be61]:InitAmGmm():gmm-init-model.cc:83) Very small count for state 1421: 12; corresponding phone list: 86 87 88 89 
WARNING (gmm-init-model[5.5.1008~1-0be61]:InitAmGmm():gmm-init-model.cc:83) Very small count for state 1423: 48; corresponding phone list: 462 463 464 465 
WARNING (gmm-init-model[5.5.1008~1-0be61]:InitAmGmm():gmm-init-model.cc:83) Very small count for state 1428: 23; corresponding phone list: 626 627 628 629 
WARNING (gmm-init-model[5.5.1008~1-0be61]:InitAmGmm():gmm-init-model.cc:83) Very small count for state 1429: 13; corresponding phone list: 130 131 132 133 
WARNING (gmm-init-model[5.5.1008~1-0be61]:InitAmGmm():gmm-init-model.cc:83) Very small count for state 1430: 84; corresponding phone list: 462 463 464 465 
WARNING (gmm-init-model[5.5.1008~1-0be61]:InitAmGmm():gmm-init-model.cc:83) Very small count for state 1433: 95; corresponding phone list: 402 404 405 
WARNING (gmm-init-model[5.5.1008~1-0be61]:InitAmGmm():gmm-init-model.cc:83) Very small count for state 1442: 63; corresponding phone list: 450 451 452 453 
WARNING (gmm-init-model[5.5.1008~1-0be61]:InitAmGmm():gmm-init-model.cc:83) Very small count for state 1444: 60; corresponding phone list: 622 623 624 625 
WARNING (gmm-init-model[5.5.1008~1-0be61]:InitAmGmm():gmm-init-model.cc:83) Very small count for state 1447: 83; corresponding phone list: 318 319 320 321 
LOG (gmm-init-model[5.5.1008~1-0be61]:main():gmm-init-model.cc:306) Wrote model.
# Accounting: time=1 threads=1
# Ended (code 0) at Fri Mar  4 16:37:42 CST 2022, elapsed time 1 seconds
