# gmm-est --mix-up=19300 --power=0.25 --write-occs=/root/data/mys/data/exp/tri/26.occs /root/data/mys/data/exp/tri/25.mdl "gmm-sum-accs - /root/data/mys/data/exp/tri/25.*.acc |" /root/data/mys/data/exp/tri/26.mdl 
# Started at Fri Mar  4 16:39:37 CST 2022
#
gmm-est --mix-up=19300 --power=0.25 --write-occs=/root/data/mys/data/exp/tri/26.occs /root/data/mys/data/exp/tri/25.mdl 'gmm-sum-accs - /root/data/mys/data/exp/tri/25.*.acc |' /root/data/mys/data/exp/tri/26.mdl 
gmm-sum-accs - /root/data/mys/data/exp/tri/25.1.acc 
LOG (gmm-sum-accs[5.5.1008~1-0be61]:main():gmm-sum-accs.cc:63) Summed 1 stats, total count 434641, avg like/frame -83.1391
LOG (gmm-sum-accs[5.5.1008~1-0be61]:main():gmm-sum-accs.cc:66) Total count of stats is 434641
LOG (gmm-sum-accs[5.5.1008~1-0be61]:main():gmm-sum-accs.cc:67) Written stats to -
LOG (gmm-est[5.5.1008~1-0be61]:MleUpdate():transition-model.cc:528) TransitionModel::Update, objf change is 7.95385e-12 per frame over 434641 frames. 
LOG (gmm-est[5.5.1008~1-0be61]:MleUpdate():transition-model.cc:531) 70 probabilities floored, 3580 out of 6363 transition-states skipped due to insuffient data (it is normal to have some skipped.)
LOG (gmm-est[5.5.1008~1-0be61]:main():gmm-est.cc:102) Transition model update: Overall 7.95385e-12 log-like improvement per frame over 434641 frames.
WARNING (gmm-est[5.5.1008~1-0be61]:MleDiagGmmUpdate():mle-diag-gmm.cc:365) Gaussian has too little data but not removing it because it is the last Gaussian: i = 0, occ = 0, weight = 1
WARNING (gmm-est[5.5.1008~1-0be61]:MleDiagGmmUpdate():mle-diag-gmm.cc:365) Gaussian has too little data but not removing it because it is the last Gaussian: i = 0, occ = 8, weight = 1
WARNING (gmm-est[5.5.1008~1-0be61]:MleDiagGmmUpdate():mle-diag-gmm.cc:365) Gaussian has too little data but not removing it because it is the last Gaussian: i = 0, occ = 0, weight = 1
WARNING (gmm-est[5.5.1008~1-0be61]:MleDiagGmmUpdate():mle-diag-gmm.cc:365) Gaussian has too little data but not removing it because it is the last Gaussian: i = 0, occ = 0, weight = 1
WARNING (gmm-est[5.5.1008~1-0be61]:MleDiagGmmUpdate():mle-diag-gmm.cc:365) Gaussian has too little data but not removing it because it is the last Gaussian: i = 0, occ = 0, weight = 1
WARNING (gmm-est[5.5.1008~1-0be61]:MleDiagGmmUpdate():mle-diag-gmm.cc:365) Gaussian has too little data but not removing it because it is the last Gaussian: i = 0, occ = 0, weight = 1
WARNING (gmm-est[5.5.1008~1-0be61]:MleDiagGmmUpdate():mle-diag-gmm.cc:365) Gaussian has too little data but not removing it because it is the last Gaussian: i = 0, occ = 0, weight = 1
WARNING (gmm-est[5.5.1008~1-0be61]:MleDiagGmmUpdate():mle-diag-gmm.cc:365) Gaussian has too little data but not removing it because it is the last Gaussian: i = 0, occ = 0, weight = 1
WARNING (gmm-est[5.5.1008~1-0be61]:MleDiagGmmUpdate():mle-diag-gmm.cc:365) Gaussian has too little data but not removing it because it is the last Gaussian: i = 0, occ = 0, weight = 1
WARNING (gmm-est[5.5.1008~1-0be61]:MleDiagGmmUpdate():mle-diag-gmm.cc:365) Gaussian has too little data but not removing it because it is the last Gaussian: i = 0, occ = 0, weight = 1
WARNING (gmm-est[5.5.1008~1-0be61]:MleDiagGmmUpdate():mle-diag-gmm.cc:365) Gaussian has too little data but not removing it because it is the last Gaussian: i = 0, occ = 0, weight = 1
WARNING (gmm-est[5.5.1008~1-0be61]:MleDiagGmmUpdate():mle-diag-gmm.cc:365) Gaussian has too little data but not removing it because it is the last Gaussian: i = 0, occ = 0, weight = 1
WARNING (gmm-est[5.5.1008~1-0be61]:MleDiagGmmUpdate():mle-diag-gmm.cc:365) Gaussian has too little data but not removing it because it is the last Gaussian: i = 0, occ = 0, weight = 1
WARNING (gmm-est[5.5.1008~1-0be61]:MleDiagGmmUpdate():mle-diag-gmm.cc:365) Gaussian has too little data but not removing it because it is the last Gaussian: i = 0, occ = 0, weight = 1
WARNING (gmm-est[5.5.1008~1-0be61]:MleDiagGmmUpdate():mle-diag-gmm.cc:365) Gaussian has too little data but not removing it because it is the last Gaussian: i = 0, occ = 0, weight = 1
WARNING (gmm-est[5.5.1008~1-0be61]:MleDiagGmmUpdate():mle-diag-gmm.cc:365) Gaussian has too little data but not removing it because it is the last Gaussian: i = 0, occ = 0, weight = 1
WARNING (gmm-est[5.5.1008~1-0be61]:MleDiagGmmUpdate():mle-diag-gmm.cc:365) Gaussian has too little data but not removing it because it is the last Gaussian: i = 0, occ = 0, weight = 1
WARNING (gmm-est[5.5.1008~1-0be61]:MleDiagGmmUpdate():mle-diag-gmm.cc:365) Gaussian has too little data but not removing it because it is the last Gaussian: i = 0, occ = 0, weight = 1
WARNING (gmm-est[5.5.1008~1-0be61]:MleDiagGmmUpdate():mle-diag-gmm.cc:365) Gaussian has too little data but not removing it because it is the last Gaussian: i = 0, occ = 0, weight = 1
WARNING (gmm-est[5.5.1008~1-0be61]:MleDiagGmmUpdate():mle-diag-gmm.cc:365) Gaussian has too little data but not removing it because it is the last Gaussian: i = 0, occ = 0, weight = 1
WARNING (gmm-est[5.5.1008~1-0be61]:MleDiagGmmUpdate():mle-diag-gmm.cc:365) Gaussian has too little data but not removing it because it is the last Gaussian: i = 0, occ = 0, weight = 1
WARNING (gmm-est[5.5.1008~1-0be61]:MleDiagGmmUpdate():mle-diag-gmm.cc:365) Gaussian has too little data but not removing it because it is the last Gaussian: i = 0, occ = 0, weight = 1
WARNING (gmm-est[5.5.1008~1-0be61]:MleDiagGmmUpdate():mle-diag-gmm.cc:365) Gaussian has too little data but not removing it because it is the last Gaussian: i = 0, occ = 0, weight = 1
WARNING (gmm-est[5.5.1008~1-0be61]:MleDiagGmmUpdate():mle-diag-gmm.cc:365) Gaussian has too little data but not removing it because it is the last Gaussian: i = 0, occ = 0, weight = 1
WARNING (gmm-est[5.5.1008~1-0be61]:MleDiagGmmUpdate():mle-diag-gmm.cc:365) Gaussian has too little data but not removing it because it is the last Gaussian: i = 0, occ = 0, weight = 1
WARNING (gmm-est[5.5.1008~1-0be61]:MleDiagGmmUpdate():mle-diag-gmm.cc:365) Gaussian has too little data but not removing it because it is the last Gaussian: i = 0, occ = 0, weight = 1
WARNING (gmm-est[5.5.1008~1-0be61]:MleDiagGmmUpdate():mle-diag-gmm.cc:365) Gaussian has too little data but not removing it because it is the last Gaussian: i = 0, occ = 3, weight = 1
WARNING (gmm-est[5.5.1008~1-0be61]:MleDiagGmmUpdate():mle-diag-gmm.cc:365) Gaussian has too little data but not removing it because it is the last Gaussian: i = 0, occ = 0, weight = 1
WARNING (gmm-est[5.5.1008~1-0be61]:MleDiagGmmUpdate():mle-diag-gmm.cc:365) Gaussian has too little data but not removing it because it is the last Gaussian: i = 0, occ = 0, weight = 1
WARNING (gmm-est[5.5.1008~1-0be61]:MleDiagGmmUpdate():mle-diag-gmm.cc:365) Gaussian has too little data but not removing it because it is the last Gaussian: i = 0, occ = 0, weight = 1
WARNING (gmm-est[5.5.1008~1-0be61]:MleDiagGmmUpdate():mle-diag-gmm.cc:365) Gaussian has too little data but not removing it because it is the last Gaussian: i = 0, occ = 0, weight = 1
WARNING (gmm-est[5.5.1008~1-0be61]:MleDiagGmmUpdate():mle-diag-gmm.cc:365) Gaussian has too little data but not removing it because it is the last Gaussian: i = 0, occ = 0, weight = 1
WARNING (gmm-est[5.5.1008~1-0be61]:MleDiagGmmUpdate():mle-diag-gmm.cc:365) Gaussian has too little data but not removing it because it is the last Gaussian: i = 0, occ = 3, weight = 1
WARNING (gmm-est[5.5.1008~1-0be61]:MleDiagGmmUpdate():mle-diag-gmm.cc:365) Gaussian has too little data but not removing it because it is the last Gaussian: i = 0, occ = 7, weight = 1
WARNING (gmm-est[5.5.1008~1-0be61]:MleDiagGmmUpdate():mle-diag-gmm.cc:365) Gaussian has too little data but not removing it because it is the last Gaussian: i = 0, occ = 0, weight = 1
WARNING (gmm-est[5.5.1008~1-0be61]:MleDiagGmmUpdate():mle-diag-gmm.cc:365) Gaussian has too little data but not removing it because it is the last Gaussian: i = 0, occ = 0, weight = 1
WARNING (gmm-est[5.5.1008~1-0be61]:MleDiagGmmUpdate():mle-diag-gmm.cc:365) Gaussian has too little data but not removing it because it is the last Gaussian: i = 0, occ = 0, weight = 1
WARNING (gmm-est[5.5.1008~1-0be61]:MleDiagGmmUpdate():mle-diag-gmm.cc:365) Gaussian has too little data but not removing it because it is the last Gaussian: i = 0, occ = 7, weight = 1
WARNING (gmm-est[5.5.1008~1-0be61]:MleDiagGmmUpdate():mle-diag-gmm.cc:365) Gaussian has too little data but not removing it because it is the last Gaussian: i = 0, occ = 0, weight = 1
WARNING (gmm-est[5.5.1008~1-0be61]:MleDiagGmmUpdate():mle-diag-gmm.cc:365) Gaussian has too little data but not removing it because it is the last Gaussian: i = 0, occ = 0, weight = 1
WARNING (gmm-est[5.5.1008~1-0be61]:MleDiagGmmUpdate():mle-diag-gmm.cc:365) Gaussian has too little data but not removing it because it is the last Gaussian: i = 0, occ = 0, weight = 1
WARNING (gmm-est[5.5.1008~1-0be61]:MleDiagGmmUpdate():mle-diag-gmm.cc:365) Gaussian has too little data but not removing it because it is the last Gaussian: i = 0, occ = 0, weight = 1
WARNING (gmm-est[5.5.1008~1-0be61]:MleDiagGmmUpdate():mle-diag-gmm.cc:359) Too little data - removing Gaussian (weight 0.006066, occupation count 9.068538, vector size 39)
WARNING (gmm-est[5.5.1008~1-0be61]:MleDiagGmmUpdate():mle-diag-gmm.cc:359) Too little data - removing Gaussian (weight 0.004527, occupation count 9.999767, vector size 39)
WARNING (gmm-est[5.5.1008~1-0be61]:MleDiagGmmUpdate():mle-diag-gmm.cc:359) Too little data - removing Gaussian (weight 0.000770, occupation count 9.923785, vector size 39)
WARNING (gmm-est[5.5.1008~1-0be61]:MleDiagGmmUpdate():mle-diag-gmm.cc:359) Too little data - removing Gaussian (weight 0.000686, occupation count 8.844188, vector size 39)
WARNING (gmm-est[5.5.1008~1-0be61]:MleDiagGmmUpdate():mle-diag-gmm.cc:359) Too little data - removing Gaussian (weight 0.000548, occupation count 7.066741, vector size 39)
WARNING (gmm-est[5.5.1008~1-0be61]:MleDiagGmmUpdate():mle-diag-gmm.cc:359) Too little data - removing Gaussian (weight 0.000679, occupation count 8.744020, vector size 39)
WARNING (gmm-est[5.5.1008~1-0be61]:MleDiagGmmUpdate():mle-diag-gmm.cc:359) Too little data - removing Gaussian (weight 0.067106, occupation count 9.998790, vector size 39)
WARNING (gmm-est[5.5.1008~1-0be61]:MleDiagGmmUpdate():mle-diag-gmm.cc:365) Gaussian has too little data but not removing it because it is the last Gaussian: i = 0, occ = 0, weight = 1
WARNING (gmm-est[5.5.1008~1-0be61]:MleDiagGmmUpdate():mle-diag-gmm.cc:359) Too little data - removing Gaussian (weight 0.019559, occupation count 9.486251, vector size 39)
WARNING (gmm-est[5.5.1008~1-0be61]:MleDiagGmmUpdate():mle-diag-gmm.cc:359) Too little data - removing Gaussian (weight 0.025002, occupation count 9.725600, vector size 39)
WARNING (gmm-est[5.5.1008~1-0be61]:MleDiagGmmUpdate():mle-diag-gmm.cc:359) Too little data - removing Gaussian (weight 0.020943, occupation count 9.759366, vector size 39)
WARNING (gmm-est[5.5.1008~1-0be61]:MleDiagGmmUpdate():mle-diag-gmm.cc:359) Too little data - removing Gaussian (weight 0.010885, occupation count 9.981730, vector size 39)
WARNING (gmm-est[5.5.1008~1-0be61]:MleDiagGmmUpdate():mle-diag-gmm.cc:359) Too little data - removing Gaussian (weight 0.012390, occupation count 9.998517, vector size 39)
WARNING (gmm-est[5.5.1008~1-0be61]:MleDiagGmmUpdate():mle-diag-gmm.cc:359) Too little data - removing Gaussian (weight 0.016055, occupation count 9.793441, vector size 39)
WARNING (gmm-est[5.5.1008~1-0be61]:MleDiagGmmUpdate():mle-diag-gmm.cc:359) Too little data - removing Gaussian (weight 0.009006, occupation count 9.843325, vector size 39)
WARNING (gmm-est[5.5.1008~1-0be61]:MleDiagGmmUpdate():mle-diag-gmm.cc:359) Too little data - removing Gaussian (weight 0.014029, occupation count 9.848353, vector size 39)
WARNING (gmm-est[5.5.1008~1-0be61]:MleDiagGmmUpdate():mle-diag-gmm.cc:359) Too little data - removing Gaussian (weight 0.016730, occupation count 9.970877, vector size 39)
WARNING (gmm-est[5.5.1008~1-0be61]:MleDiagGmmUpdate():mle-diag-gmm.cc:359) Too little data - removing Gaussian (weight 0.000557, occupation count 9.922235, vector size 39)
WARNING (gmm-est[5.5.1008~1-0be61]:MleDiagGmmUpdate():mle-diag-gmm.cc:359) Too little data - removing Gaussian (weight 0.058821, occupation count 9.999557, vector size 39)
WARNING (gmm-est[5.5.1008~1-0be61]:MleDiagGmmUpdate():mle-diag-gmm.cc:359) Too little data - removing Gaussian (weight 0.010982, occupation count 9.641762, vector size 39)
LOG (gmm-est[5.5.1008~1-0be61]:MleAmDiagGmmUpdate():mle-am-diag-gmm.cc:225) 0 variance elements floored in 0 Gaussians, out of 18648
LOG (gmm-est[5.5.1008~1-0be61]:MleAmDiagGmmUpdate():mle-am-diag-gmm.cc:229) Removed 19 Gaussians due to counts < --min-gaussian-occupancy=10 and --remove-low-count-gaussians=true
LOG (gmm-est[5.5.1008~1-0be61]:main():gmm-est.cc:113) GMM update: Overall 0.119296 objective function improvement per frame over 434641 frames
LOG (gmm-est[5.5.1008~1-0be61]:main():gmm-est.cc:116) GMM update: Overall avg like per frame = -83.1391 over 434641 frames.
LOG (gmm-est[5.5.1008~1-0be61]:SplitByCount():am-diag-gmm.cc:116) Split 1448 states with target = 19300, power = 0.25, perturb_factor = 0.01 and min_count = 20, split #Gauss from 18648 to 19367
LOG (gmm-est[5.5.1008~1-0be61]:main():gmm-est.cc:146) Written model to /root/data/mys/data/exp/tri/26.mdl
# Accounting: time=1 threads=1
# Ended (code 0) at Fri Mar  4 16:39:38 CST 2022, elapsed time 1 seconds
