# gmm-est --mix-up=17900 --power=0.25 --write-occs=/root/data/mys/data/exp/tri/24.occs /root/data/mys/data/exp/tri/23.mdl "gmm-sum-accs - /root/data/mys/data/exp/tri/23.*.acc |" /root/data/mys/data/exp/tri/24.mdl 
# Started at Fri Mar  4 16:39:12 CST 2022
#
gmm-est --mix-up=17900 --power=0.25 --write-occs=/root/data/mys/data/exp/tri/24.occs /root/data/mys/data/exp/tri/23.mdl 'gmm-sum-accs - /root/data/mys/data/exp/tri/23.*.acc |' /root/data/mys/data/exp/tri/24.mdl 
gmm-sum-accs - /root/data/mys/data/exp/tri/23.1.acc 
LOG (gmm-sum-accs[5.5.1008~1-0be61]:main():gmm-sum-accs.cc:63) Summed 1 stats, total count 434641, avg like/frame -83.5604
LOG (gmm-sum-accs[5.5.1008~1-0be61]:main():gmm-sum-accs.cc:66) Total count of stats is 434641
LOG (gmm-sum-accs[5.5.1008~1-0be61]:main():gmm-sum-accs.cc:67) Written stats to -
LOG (gmm-est[5.5.1008~1-0be61]:MleUpdate():transition-model.cc:528) TransitionModel::Update, objf change is 7.95385e-12 per frame over 434641 frames. 
LOG (gmm-est[5.5.1008~1-0be61]:MleUpdate():transition-model.cc:531) 70 probabilities floored, 3580 out of 6363 transition-states skipped due to insuffient data (it is normal to have some skipped.)
LOG (gmm-est[5.5.1008~1-0be61]:main():gmm-est.cc:102) Transition model update: Overall 7.95385e-12 log-like improvement per frame over 434641 frames.
WARNING (gmm-est[5.5.1008~1-0be61]:MleDiagGmmUpdate():mle-diag-gmm.cc:365) Gaussian has too little data but not removing it because it is the last Gaussian: i = 0, occ = 0, weight = 1
WARNING (gmm-est[5.5.1008~1-0be61]:MleDiagGmmUpdate():mle-diag-gmm.cc:365) Gaussian has too little data but not removing it because it is the last Gaussian: i = 0, occ = 8, weight = 1
WARNING (gmm-est[5.5.1008~1-0be61]:MleDiagGmmUpdate():mle-diag-gmm.cc:365) Gaussian has too little data but not removing it because it is the last Gaussian: i = 0, occ = 0, weight = 1
WARNING (gmm-est[5.5.1008~1-0be61]:MleDiagGmmUpdate():mle-diag-gmm.cc:365) Gaussian has too little data but not removing it because it is the last Gaussian: i = 0, occ = 0, weight = 1
WARNING (gmm-est[5.5.1008~1-0be61]:MleDiagGmmUpdate():mle-diag-gmm.cc:365) Gaussian has too little data but not removing it because it is the last Gaussian: i = 0, occ = 0, weight = 1
WARNING (gmm-est[5.5.1008~1-0be61]:MleDiagGmmUpdate():mle-diag-gmm.cc:365) Gaussian has too little data but not removing it because it is the last Gaussian: i = 0, occ = 0, weight = 1
WARNING (gmm-est[5.5.1008~1-0be61]:MleDiagGmmUpdate():mle-diag-gmm.cc:365) Gaussian has too little data but not removing it because it is the last Gaussian: i = 0, occ = 0, weight = 1
WARNING (gmm-est[5.5.1008~1-0be61]:MleDiagGmmUpdate():mle-diag-gmm.cc:365) Gaussian has too little data but not removing it because it is the last Gaussian: i = 0, occ = 0, weight = 1
WARNING (gmm-est[5.5.1008~1-0be61]:MleDiagGmmUpdate():mle-diag-gmm.cc:365) Gaussian has too little data but not removing it because it is the last Gaussian: i = 0, occ = 0, weight = 1
WARNING (gmm-est[5.5.1008~1-0be61]:MleDiagGmmUpdate():mle-diag-gmm.cc:365) Gaussian has too little data but not removing it because it is the last Gaussian: i = 0, occ = 0, weight = 1
WARNING (gmm-est[5.5.1008~1-0be61]:MleDiagGmmUpdate():mle-diag-gmm.cc:365) Gaussian has too little data but not removing it because it is the last Gaussian: i = 0, occ = 0, weight = 1
WARNING (gmm-est[5.5.1008~1-0be61]:MleDiagGmmUpdate():mle-diag-gmm.cc:365) Gaussian has too little data but not removing it because it is the last Gaussian: i = 0, occ = 0, weight = 1
WARNING (gmm-est[5.5.1008~1-0be61]:MleDiagGmmUpdate():mle-diag-gmm.cc:365) Gaussian has too little data but not removing it because it is the last Gaussian: i = 0, occ = 0, weight = 1
WARNING (gmm-est[5.5.1008~1-0be61]:MleDiagGmmUpdate():mle-diag-gmm.cc:365) Gaussian has too little data but not removing it because it is the last Gaussian: i = 0, occ = 0, weight = 1
WARNING (gmm-est[5.5.1008~1-0be61]:MleDiagGmmUpdate():mle-diag-gmm.cc:365) Gaussian has too little data but not removing it because it is the last Gaussian: i = 0, occ = 0, weight = 1
WARNING (gmm-est[5.5.1008~1-0be61]:MleDiagGmmUpdate():mle-diag-gmm.cc:365) Gaussian has too little data but not removing it because it is the last Gaussian: i = 0, occ = 0, weight = 1
WARNING (gmm-est[5.5.1008~1-0be61]:MleDiagGmmUpdate():mle-diag-gmm.cc:365) Gaussian has too little data but not removing it because it is the last Gaussian: i = 0, occ = 0, weight = 1
WARNING (gmm-est[5.5.1008~1-0be61]:MleDiagGmmUpdate():mle-diag-gmm.cc:365) Gaussian has too little data but not removing it because it is the last Gaussian: i = 0, occ = 0, weight = 1
WARNING (gmm-est[5.5.1008~1-0be61]:MleDiagGmmUpdate():mle-diag-gmm.cc:365) Gaussian has too little data but not removing it because it is the last Gaussian: i = 0, occ = 0, weight = 1
WARNING (gmm-est[5.5.1008~1-0be61]:MleDiagGmmUpdate():mle-diag-gmm.cc:365) Gaussian has too little data but not removing it because it is the last Gaussian: i = 0, occ = 0, weight = 1
WARNING (gmm-est[5.5.1008~1-0be61]:MleDiagGmmUpdate():mle-diag-gmm.cc:365) Gaussian has too little data but not removing it because it is the last Gaussian: i = 0, occ = 0, weight = 1
WARNING (gmm-est[5.5.1008~1-0be61]:MleDiagGmmUpdate():mle-diag-gmm.cc:365) Gaussian has too little data but not removing it because it is the last Gaussian: i = 0, occ = 0, weight = 1
WARNING (gmm-est[5.5.1008~1-0be61]:MleDiagGmmUpdate():mle-diag-gmm.cc:365) Gaussian has too little data but not removing it because it is the last Gaussian: i = 0, occ = 0, weight = 1
WARNING (gmm-est[5.5.1008~1-0be61]:MleDiagGmmUpdate():mle-diag-gmm.cc:365) Gaussian has too little data but not removing it because it is the last Gaussian: i = 0, occ = 0, weight = 1
WARNING (gmm-est[5.5.1008~1-0be61]:MleDiagGmmUpdate():mle-diag-gmm.cc:365) Gaussian has too little data but not removing it because it is the last Gaussian: i = 0, occ = 0, weight = 1
WARNING (gmm-est[5.5.1008~1-0be61]:MleDiagGmmUpdate():mle-diag-gmm.cc:365) Gaussian has too little data but not removing it because it is the last Gaussian: i = 0, occ = 0, weight = 1
WARNING (gmm-est[5.5.1008~1-0be61]:MleDiagGmmUpdate():mle-diag-gmm.cc:365) Gaussian has too little data but not removing it because it is the last Gaussian: i = 0, occ = 3, weight = 1
WARNING (gmm-est[5.5.1008~1-0be61]:MleDiagGmmUpdate():mle-diag-gmm.cc:365) Gaussian has too little data but not removing it because it is the last Gaussian: i = 0, occ = 0, weight = 1
WARNING (gmm-est[5.5.1008~1-0be61]:MleDiagGmmUpdate():mle-diag-gmm.cc:365) Gaussian has too little data but not removing it because it is the last Gaussian: i = 0, occ = 0, weight = 1
WARNING (gmm-est[5.5.1008~1-0be61]:MleDiagGmmUpdate():mle-diag-gmm.cc:365) Gaussian has too little data but not removing it because it is the last Gaussian: i = 0, occ = 0, weight = 1
WARNING (gmm-est[5.5.1008~1-0be61]:MleDiagGmmUpdate():mle-diag-gmm.cc:365) Gaussian has too little data but not removing it because it is the last Gaussian: i = 0, occ = 0, weight = 1
WARNING (gmm-est[5.5.1008~1-0be61]:MleDiagGmmUpdate():mle-diag-gmm.cc:365) Gaussian has too little data but not removing it because it is the last Gaussian: i = 0, occ = 0, weight = 1
WARNING (gmm-est[5.5.1008~1-0be61]:MleDiagGmmUpdate():mle-diag-gmm.cc:365) Gaussian has too little data but not removing it because it is the last Gaussian: i = 0, occ = 3, weight = 1
WARNING (gmm-est[5.5.1008~1-0be61]:MleDiagGmmUpdate():mle-diag-gmm.cc:359) Too little data - removing Gaussian (weight 0.033429, occupation count 9.928386, vector size 39)
WARNING (gmm-est[5.5.1008~1-0be61]:MleDiagGmmUpdate():mle-diag-gmm.cc:365) Gaussian has too little data but not removing it because it is the last Gaussian: i = 0, occ = 7, weight = 1
WARNING (gmm-est[5.5.1008~1-0be61]:MleDiagGmmUpdate():mle-diag-gmm.cc:365) Gaussian has too little data but not removing it because it is the last Gaussian: i = 0, occ = 0, weight = 1
WARNING (gmm-est[5.5.1008~1-0be61]:MleDiagGmmUpdate():mle-diag-gmm.cc:365) Gaussian has too little data but not removing it because it is the last Gaussian: i = 0, occ = 0, weight = 1
WARNING (gmm-est[5.5.1008~1-0be61]:MleDiagGmmUpdate():mle-diag-gmm.cc:365) Gaussian has too little data but not removing it because it is the last Gaussian: i = 0, occ = 0, weight = 1
WARNING (gmm-est[5.5.1008~1-0be61]:MleDiagGmmUpdate():mle-diag-gmm.cc:365) Gaussian has too little data but not removing it because it is the last Gaussian: i = 0, occ = 7, weight = 1
WARNING (gmm-est[5.5.1008~1-0be61]:MleDiagGmmUpdate():mle-diag-gmm.cc:365) Gaussian has too little data but not removing it because it is the last Gaussian: i = 0, occ = 0, weight = 1
WARNING (gmm-est[5.5.1008~1-0be61]:MleDiagGmmUpdate():mle-diag-gmm.cc:365) Gaussian has too little data but not removing it because it is the last Gaussian: i = 0, occ = 0, weight = 1
WARNING (gmm-est[5.5.1008~1-0be61]:MleDiagGmmUpdate():mle-diag-gmm.cc:365) Gaussian has too little data but not removing it because it is the last Gaussian: i = 0, occ = 0, weight = 1
WARNING (gmm-est[5.5.1008~1-0be61]:MleDiagGmmUpdate():mle-diag-gmm.cc:365) Gaussian has too little data but not removing it because it is the last Gaussian: i = 0, occ = 0, weight = 1
WARNING (gmm-est[5.5.1008~1-0be61]:MleDiagGmmUpdate():mle-diag-gmm.cc:359) Too little data - removing Gaussian (weight 0.069369, occupation count 9.989161, vector size 39)
WARNING (gmm-est[5.5.1008~1-0be61]:MleDiagGmmUpdate():mle-diag-gmm.cc:359) Too little data - removing Gaussian (weight 0.024085, occupation count 9.971163, vector size 39)
WARNING (gmm-est[5.5.1008~1-0be61]:MleDiagGmmUpdate():mle-diag-gmm.cc:365) Gaussian has too little data but not removing it because it is the last Gaussian: i = 0, occ = 0, weight = 1
WARNING (gmm-est[5.5.1008~1-0be61]:MleDiagGmmUpdate():mle-diag-gmm.cc:359) Too little data - removing Gaussian (weight 0.018624, occupation count 9.032689, vector size 39)
WARNING (gmm-est[5.5.1008~1-0be61]:MleDiagGmmUpdate():mle-diag-gmm.cc:359) Too little data - removing Gaussian (weight 0.021903, occupation count 9.396213, vector size 39)
WARNING (gmm-est[5.5.1008~1-0be61]:MleDiagGmmUpdate():mle-diag-gmm.cc:359) Too little data - removing Gaussian (weight 0.028862, occupation count 9.986377, vector size 39)
WARNING (gmm-est[5.5.1008~1-0be61]:MleDiagGmmUpdate():mle-diag-gmm.cc:359) Too little data - removing Gaussian (weight 0.014919, occupation count 9.876211, vector size 39)
WARNING (gmm-est[5.5.1008~1-0be61]:MleDiagGmmUpdate():mle-diag-gmm.cc:359) Too little data - removing Gaussian (weight 0.014784, occupation count 9.994139, vector size 39)
WARNING (gmm-est[5.5.1008~1-0be61]:MleDiagGmmUpdate():mle-diag-gmm.cc:359) Too little data - removing Gaussian (weight 0.013547, occupation count 9.740601, vector size 39)
WARNING (gmm-est[5.5.1008~1-0be61]:MleDiagGmmUpdate():mle-diag-gmm.cc:359) Too little data - removing Gaussian (weight 0.051952, occupation count 9.818949, vector size 39)
WARNING (gmm-est[5.5.1008~1-0be61]:MleDiagGmmUpdate():mle-diag-gmm.cc:359) Too little data - removing Gaussian (weight 0.014192, occupation count 9.480396, vector size 39)
WARNING (gmm-est[5.5.1008~1-0be61]:MleDiagGmmUpdate():mle-diag-gmm.cc:359) Too little data - removing Gaussian (weight 0.010305, occupation count 9.975692, vector size 39)
WARNING (gmm-est[5.5.1008~1-0be61]:MleDiagGmmUpdate():mle-diag-gmm.cc:359) Too little data - removing Gaussian (weight 0.008157, occupation count 9.348138, vector size 39)
WARNING (gmm-est[5.5.1008~1-0be61]:MleDiagGmmUpdate():mle-diag-gmm.cc:359) Too little data - removing Gaussian (weight 0.025086, occupation count 9.984374, vector size 39)
LOG (gmm-est[5.5.1008~1-0be61]:MleAmDiagGmmUpdate():mle-am-diag-gmm.cc:225) 0 variance elements floored in 0 Gaussians, out of 17258
LOG (gmm-est[5.5.1008~1-0be61]:MleAmDiagGmmUpdate():mle-am-diag-gmm.cc:229) Removed 14 Gaussians due to counts < --min-gaussian-occupancy=10 and --remove-low-count-gaussians=true
LOG (gmm-est[5.5.1008~1-0be61]:main():gmm-est.cc:113) GMM update: Overall 0.121565 objective function improvement per frame over 434641 frames
LOG (gmm-est[5.5.1008~1-0be61]:main():gmm-est.cc:116) GMM update: Overall avg like per frame = -83.5604 over 434641 frames.
LOG (gmm-est[5.5.1008~1-0be61]:SplitByCount():am-diag-gmm.cc:116) Split 1448 states with target = 17900, power = 0.25, perturb_factor = 0.01 and min_count = 20, split #Gauss from 17258 to 17971
LOG (gmm-est[5.5.1008~1-0be61]:main():gmm-est.cc:146) Written model to /root/data/mys/data/exp/tri/24.mdl
# Accounting: time=1 threads=1
# Ended (code 0) at Fri Mar  4 16:39:13 CST 2022, elapsed time 1 seconds
